[2024-06-17 01:12:37.037][INFO ][org.hibernate.validator.internal.util.Version][background-preinit][21]HV000001: Hibernate Validator 6.0.13.Final
[2024-06-17 01:12:37.037][INFO ][org.springframework.boot.StartupInfoLogger][restartedMain][55]Starting Batch7Application using Java 17.0.11 on irfiyanda-X550IU with PID 18071 (/home/irfiyanda/Documents/synrgy-BEJ/challenge5/target/classes started by irfiyanda in /home/irfiyanda/Documents/synrgy-BEJ/challenge5)
[2024-06-17 01:12:37.037][INFO ][org.springframework.boot.SpringApplication][restartedMain][631]No active profile set, falling back to 1 default profile: "default"
[2024-06-17 01:12:37.037][INFO ][org.springframework.boot.logging.DeferredLog][restartedMain][255]Devtools property defaults active! Set 'spring.devtools.add-properties' to 'false' to disable
[2024-06-17 01:12:37.037][INFO ][org.springframework.boot.logging.DeferredLog][restartedMain][255]For additional web related logging consider setting the 'logging.level.web' property to 'DEBUG'
[2024-06-17 01:12:41.041][INFO ][org.springframework.data.repository.config.RepositoryConfigurationDelegate][restartedMain][132]Bootstrapping Spring Data JPA repositories in DEFAULT mode.
[2024-06-17 01:12:41.041][INFO ][org.springframework.data.repository.config.RepositoryConfigurationDelegate][restartedMain][201]Finished Spring Data repository scanning in 269 ms. Found 9 JPA repository interfaces.
[2024-06-17 01:12:46.046][INFO ][org.springframework.boot.web.embedded.tomcat.TomcatWebServer][restartedMain][108]Tomcat initialized with port(s): 8083 (http)
[2024-06-17 01:12:46.046][INFO ][org.apache.juli.logging.DirectJDKLog][restartedMain][173]Initializing ProtocolHandler ["http-nio-8083"]
[2024-06-17 01:12:46.046][INFO ][org.apache.juli.logging.DirectJDKLog][restartedMain][173]Starting service [Tomcat]
[2024-06-17 01:12:46.046][INFO ][org.apache.juli.logging.DirectJDKLog][restartedMain][173]Starting Servlet engine: [Apache Tomcat/9.0.78]
[2024-06-17 01:12:47.047][INFO ][org.apache.juli.logging.DirectJDKLog][restartedMain][173]Initializing Spring embedded WebApplicationContext
[2024-06-17 01:12:47.047][INFO ][org.springframework.boot.web.servlet.context.ServletWebServerApplicationContext][restartedMain][292]Root WebApplicationContext: initialization completed in 9119 ms
[2024-06-17 01:12:47.047][INFO ][org.hibernate.jpa.internal.util.LogHelper][restartedMain][31]HHH000204: Processing PersistenceUnitInfo [name: default]
[2024-06-17 01:12:48.048][INFO ][org.hibernate.Version][restartedMain][44]HHH000412: Hibernate ORM core version 5.6.15.Final
[2024-06-17 01:12:48.048][INFO ][org.hibernate.annotations.common.reflection.java.JavaReflectionManager][restartedMain][56]HCANN000001: Hibernate Commons Annotations {5.1.2.Final}
[2024-06-17 01:12:48.048][INFO ][com.zaxxer.hikari.HikariDataSource][restartedMain][110]HikariPool-1 - Starting...
[2024-06-17 01:12:49.049][INFO ][com.zaxxer.hikari.HikariDataSource][restartedMain][123]HikariPool-1 - Start completed.
[2024-06-17 01:12:50.050][INFO ][org.hibernate.dialect.Dialect][restartedMain][175]HHH000400: Using dialect: org.hibernate.dialect.PostgreSQL10Dialect
[2024-06-17 01:12:58.058][INFO ][org.hibernate.engine.transaction.jta.platform.internal.JtaPlatformInitiator][restartedMain][52]HHH000490: Using JtaPlatform implementation: [org.hibernate.engine.transaction.jta.platform.internal.NoJtaPlatform]
[2024-06-17 01:12:59.059][INFO ][org.springframework.orm.jpa.AbstractEntityManagerFactoryBean][restartedMain][437]Initialized JPA EntityManagerFactory for persistence unit 'default'
[2024-06-17 01:13:03.003][WARN ][org.springframework.boot.autoconfigure.orm.jpa.JpaBaseConfiguration$JpaWebConfiguration][restartedMain][223]spring.jpa.open-in-view is enabled by default. Therefore, database queries may be performed during view rendering. Explicitly configure spring.jpa.open-in-view to disable this warning
[2024-06-17 01:13:03.003][WARN ][org.springframework.security.oauth2.provider.token.store.JwtAccessTokenConverter][restartedMain][306]Unable to create an RSA verifier from verifierKey (ignoreable if using MAC)
[2024-06-17 01:13:07.007][INFO ][org.springframework.security.web.DefaultSecurityFilterChain][restartedMain][55]Will secure Or [Ant [pattern='/oauth/token'], Ant [pattern='/oauth/token_key'], Ant [pattern='/oauth/check_token']] with [org.springframework.security.web.session.DisableEncodeUrlFilter@13e25699, org.springframework.security.web.context.request.async.WebAsyncManagerIntegrationFilter@6c2117e9, org.springframework.security.web.context.SecurityContextPersistenceFilter@584f1e11, org.springframework.security.web.header.HeaderWriterFilter@27e53494, org.springframework.security.web.authentication.logout.LogoutFilter@54dbfd1e, org.springframework.security.oauth2.provider.client.ClientCredentialsTokenEndpointFilter@326eebe2, org.springframework.security.web.authentication.www.BasicAuthenticationFilter@b6bded1, org.springframework.security.web.savedrequest.RequestCacheAwareFilter@62c9434c, org.springframework.security.web.servletapi.SecurityContextHolderAwareRequestFilter@1c5cbfb5, org.springframework.security.web.authentication.AnonymousAuthenticationFilter@73fa6ea6, org.springframework.security.web.session.SessionManagementFilter@2850cd52, org.springframework.security.web.access.ExceptionTranslationFilter@6a52208d, org.springframework.security.web.access.intercept.FilterSecurityInterceptor@4943fa10]
[2024-06-17 01:13:10.010][INFO ][org.springframework.security.web.DefaultSecurityFilterChain][restartedMain][55]Will secure Ant [pattern='/**'] with [org.springframework.security.web.session.DisableEncodeUrlFilter@67e4d440, org.springframework.security.web.context.request.async.WebAsyncManagerIntegrationFilter@10e41c8b, org.springframework.security.web.context.SecurityContextPersistenceFilter@6648bc8a, org.springframework.security.web.header.HeaderWriterFilter@50398b6b, org.springframework.web.filter.CorsFilter@509c071a, org.springframework.security.web.authentication.logout.LogoutFilter@342bf6b, org.springframework.security.oauth2.provider.authentication.OAuth2AuthenticationProcessingFilter@66ea165c, org.springframework.security.web.authentication.UsernamePasswordAuthenticationFilter@506a34c5, org.springframework.security.web.authentication.ui.DefaultLoginPageGeneratingFilter@6df8fa6a, org.springframework.security.web.authentication.ui.DefaultLogoutPageGeneratingFilter@5151ddd0, org.springframework.security.web.savedrequest.RequestCacheAwareFilter@55f3116f, org.springframework.security.web.servletapi.SecurityContextHolderAwareRequestFilter@490daa69, org.springframework.security.web.authentication.AnonymousAuthenticationFilter@1056456e, org.springframework.security.web.session.SessionManagementFilter@2210c83a, org.springframework.security.web.access.ExceptionTranslationFilter@13841195, org.springframework.security.web.access.intercept.FilterSecurityInterceptor@6a3541ac]
[2024-06-17 01:13:10.010][INFO ][org.springframework.security.web.DefaultSecurityFilterChain][restartedMain][55]Will secure any request with [org.springframework.security.web.session.DisableEncodeUrlFilter@fe4a421, org.springframework.security.web.context.request.async.WebAsyncManagerIntegrationFilter@5c78dc22, org.springframework.security.web.context.SecurityContextPersistenceFilter@6a714ba1, org.springframework.security.web.header.HeaderWriterFilter@422dc57d, org.springframework.security.web.csrf.CsrfFilter@5e0d3998, org.springframework.security.web.authentication.logout.LogoutFilter@78405b5a, org.springframework.security.web.authentication.UsernamePasswordAuthenticationFilter@546fc60d, org.springframework.security.web.authentication.ui.DefaultLoginPageGeneratingFilter@7c625ed9, org.springframework.security.web.authentication.ui.DefaultLogoutPageGeneratingFilter@760d360e, org.springframework.security.web.authentication.www.BasicAuthenticationFilter@260e0848, org.springframework.security.web.savedrequest.RequestCacheAwareFilter@36ea5c04, org.springframework.security.web.servletapi.SecurityContextHolderAwareRequestFilter@1ac06189, org.springframework.security.web.authentication.AnonymousAuthenticationFilter@20972ccf, org.springframework.security.web.session.SessionManagementFilter@5d076860, org.springframework.security.web.access.ExceptionTranslationFilter@b2aedb6, org.springframework.security.web.access.intercept.FilterSecurityInterceptor@18b97ec9]
[2024-06-17 01:13:12.012][INFO ][org.springframework.boot.devtools.autoconfigure.OptionalLiveReloadServer][restartedMain][59]LiveReload server is running on port 35729
[2024-06-17 01:13:12.012][INFO ][org.apache.kafka.common.config.AbstractConfig][restartedMain][347]ConsumerConfig values: 
	allow.auto.create.topics = true
	auto.commit.interval.ms = 5000
	auto.offset.reset = earliest
	bootstrap.servers = [localhost:9092]
	check.crcs = true
	client.dns.lookup = default
	client.id = 
	client.rack = 
	connections.max.idle.ms = 540000
	default.api.timeout.ms = 60000
	enable.auto.commit = false
	exclude.internal.topics = true
	fetch.max.bytes = 52428800
	fetch.max.wait.ms = 500
	fetch.min.bytes = 1
	group.id = my_group_id
	group.instance.id = null
	heartbeat.interval.ms = 3000
	interceptor.classes = []
	internal.leave.group.on.close = true
	isolation.level = read_uncommitted
	key.deserializer = class org.apache.kafka.common.serialization.StringDeserializer
	max.partition.fetch.bytes = 1048576
	max.poll.interval.ms = 300000
	max.poll.records = 500
	metadata.max.age.ms = 300000
	metric.reporters = []
	metrics.num.samples = 2
	metrics.recording.level = INFO
	metrics.sample.window.ms = 30000
	partition.assignment.strategy = [class org.apache.kafka.clients.consumer.RangeAssignor]
	receive.buffer.bytes = 65536
	reconnect.backoff.max.ms = 1000
	reconnect.backoff.ms = 50
	request.timeout.ms = 30000
	retry.backoff.ms = 100
	sasl.client.callback.handler.class = null
	sasl.jaas.config = null
	sasl.kerberos.kinit.cmd = /usr/bin/kinit
	sasl.kerberos.min.time.before.relogin = 60000
	sasl.kerberos.service.name = null
	sasl.kerberos.ticket.renew.jitter = 0.05
	sasl.kerberos.ticket.renew.window.factor = 0.8
	sasl.login.callback.handler.class = null
	sasl.login.class = null
	sasl.login.refresh.buffer.seconds = 300
	sasl.login.refresh.min.period.seconds = 60
	sasl.login.refresh.window.factor = 0.8
	sasl.login.refresh.window.jitter = 0.05
	sasl.mechanism = GSSAPI
	security.protocol = PLAINTEXT
	security.providers = null
	send.buffer.bytes = 131072
	session.timeout.ms = 10000
	ssl.cipher.suites = null
	ssl.enabled.protocols = [TLSv1.2]
	ssl.endpoint.identification.algorithm = https
	ssl.key.password = null
	ssl.keymanager.algorithm = SunX509
	ssl.keystore.location = null
	ssl.keystore.password = null
	ssl.keystore.type = JKS
	ssl.protocol = TLSv1.2
	ssl.provider = null
	ssl.secure.random.implementation = null
	ssl.trustmanager.algorithm = PKIX
	ssl.truststore.location = null
	ssl.truststore.password = null
	ssl.truststore.type = JKS
	value.deserializer = class org.apache.kafka.common.serialization.StringDeserializer

[2024-06-17 01:13:13.013][INFO ][org.apache.kafka.common.utils.AppInfoParser$AppInfo][restartedMain][117]Kafka version: 2.5.0
[2024-06-17 01:13:13.013][INFO ][org.apache.kafka.common.utils.AppInfoParser$AppInfo][restartedMain][118]Kafka commitId: 66563e712b0b9f84
[2024-06-17 01:13:13.013][INFO ][org.apache.kafka.common.utils.AppInfoParser$AppInfo][restartedMain][119]Kafka startTimeMs: 1718561593924
[2024-06-17 01:13:13.013][INFO ][org.apache.kafka.clients.consumer.KafkaConsumer][restartedMain][974][Consumer clientId=consumer-my_group_id-1, groupId=my_group_id] Subscribed to topic(s): my_topic
[2024-06-17 01:13:14.014][INFO ][org.apache.juli.logging.DirectJDKLog][restartedMain][173]Starting ProtocolHandler ["http-nio-8083"]
[2024-06-17 01:13:14.014][INFO ][org.springframework.boot.web.embedded.tomcat.TomcatWebServer][restartedMain][220]Tomcat started on port(s): 8083 (http) with context path '/api'
[2024-06-17 01:13:14.014][INFO ][org.springframework.boot.StartupInfoLogger][restartedMain][61]Started Batch7Application in 39.172 seconds (JVM running for 41.626)
[2024-06-17 01:13:15.015][INFO ][org.apache.juli.logging.DirectJDKLog][http-nio-8083-exec-1][173]Initializing Spring DispatcherServlet 'dispatcherServlet'
[2024-06-17 01:13:15.015][INFO ][org.springframework.web.servlet.FrameworkServlet][http-nio-8083-exec-1][525]Initializing Servlet 'dispatcherServlet'
[2024-06-17 01:13:15.015][INFO ][org.springframework.web.servlet.FrameworkServlet][http-nio-8083-exec-1][547]Completed initialization in 11 ms
[2024-06-17 01:13:15.015][INFO ][org.apache.kafka.clients.Metadata][org.springframework.kafka.KafkaListenerEndpointContainer#0-0-C-1][280][Consumer clientId=consumer-my_group_id-1, groupId=my_group_id] Cluster ID: frU6mar8SZ67uk7opc5b6Q
[2024-06-17 01:13:15.015][INFO ][org.apache.kafka.clients.consumer.internals.AbstractCoordinator$FindCoordinatorResponseHandler][org.springframework.kafka.KafkaListenerEndpointContainer#0-0-C-1][797][Consumer clientId=consumer-my_group_id-1, groupId=my_group_id] Discovered group coordinator localhost:9092 (id: 2147483647 rack: null)
[2024-06-17 01:13:15.015][INFO ][org.apache.kafka.clients.consumer.internals.AbstractCoordinator][org.springframework.kafka.KafkaListenerEndpointContainer#0-0-C-1][552][Consumer clientId=consumer-my_group_id-1, groupId=my_group_id] (Re-)joining group
[2024-06-17 01:13:15.015][INFO ][org.apache.kafka.clients.consumer.internals.AbstractCoordinator][org.springframework.kafka.KafkaListenerEndpointContainer#0-0-C-1][455][Consumer clientId=consumer-my_group_id-1, groupId=my_group_id] Join group failed with org.apache.kafka.common.errors.MemberIdRequiredException: The group member needs to have a valid member id before actually entering a consumer group
[2024-06-17 01:13:15.015][INFO ][org.apache.kafka.clients.consumer.internals.AbstractCoordinator][org.springframework.kafka.KafkaListenerEndpointContainer#0-0-C-1][552][Consumer clientId=consumer-my_group_id-1, groupId=my_group_id] (Re-)joining group
[2024-06-17 01:13:15.015][INFO ][org.apache.kafka.clients.consumer.internals.ConsumerCoordinator][org.springframework.kafka.KafkaListenerEndpointContainer#0-0-C-1][604][Consumer clientId=consumer-my_group_id-1, groupId=my_group_id] Finished assignment for group at generation 3: {consumer-my_group_id-1-ca3c76a6-997d-44d9-925f-1036e207c9c6=Assignment(partitions=[my_topic-0])}
[2024-06-17 01:13:15.015][INFO ][org.apache.kafka.clients.consumer.internals.AbstractCoordinator$2][org.springframework.kafka.KafkaListenerEndpointContainer#0-0-C-1][503][Consumer clientId=consumer-my_group_id-1, groupId=my_group_id] Successfully joined group with generation 3
[2024-06-17 01:13:15.015][INFO ][org.apache.kafka.clients.consumer.internals.ConsumerCoordinator][org.springframework.kafka.KafkaListenerEndpointContainer#0-0-C-1][273][Consumer clientId=consumer-my_group_id-1, groupId=my_group_id] Adding newly assigned partitions: my_topic-0
[2024-06-17 01:13:16.016][INFO ][org.apache.kafka.clients.consumer.internals.ConsumerCoordinator][org.springframework.kafka.KafkaListenerEndpointContainer#0-0-C-1][792][Consumer clientId=consumer-my_group_id-1, groupId=my_group_id] Setting offset for partition my_topic-0 to the committed offset FetchPosition{offset=3, offsetEpoch=Optional.empty, currentLeader=LeaderAndEpoch{leader=Optional[localhost:9092 (id: 0 rack: null)], epoch=0}}
[2024-06-17 01:13:16.016][INFO ][org.springframework.core.log.LogAccessor][org.springframework.kafka.KafkaListenerEndpointContainer#0-0-C-1][292]my_group_id: partitions assigned: [my_topic-0]
[2024-06-17 01:13:19.019][INFO ][com.example.batch7.Batch7Application][restartedMain][17]info logging level
[2024-06-17 01:13:19.019][ERROR][com.example.batch7.Batch7Application][restartedMain][18]eror logging level
[2024-06-17 01:13:19.019][WARN ][com.example.batch7.Batch7Application][restartedMain][19]warning logging level
[2024-06-17 01:13:19.019][ERROR][com.example.batch7.Batch7Application][restartedMain][22]Error processing request
[2024-06-17 01:24:10.010][INFO ][org.apache.kafka.clients.consumer.internals.ConsumerCoordinator][org.springframework.kafka.KafkaListenerEndpointContainer#0-0-C-1][292][Consumer clientId=consumer-my_group_id-1, groupId=my_group_id] Revoke previously assigned partitions my_topic-0
[2024-06-17 01:24:10.010][INFO ][org.springframework.core.log.LogAccessor][org.springframework.kafka.KafkaListenerEndpointContainer#0-0-C-1][292]my_group_id: partitions revoked: [my_topic-0]
[2024-06-17 01:24:10.010][INFO ][org.apache.kafka.clients.consumer.internals.AbstractCoordinator][org.springframework.kafka.KafkaListenerEndpointContainer#0-0-C-1][979][Consumer clientId=consumer-my_group_id-1, groupId=my_group_id] Member consumer-my_group_id-1-ca3c76a6-997d-44d9-925f-1036e207c9c6 sending LeaveGroup request to coordinator localhost:9092 (id: 2147483647 rack: null) due to the consumer unsubscribed from all topics
[2024-06-17 01:24:10.010][INFO ][org.apache.kafka.clients.consumer.KafkaConsumer][org.springframework.kafka.KafkaListenerEndpointContainer#0-0-C-1][1082][Consumer clientId=consumer-my_group_id-1, groupId=my_group_id] Unsubscribed all topics or patterns and assigned partitions
[2024-06-17 01:24:10.010][INFO ][org.springframework.core.log.LogAccessor][org.springframework.kafka.KafkaListenerEndpointContainer#0-0-C-1][292]my_group_id: Consumer stopped
[2024-06-17 01:24:10.010][INFO ][org.springframework.orm.jpa.AbstractEntityManagerFactoryBean][SpringApplicationShutdownHook][651]Closing JPA EntityManagerFactory for persistence unit 'default'
[2024-06-17 01:24:10.010][INFO ][com.zaxxer.hikari.HikariDataSource][SpringApplicationShutdownHook][350]HikariPool-1 - Shutdown initiated...
[2024-06-17 01:24:10.010][INFO ][com.zaxxer.hikari.HikariDataSource][SpringApplicationShutdownHook][352]HikariPool-1 - Shutdown completed.
[2024-06-17 01:24:26.026][INFO ][org.hibernate.validator.internal.util.Version][background-preinit][21]HV000001: Hibernate Validator 6.0.13.Final
[2024-06-17 01:24:26.026][INFO ][org.springframework.boot.StartupInfoLogger][restartedMain][55]Starting Batch7Application using Java 17.0.11 on irfiyanda-X550IU with PID 19455 (/home/irfiyanda/Documents/synrgy-BEJ/challenge5/target/classes started by irfiyanda in /home/irfiyanda/Documents/synrgy-BEJ/challenge5)
[2024-06-17 01:24:26.026][INFO ][org.springframework.boot.SpringApplication][restartedMain][631]No active profile set, falling back to 1 default profile: "default"
[2024-06-17 01:24:26.026][INFO ][org.springframework.boot.logging.DeferredLog][restartedMain][255]Devtools property defaults active! Set 'spring.devtools.add-properties' to 'false' to disable
[2024-06-17 01:24:26.026][INFO ][org.springframework.boot.logging.DeferredLog][restartedMain][255]For additional web related logging consider setting the 'logging.level.web' property to 'DEBUG'
[2024-06-17 01:24:30.030][INFO ][org.springframework.data.repository.config.RepositoryConfigurationDelegate][restartedMain][132]Bootstrapping Spring Data JPA repositories in DEFAULT mode.
[2024-06-17 01:24:31.031][INFO ][org.springframework.data.repository.config.RepositoryConfigurationDelegate][restartedMain][201]Finished Spring Data repository scanning in 278 ms. Found 9 JPA repository interfaces.
[2024-06-17 01:24:34.034][INFO ][org.springframework.boot.web.embedded.tomcat.TomcatWebServer][restartedMain][108]Tomcat initialized with port(s): 8083 (http)
[2024-06-17 01:24:34.034][INFO ][org.apache.juli.logging.DirectJDKLog][restartedMain][173]Initializing ProtocolHandler ["http-nio-8083"]
[2024-06-17 01:24:34.034][INFO ][org.apache.juli.logging.DirectJDKLog][restartedMain][173]Starting service [Tomcat]
[2024-06-17 01:24:34.034][INFO ][org.apache.juli.logging.DirectJDKLog][restartedMain][173]Starting Servlet engine: [Apache Tomcat/9.0.78]
[2024-06-17 01:24:34.034][INFO ][org.apache.juli.logging.DirectJDKLog][restartedMain][173]Initializing Spring embedded WebApplicationContext
[2024-06-17 01:24:34.034][INFO ][org.springframework.boot.web.servlet.context.ServletWebServerApplicationContext][restartedMain][292]Root WebApplicationContext: initialization completed in 7835 ms
[2024-06-17 01:24:35.035][INFO ][org.hibernate.jpa.internal.util.LogHelper][restartedMain][31]HHH000204: Processing PersistenceUnitInfo [name: default]
[2024-06-17 01:24:35.035][INFO ][org.hibernate.Version][restartedMain][44]HHH000412: Hibernate ORM core version 5.6.15.Final
[2024-06-17 01:24:36.036][INFO ][org.hibernate.annotations.common.reflection.java.JavaReflectionManager][restartedMain][56]HCANN000001: Hibernate Commons Annotations {5.1.2.Final}
[2024-06-17 01:24:36.036][INFO ][com.zaxxer.hikari.HikariDataSource][restartedMain][110]HikariPool-1 - Starting...
[2024-06-17 01:24:37.037][INFO ][com.zaxxer.hikari.HikariDataSource][restartedMain][123]HikariPool-1 - Start completed.
[2024-06-17 01:24:37.037][INFO ][org.hibernate.dialect.Dialect][restartedMain][175]HHH000400: Using dialect: org.hibernate.dialect.PostgreSQL10Dialect
[2024-06-17 01:24:41.041][INFO ][org.hibernate.engine.transaction.jta.platform.internal.JtaPlatformInitiator][restartedMain][52]HHH000490: Using JtaPlatform implementation: [org.hibernate.engine.transaction.jta.platform.internal.NoJtaPlatform]
[2024-06-17 01:24:41.041][INFO ][org.springframework.orm.jpa.AbstractEntityManagerFactoryBean][restartedMain][437]Initialized JPA EntityManagerFactory for persistence unit 'default'
[2024-06-17 01:24:44.044][WARN ][org.springframework.boot.autoconfigure.orm.jpa.JpaBaseConfiguration$JpaWebConfiguration][restartedMain][223]spring.jpa.open-in-view is enabled by default. Therefore, database queries may be performed during view rendering. Explicitly configure spring.jpa.open-in-view to disable this warning
[2024-06-17 01:24:44.044][WARN ][org.springframework.security.oauth2.provider.token.store.JwtAccessTokenConverter][restartedMain][306]Unable to create an RSA verifier from verifierKey (ignoreable if using MAC)
[2024-06-17 01:24:47.047][INFO ][org.springframework.security.web.DefaultSecurityFilterChain][restartedMain][55]Will secure Or [Ant [pattern='/oauth/token'], Ant [pattern='/oauth/token_key'], Ant [pattern='/oauth/check_token']] with [org.springframework.security.web.session.DisableEncodeUrlFilter@7dc7dd08, org.springframework.security.web.context.request.async.WebAsyncManagerIntegrationFilter@6eaa2981, org.springframework.security.web.context.SecurityContextPersistenceFilter@1e48bf9b, org.springframework.security.web.header.HeaderWriterFilter@18a03077, org.springframework.security.web.authentication.logout.LogoutFilter@200f0819, org.springframework.security.oauth2.provider.client.ClientCredentialsTokenEndpointFilter@6780dd2e, org.springframework.security.web.authentication.www.BasicAuthenticationFilter@6db488f5, org.springframework.security.web.savedrequest.RequestCacheAwareFilter@4f8fc781, org.springframework.security.web.servletapi.SecurityContextHolderAwareRequestFilter@58288442, org.springframework.security.web.authentication.AnonymousAuthenticationFilter@5bfe32f4, org.springframework.security.web.session.SessionManagementFilter@125cb491, org.springframework.security.web.access.ExceptionTranslationFilter@1110b459, org.springframework.security.web.access.intercept.FilterSecurityInterceptor@595bbf64]
[2024-06-17 01:24:49.049][INFO ][org.springframework.security.web.DefaultSecurityFilterChain][restartedMain][55]Will secure Ant [pattern='/**'] with [org.springframework.security.web.session.DisableEncodeUrlFilter@8c999ca, org.springframework.security.web.context.request.async.WebAsyncManagerIntegrationFilter@517c86fb, org.springframework.security.web.context.SecurityContextPersistenceFilter@4ee79d75, org.springframework.security.web.header.HeaderWriterFilter@25d9fa5d, org.springframework.web.filter.CorsFilter@5663e981, org.springframework.security.web.authentication.logout.LogoutFilter@77b12fac, org.springframework.security.oauth2.provider.authentication.OAuth2AuthenticationProcessingFilter@1dfb7dcb, org.springframework.security.web.authentication.UsernamePasswordAuthenticationFilter@4853a8ea, org.springframework.security.web.authentication.ui.DefaultLoginPageGeneratingFilter@1f6a0d17, org.springframework.security.web.authentication.ui.DefaultLogoutPageGeneratingFilter@3a20f5f, org.springframework.security.web.savedrequest.RequestCacheAwareFilter@606f5a1e, org.springframework.security.web.servletapi.SecurityContextHolderAwareRequestFilter@a0e4f5c, org.springframework.security.web.authentication.AnonymousAuthenticationFilter@47e1d128, org.springframework.security.web.session.SessionManagementFilter@366472b8, org.springframework.security.web.access.ExceptionTranslationFilter@2a2090df, org.springframework.security.web.access.intercept.FilterSecurityInterceptor@2ef52db8]
[2024-06-17 01:24:49.049][INFO ][org.springframework.security.web.DefaultSecurityFilterChain][restartedMain][55]Will secure any request with [org.springframework.security.web.session.DisableEncodeUrlFilter@497a8a09, org.springframework.security.web.context.request.async.WebAsyncManagerIntegrationFilter@1639c5b6, org.springframework.security.web.context.SecurityContextPersistenceFilter@16be1279, org.springframework.security.web.header.HeaderWriterFilter@71e4bbb7, org.springframework.security.web.csrf.CsrfFilter@7dbf3940, org.springframework.security.web.authentication.logout.LogoutFilter@5be5d1ea, org.springframework.security.web.authentication.UsernamePasswordAuthenticationFilter@5864bd86, org.springframework.security.web.authentication.ui.DefaultLoginPageGeneratingFilter@1868bd9e, org.springframework.security.web.authentication.ui.DefaultLogoutPageGeneratingFilter@6bccc27a, org.springframework.security.web.authentication.www.BasicAuthenticationFilter@1c0d8d55, org.springframework.security.web.savedrequest.RequestCacheAwareFilter@2440346a, org.springframework.security.web.servletapi.SecurityContextHolderAwareRequestFilter@702d1a56, org.springframework.security.web.authentication.AnonymousAuthenticationFilter@1bdb8d73, org.springframework.security.web.session.SessionManagementFilter@12cf5c59, org.springframework.security.web.access.ExceptionTranslationFilter@7a0908ac, org.springframework.security.web.access.intercept.FilterSecurityInterceptor@f4a0aca]
[2024-06-17 01:24:50.050][INFO ][org.springframework.boot.devtools.autoconfigure.OptionalLiveReloadServer][restartedMain][59]LiveReload server is running on port 35729
[2024-06-17 01:24:50.050][INFO ][org.apache.kafka.common.config.AbstractConfig][restartedMain][347]ConsumerConfig values: 
	allow.auto.create.topics = true
	auto.commit.interval.ms = 5000
	auto.offset.reset = earliest
	bootstrap.servers = [localhost:9092]
	check.crcs = true
	client.dns.lookup = default
	client.id = 
	client.rack = 
	connections.max.idle.ms = 540000
	default.api.timeout.ms = 60000
	enable.auto.commit = false
	exclude.internal.topics = true
	fetch.max.bytes = 52428800
	fetch.max.wait.ms = 500
	fetch.min.bytes = 1
	group.id = my_group_id
	group.instance.id = null
	heartbeat.interval.ms = 3000
	interceptor.classes = []
	internal.leave.group.on.close = true
	isolation.level = read_uncommitted
	key.deserializer = class org.apache.kafka.common.serialization.StringDeserializer
	max.partition.fetch.bytes = 1048576
	max.poll.interval.ms = 300000
	max.poll.records = 500
	metadata.max.age.ms = 300000
	metric.reporters = []
	metrics.num.samples = 2
	metrics.recording.level = INFO
	metrics.sample.window.ms = 30000
	partition.assignment.strategy = [class org.apache.kafka.clients.consumer.RangeAssignor]
	receive.buffer.bytes = 65536
	reconnect.backoff.max.ms = 1000
	reconnect.backoff.ms = 50
	request.timeout.ms = 30000
	retry.backoff.ms = 100
	sasl.client.callback.handler.class = null
	sasl.jaas.config = null
	sasl.kerberos.kinit.cmd = /usr/bin/kinit
	sasl.kerberos.min.time.before.relogin = 60000
	sasl.kerberos.service.name = null
	sasl.kerberos.ticket.renew.jitter = 0.05
	sasl.kerberos.ticket.renew.window.factor = 0.8
	sasl.login.callback.handler.class = null
	sasl.login.class = null
	sasl.login.refresh.buffer.seconds = 300
	sasl.login.refresh.min.period.seconds = 60
	sasl.login.refresh.window.factor = 0.8
	sasl.login.refresh.window.jitter = 0.05
	sasl.mechanism = GSSAPI
	security.protocol = PLAINTEXT
	security.providers = null
	send.buffer.bytes = 131072
	session.timeout.ms = 10000
	ssl.cipher.suites = null
	ssl.enabled.protocols = [TLSv1.2]
	ssl.endpoint.identification.algorithm = https
	ssl.key.password = null
	ssl.keymanager.algorithm = SunX509
	ssl.keystore.location = null
	ssl.keystore.password = null
	ssl.keystore.type = JKS
	ssl.protocol = TLSv1.2
	ssl.provider = null
	ssl.secure.random.implementation = null
	ssl.trustmanager.algorithm = PKIX
	ssl.truststore.location = null
	ssl.truststore.password = null
	ssl.truststore.type = JKS
	value.deserializer = class org.apache.kafka.common.serialization.StringDeserializer

[2024-06-17 01:24:51.051][INFO ][org.apache.kafka.common.utils.AppInfoParser$AppInfo][restartedMain][117]Kafka version: 2.5.0
[2024-06-17 01:24:51.051][INFO ][org.apache.kafka.common.utils.AppInfoParser$AppInfo][restartedMain][118]Kafka commitId: 66563e712b0b9f84
[2024-06-17 01:24:51.051][INFO ][org.apache.kafka.common.utils.AppInfoParser$AppInfo][restartedMain][119]Kafka startTimeMs: 1718562291370
[2024-06-17 01:24:51.051][INFO ][org.apache.kafka.clients.consumer.KafkaConsumer][restartedMain][974][Consumer clientId=consumer-my_group_id-1, groupId=my_group_id] Subscribed to topic(s): my_topic
[2024-06-17 01:24:51.051][INFO ][org.apache.juli.logging.DirectJDKLog][restartedMain][173]Starting ProtocolHandler ["http-nio-8083"]
[2024-06-17 01:24:51.051][INFO ][org.springframework.boot.web.embedded.tomcat.TomcatWebServer][restartedMain][220]Tomcat started on port(s): 8083 (http) with context path '/api'
[2024-06-17 01:24:51.051][INFO ][org.springframework.boot.StartupInfoLogger][restartedMain][61]Started Batch7Application in 27.8 seconds (JVM running for 30.522)
[2024-06-17 01:24:52.052][INFO ][org.apache.kafka.clients.Metadata][org.springframework.kafka.KafkaListenerEndpointContainer#0-0-C-1][280][Consumer clientId=consumer-my_group_id-1, groupId=my_group_id] Cluster ID: frU6mar8SZ67uk7opc5b6Q
[2024-06-17 01:24:52.052][INFO ][org.apache.kafka.clients.consumer.internals.AbstractCoordinator$FindCoordinatorResponseHandler][org.springframework.kafka.KafkaListenerEndpointContainer#0-0-C-1][797][Consumer clientId=consumer-my_group_id-1, groupId=my_group_id] Discovered group coordinator localhost:9092 (id: 2147483647 rack: null)
[2024-06-17 01:24:52.052][INFO ][org.apache.kafka.clients.consumer.internals.AbstractCoordinator][org.springframework.kafka.KafkaListenerEndpointContainer#0-0-C-1][552][Consumer clientId=consumer-my_group_id-1, groupId=my_group_id] (Re-)joining group
[2024-06-17 01:24:52.052][INFO ][org.apache.kafka.clients.consumer.internals.AbstractCoordinator][org.springframework.kafka.KafkaListenerEndpointContainer#0-0-C-1][455][Consumer clientId=consumer-my_group_id-1, groupId=my_group_id] Join group failed with org.apache.kafka.common.errors.MemberIdRequiredException: The group member needs to have a valid member id before actually entering a consumer group
[2024-06-17 01:24:52.052][INFO ][org.apache.kafka.clients.consumer.internals.AbstractCoordinator][org.springframework.kafka.KafkaListenerEndpointContainer#0-0-C-1][552][Consumer clientId=consumer-my_group_id-1, groupId=my_group_id] (Re-)joining group
[2024-06-17 01:24:52.052][INFO ][org.apache.kafka.clients.consumer.internals.ConsumerCoordinator][org.springframework.kafka.KafkaListenerEndpointContainer#0-0-C-1][604][Consumer clientId=consumer-my_group_id-1, groupId=my_group_id] Finished assignment for group at generation 5: {consumer-my_group_id-1-12bf4ef7-21ce-41c1-9eb4-480cdb8b71d4=Assignment(partitions=[my_topic-0])}
[2024-06-17 01:24:52.052][INFO ][org.apache.kafka.clients.consumer.internals.AbstractCoordinator$2][org.springframework.kafka.KafkaListenerEndpointContainer#0-0-C-1][503][Consumer clientId=consumer-my_group_id-1, groupId=my_group_id] Successfully joined group with generation 5
[2024-06-17 01:24:52.052][INFO ][org.apache.kafka.clients.consumer.internals.ConsumerCoordinator][org.springframework.kafka.KafkaListenerEndpointContainer#0-0-C-1][273][Consumer clientId=consumer-my_group_id-1, groupId=my_group_id] Adding newly assigned partitions: my_topic-0
[2024-06-17 01:24:52.052][INFO ][org.apache.kafka.clients.consumer.internals.ConsumerCoordinator][org.springframework.kafka.KafkaListenerEndpointContainer#0-0-C-1][792][Consumer clientId=consumer-my_group_id-1, groupId=my_group_id] Setting offset for partition my_topic-0 to the committed offset FetchPosition{offset=3, offsetEpoch=Optional.empty, currentLeader=LeaderAndEpoch{leader=Optional[localhost:9092 (id: 0 rack: null)], epoch=0}}
[2024-06-17 01:24:52.052][INFO ][org.springframework.core.log.LogAccessor][org.springframework.kafka.KafkaListenerEndpointContainer#0-0-C-1][292]my_group_id: partitions assigned: [my_topic-0]
[2024-06-17 01:24:53.053][INFO ][com.example.batch7.Batch7Application][restartedMain][17]info logging level
[2024-06-17 01:24:53.053][ERROR][com.example.batch7.Batch7Application][restartedMain][18]eror logging level
[2024-06-17 01:24:53.053][WARN ][com.example.batch7.Batch7Application][restartedMain][19]warning logging level
[2024-06-17 01:24:53.053][ERROR][com.example.batch7.Batch7Application][restartedMain][22]Error processing request
[2024-06-17 01:25:06.006][INFO ][org.apache.juli.logging.DirectJDKLog][http-nio-8083-exec-2][173]Initializing Spring DispatcherServlet 'dispatcherServlet'
[2024-06-17 01:25:06.006][INFO ][org.springframework.web.servlet.FrameworkServlet][http-nio-8083-exec-2][525]Initializing Servlet 'dispatcherServlet'
[2024-06-17 01:25:06.006][INFO ][org.springframework.web.servlet.FrameworkServlet][http-nio-8083-exec-2][547]Completed initialization in 4 ms
[2024-06-17 01:25:15.015][INFO ][org.apache.kafka.common.config.AbstractConfig][http-nio-8083-exec-3][347]ProducerConfig values: 
	acks = 1
	batch.size = 16384
	bootstrap.servers = [localhost:9092]
	buffer.memory = 33554432
	client.dns.lookup = default
	client.id = producer-1
	compression.type = none
	connections.max.idle.ms = 540000
	delivery.timeout.ms = 120000
	enable.idempotence = false
	interceptor.classes = []
	key.serializer = class org.apache.kafka.common.serialization.StringSerializer
	linger.ms = 0
	max.block.ms = 60000
	max.in.flight.requests.per.connection = 5
	max.request.size = 1048576
	metadata.max.age.ms = 300000
	metadata.max.idle.ms = 300000
	metric.reporters = []
	metrics.num.samples = 2
	metrics.recording.level = INFO
	metrics.sample.window.ms = 30000
	partitioner.class = class org.apache.kafka.clients.producer.internals.DefaultPartitioner
	receive.buffer.bytes = 32768
	reconnect.backoff.max.ms = 1000
	reconnect.backoff.ms = 50
	request.timeout.ms = 30000
	retries = 2147483647
	retry.backoff.ms = 100
	sasl.client.callback.handler.class = null
	sasl.jaas.config = null
	sasl.kerberos.kinit.cmd = /usr/bin/kinit
	sasl.kerberos.min.time.before.relogin = 60000
	sasl.kerberos.service.name = null
	sasl.kerberos.ticket.renew.jitter = 0.05
	sasl.kerberos.ticket.renew.window.factor = 0.8
	sasl.login.callback.handler.class = null
	sasl.login.class = null
	sasl.login.refresh.buffer.seconds = 300
	sasl.login.refresh.min.period.seconds = 60
	sasl.login.refresh.window.factor = 0.8
	sasl.login.refresh.window.jitter = 0.05
	sasl.mechanism = GSSAPI
	security.protocol = PLAINTEXT
	security.providers = null
	send.buffer.bytes = 131072
	ssl.cipher.suites = null
	ssl.enabled.protocols = [TLSv1.2]
	ssl.endpoint.identification.algorithm = https
	ssl.key.password = null
	ssl.keymanager.algorithm = SunX509
	ssl.keystore.location = null
	ssl.keystore.password = null
	ssl.keystore.type = JKS
	ssl.protocol = TLSv1.2
	ssl.provider = null
	ssl.secure.random.implementation = null
	ssl.trustmanager.algorithm = PKIX
	ssl.truststore.location = null
	ssl.truststore.password = null
	ssl.truststore.type = JKS
	transaction.timeout.ms = 60000
	transactional.id = null
	value.serializer = class org.apache.kafka.common.serialization.StringSerializer

[2024-06-17 01:25:15.015][INFO ][org.apache.kafka.common.utils.AppInfoParser$AppInfo][http-nio-8083-exec-3][117]Kafka version: 2.5.0
[2024-06-17 01:25:15.015][INFO ][org.apache.kafka.common.utils.AppInfoParser$AppInfo][http-nio-8083-exec-3][118]Kafka commitId: 66563e712b0b9f84
[2024-06-17 01:25:15.015][INFO ][org.apache.kafka.common.utils.AppInfoParser$AppInfo][http-nio-8083-exec-3][119]Kafka startTimeMs: 1718562315789
[2024-06-17 01:25:15.015][INFO ][org.apache.kafka.clients.Metadata][kafka-producer-network-thread | producer-1][280][Producer clientId=producer-1] Cluster ID: frU6mar8SZ67uk7opc5b6Q
[2024-06-17 01:26:47.047][INFO ][org.apache.kafka.clients.consumer.internals.ConsumerCoordinator][org.springframework.kafka.KafkaListenerEndpointContainer#0-0-C-1][292][Consumer clientId=consumer-my_group_id-1, groupId=my_group_id] Revoke previously assigned partitions my_topic-0
[2024-06-17 01:26:47.047][INFO ][org.springframework.core.log.LogAccessor][org.springframework.kafka.KafkaListenerEndpointContainer#0-0-C-1][292]my_group_id: partitions revoked: [my_topic-0]
[2024-06-17 01:26:47.047][INFO ][org.apache.kafka.clients.consumer.internals.AbstractCoordinator][org.springframework.kafka.KafkaListenerEndpointContainer#0-0-C-1][979][Consumer clientId=consumer-my_group_id-1, groupId=my_group_id] Member consumer-my_group_id-1-12bf4ef7-21ce-41c1-9eb4-480cdb8b71d4 sending LeaveGroup request to coordinator localhost:9092 (id: 2147483647 rack: null) due to the consumer unsubscribed from all topics
[2024-06-17 01:26:47.047][INFO ][org.apache.kafka.clients.consumer.KafkaConsumer][org.springframework.kafka.KafkaListenerEndpointContainer#0-0-C-1][1082][Consumer clientId=consumer-my_group_id-1, groupId=my_group_id] Unsubscribed all topics or patterns and assigned partitions
[2024-06-17 01:26:47.047][INFO ][org.springframework.core.log.LogAccessor][org.springframework.kafka.KafkaListenerEndpointContainer#0-0-C-1][292]my_group_id: Consumer stopped
[2024-06-17 01:26:48.048][INFO ][org.apache.kafka.clients.producer.KafkaProducer][SpringApplicationShutdownHook][1182][Producer clientId=producer-1] Closing the Kafka producer with timeoutMillis = 30000 ms.
[2024-06-17 01:26:48.048][INFO ][org.springframework.orm.jpa.AbstractEntityManagerFactoryBean][SpringApplicationShutdownHook][651]Closing JPA EntityManagerFactory for persistence unit 'default'
[2024-06-17 01:26:48.048][INFO ][com.zaxxer.hikari.HikariDataSource][SpringApplicationShutdownHook][350]HikariPool-1 - Shutdown initiated...
[2024-06-17 01:26:48.048][INFO ][com.zaxxer.hikari.HikariDataSource][SpringApplicationShutdownHook][352]HikariPool-1 - Shutdown completed.
[2024-06-17 01:26:56.056][INFO ][org.hibernate.validator.internal.util.Version][background-preinit][21]HV000001: Hibernate Validator 6.0.13.Final
[2024-06-17 01:26:56.056][INFO ][org.springframework.boot.StartupInfoLogger][restartedMain][55]Starting Batch7Application using Java 17.0.11 on irfiyanda-X550IU with PID 19705 (/home/irfiyanda/Documents/synrgy-BEJ/challenge5/target/classes started by irfiyanda in /home/irfiyanda/Documents/synrgy-BEJ/challenge5)
[2024-06-17 01:26:56.056][INFO ][org.springframework.boot.SpringApplication][restartedMain][631]No active profile set, falling back to 1 default profile: "default"
[2024-06-17 01:26:57.057][INFO ][org.springframework.boot.logging.DeferredLog][restartedMain][255]Devtools property defaults active! Set 'spring.devtools.add-properties' to 'false' to disable
[2024-06-17 01:26:57.057][INFO ][org.springframework.boot.logging.DeferredLog][restartedMain][255]For additional web related logging consider setting the 'logging.level.web' property to 'DEBUG'
[2024-06-17 01:27:00.000][INFO ][org.springframework.data.repository.config.RepositoryConfigurationDelegate][restartedMain][132]Bootstrapping Spring Data JPA repositories in DEFAULT mode.
[2024-06-17 01:27:00.000][INFO ][org.springframework.data.repository.config.RepositoryConfigurationDelegate][restartedMain][201]Finished Spring Data repository scanning in 250 ms. Found 9 JPA repository interfaces.
[2024-06-17 01:27:03.003][INFO ][org.springframework.boot.web.embedded.tomcat.TomcatWebServer][restartedMain][108]Tomcat initialized with port(s): 8083 (http)
[2024-06-17 01:27:03.003][INFO ][org.apache.juli.logging.DirectJDKLog][restartedMain][173]Initializing ProtocolHandler ["http-nio-8083"]
[2024-06-17 01:27:03.003][INFO ][org.apache.juli.logging.DirectJDKLog][restartedMain][173]Starting service [Tomcat]
[2024-06-17 01:27:03.003][INFO ][org.apache.juli.logging.DirectJDKLog][restartedMain][173]Starting Servlet engine: [Apache Tomcat/9.0.78]
[2024-06-17 01:27:03.003][INFO ][org.apache.juli.logging.DirectJDKLog][restartedMain][173]Initializing Spring embedded WebApplicationContext
[2024-06-17 01:27:03.003][INFO ][org.springframework.boot.web.servlet.context.ServletWebServerApplicationContext][restartedMain][292]Root WebApplicationContext: initialization completed in 6931 ms
[2024-06-17 01:27:04.004][INFO ][org.hibernate.jpa.internal.util.LogHelper][restartedMain][31]HHH000204: Processing PersistenceUnitInfo [name: default]
[2024-06-17 01:27:04.004][INFO ][org.hibernate.Version][restartedMain][44]HHH000412: Hibernate ORM core version 5.6.15.Final
[2024-06-17 01:27:05.005][INFO ][org.hibernate.annotations.common.reflection.java.JavaReflectionManager][restartedMain][56]HCANN000001: Hibernate Commons Annotations {5.1.2.Final}
[2024-06-17 01:27:05.005][INFO ][com.zaxxer.hikari.HikariDataSource][restartedMain][110]HikariPool-1 - Starting...
[2024-06-17 01:27:06.006][INFO ][com.zaxxer.hikari.HikariDataSource][restartedMain][123]HikariPool-1 - Start completed.
[2024-06-17 01:27:06.006][INFO ][org.hibernate.dialect.Dialect][restartedMain][175]HHH000400: Using dialect: org.hibernate.dialect.PostgreSQL10Dialect
[2024-06-17 01:27:09.009][INFO ][org.hibernate.engine.transaction.jta.platform.internal.JtaPlatformInitiator][restartedMain][52]HHH000490: Using JtaPlatform implementation: [org.hibernate.engine.transaction.jta.platform.internal.NoJtaPlatform]
[2024-06-17 01:27:09.009][INFO ][org.springframework.orm.jpa.AbstractEntityManagerFactoryBean][restartedMain][437]Initialized JPA EntityManagerFactory for persistence unit 'default'
[2024-06-17 01:27:10.010][WARN ][org.springframework.boot.autoconfigure.orm.jpa.JpaBaseConfiguration$JpaWebConfiguration][restartedMain][223]spring.jpa.open-in-view is enabled by default. Therefore, database queries may be performed during view rendering. Explicitly configure spring.jpa.open-in-view to disable this warning
[2024-06-17 01:27:11.011][WARN ][org.springframework.security.oauth2.provider.token.store.JwtAccessTokenConverter][restartedMain][306]Unable to create an RSA verifier from verifierKey (ignoreable if using MAC)
[2024-06-17 01:27:13.013][INFO ][org.springframework.security.web.DefaultSecurityFilterChain][restartedMain][55]Will secure Or [Ant [pattern='/oauth/token'], Ant [pattern='/oauth/token_key'], Ant [pattern='/oauth/check_token']] with [org.springframework.security.web.session.DisableEncodeUrlFilter@2ac5649a, org.springframework.security.web.context.request.async.WebAsyncManagerIntegrationFilter@a51fec2, org.springframework.security.web.context.SecurityContextPersistenceFilter@1e478509, org.springframework.security.web.header.HeaderWriterFilter@7f249149, org.springframework.security.web.authentication.logout.LogoutFilter@2ad203fc, org.springframework.security.oauth2.provider.client.ClientCredentialsTokenEndpointFilter@73c0ccc7, org.springframework.security.web.authentication.www.BasicAuthenticationFilter@5776d485, org.springframework.security.web.savedrequest.RequestCacheAwareFilter@3f1f892f, org.springframework.security.web.servletapi.SecurityContextHolderAwareRequestFilter@237ddb44, org.springframework.security.web.authentication.AnonymousAuthenticationFilter@51f310f7, org.springframework.security.web.session.SessionManagementFilter@2484f1fd, org.springframework.security.web.access.ExceptionTranslationFilter@5ba2594, org.springframework.security.web.access.intercept.FilterSecurityInterceptor@37e1ac70]
[2024-06-17 01:27:15.015][INFO ][org.springframework.security.web.DefaultSecurityFilterChain][restartedMain][55]Will secure Ant [pattern='/**'] with [org.springframework.security.web.session.DisableEncodeUrlFilter@77a75b11, org.springframework.security.web.context.request.async.WebAsyncManagerIntegrationFilter@450a8597, org.springframework.security.web.context.SecurityContextPersistenceFilter@51ff6fa6, org.springframework.security.web.header.HeaderWriterFilter@4ee7445f, org.springframework.web.filter.CorsFilter@38ffc2e8, org.springframework.security.web.authentication.logout.LogoutFilter@8a5412c, org.springframework.security.oauth2.provider.authentication.OAuth2AuthenticationProcessingFilter@466fae39, org.springframework.security.web.authentication.UsernamePasswordAuthenticationFilter@61caf5d7, org.springframework.security.web.authentication.ui.DefaultLoginPageGeneratingFilter@2de01635, org.springframework.security.web.authentication.ui.DefaultLogoutPageGeneratingFilter@eadec6d, org.springframework.security.web.savedrequest.RequestCacheAwareFilter@6a8cadd8, org.springframework.security.web.servletapi.SecurityContextHolderAwareRequestFilter@1e3dd96a, org.springframework.security.web.authentication.AnonymousAuthenticationFilter@431f417a, org.springframework.security.web.session.SessionManagementFilter@6c7bf2ba, org.springframework.security.web.access.ExceptionTranslationFilter@6f0a9851, org.springframework.security.web.access.intercept.FilterSecurityInterceptor@5df41f89]
[2024-06-17 01:27:15.015][INFO ][org.springframework.security.web.DefaultSecurityFilterChain][restartedMain][55]Will secure any request with [org.springframework.security.web.session.DisableEncodeUrlFilter@76052ab2, org.springframework.security.web.context.request.async.WebAsyncManagerIntegrationFilter@335d7251, org.springframework.security.web.context.SecurityContextPersistenceFilter@201d98c9, org.springframework.security.web.header.HeaderWriterFilter@1f018f96, org.springframework.security.web.csrf.CsrfFilter@2a9553d7, org.springframework.security.web.authentication.logout.LogoutFilter@f9ec86e, org.springframework.security.web.authentication.UsernamePasswordAuthenticationFilter@4a448255, org.springframework.security.web.authentication.ui.DefaultLoginPageGeneratingFilter@51d49789, org.springframework.security.web.authentication.ui.DefaultLogoutPageGeneratingFilter@5de51845, org.springframework.security.web.authentication.www.BasicAuthenticationFilter@6905c75f, org.springframework.security.web.savedrequest.RequestCacheAwareFilter@515872fe, org.springframework.security.web.servletapi.SecurityContextHolderAwareRequestFilter@42363a7c, org.springframework.security.web.authentication.AnonymousAuthenticationFilter@1a9d1399, org.springframework.security.web.session.SessionManagementFilter@20966ce7, org.springframework.security.web.access.ExceptionTranslationFilter@6c63aaee, org.springframework.security.web.access.intercept.FilterSecurityInterceptor@71c69b78]
[2024-06-17 01:27:16.016][INFO ][org.springframework.boot.devtools.autoconfigure.OptionalLiveReloadServer][restartedMain][59]LiveReload server is running on port 35729
[2024-06-17 01:27:16.016][INFO ][org.apache.kafka.common.config.AbstractConfig][restartedMain][347]ConsumerConfig values: 
	allow.auto.create.topics = true
	auto.commit.interval.ms = 5000
	auto.offset.reset = earliest
	bootstrap.servers = [localhost:9092]
	check.crcs = true
	client.dns.lookup = default
	client.id = 
	client.rack = 
	connections.max.idle.ms = 540000
	default.api.timeout.ms = 60000
	enable.auto.commit = false
	exclude.internal.topics = true
	fetch.max.bytes = 52428800
	fetch.max.wait.ms = 500
	fetch.min.bytes = 1
	group.id = my_group_id
	group.instance.id = null
	heartbeat.interval.ms = 3000
	interceptor.classes = []
	internal.leave.group.on.close = true
	isolation.level = read_uncommitted
	key.deserializer = class org.apache.kafka.common.serialization.StringDeserializer
	max.partition.fetch.bytes = 1048576
	max.poll.interval.ms = 300000
	max.poll.records = 500
	metadata.max.age.ms = 300000
	metric.reporters = []
	metrics.num.samples = 2
	metrics.recording.level = INFO
	metrics.sample.window.ms = 30000
	partition.assignment.strategy = [class org.apache.kafka.clients.consumer.RangeAssignor]
	receive.buffer.bytes = 65536
	reconnect.backoff.max.ms = 1000
	reconnect.backoff.ms = 50
	request.timeout.ms = 30000
	retry.backoff.ms = 100
	sasl.client.callback.handler.class = null
	sasl.jaas.config = null
	sasl.kerberos.kinit.cmd = /usr/bin/kinit
	sasl.kerberos.min.time.before.relogin = 60000
	sasl.kerberos.service.name = null
	sasl.kerberos.ticket.renew.jitter = 0.05
	sasl.kerberos.ticket.renew.window.factor = 0.8
	sasl.login.callback.handler.class = null
	sasl.login.class = null
	sasl.login.refresh.buffer.seconds = 300
	sasl.login.refresh.min.period.seconds = 60
	sasl.login.refresh.window.factor = 0.8
	sasl.login.refresh.window.jitter = 0.05
	sasl.mechanism = GSSAPI
	security.protocol = PLAINTEXT
	security.providers = null
	send.buffer.bytes = 131072
	session.timeout.ms = 10000
	ssl.cipher.suites = null
	ssl.enabled.protocols = [TLSv1.2]
	ssl.endpoint.identification.algorithm = https
	ssl.key.password = null
	ssl.keymanager.algorithm = SunX509
	ssl.keystore.location = null
	ssl.keystore.password = null
	ssl.keystore.type = JKS
	ssl.protocol = TLSv1.2
	ssl.provider = null
	ssl.secure.random.implementation = null
	ssl.trustmanager.algorithm = PKIX
	ssl.truststore.location = null
	ssl.truststore.password = null
	ssl.truststore.type = JKS
	value.deserializer = class org.apache.kafka.common.serialization.StringDeserializer

[2024-06-17 01:27:16.016][INFO ][org.apache.kafka.common.utils.AppInfoParser$AppInfo][restartedMain][117]Kafka version: 2.5.0
[2024-06-17 01:27:16.016][INFO ][org.apache.kafka.common.utils.AppInfoParser$AppInfo][restartedMain][118]Kafka commitId: 66563e712b0b9f84
[2024-06-17 01:27:16.016][INFO ][org.apache.kafka.common.utils.AppInfoParser$AppInfo][restartedMain][119]Kafka startTimeMs: 1718562436593
[2024-06-17 01:27:16.016][INFO ][org.apache.kafka.clients.consumer.KafkaConsumer][restartedMain][974][Consumer clientId=consumer-my_group_id-1, groupId=my_group_id] Subscribed to topic(s): my_topic
[2024-06-17 01:27:16.016][INFO ][org.apache.juli.logging.DirectJDKLog][restartedMain][173]Starting ProtocolHandler ["http-nio-8083"]
[2024-06-17 01:27:16.016][INFO ][org.springframework.boot.web.embedded.tomcat.TomcatWebServer][restartedMain][220]Tomcat started on port(s): 8083 (http) with context path '/api'
[2024-06-17 01:27:16.016][INFO ][org.springframework.boot.StartupInfoLogger][restartedMain][61]Started Batch7Application in 21.378 seconds (JVM running for 22.992)
[2024-06-17 01:27:17.017][INFO ][org.apache.kafka.clients.Metadata][org.springframework.kafka.KafkaListenerEndpointContainer#0-0-C-1][280][Consumer clientId=consumer-my_group_id-1, groupId=my_group_id] Cluster ID: frU6mar8SZ67uk7opc5b6Q
[2024-06-17 01:27:17.017][INFO ][org.apache.kafka.clients.consumer.internals.AbstractCoordinator$FindCoordinatorResponseHandler][org.springframework.kafka.KafkaListenerEndpointContainer#0-0-C-1][797][Consumer clientId=consumer-my_group_id-1, groupId=my_group_id] Discovered group coordinator localhost:9092 (id: 2147483647 rack: null)
[2024-06-17 01:27:17.017][INFO ][org.apache.kafka.clients.consumer.internals.AbstractCoordinator][org.springframework.kafka.KafkaListenerEndpointContainer#0-0-C-1][552][Consumer clientId=consumer-my_group_id-1, groupId=my_group_id] (Re-)joining group
[2024-06-17 01:27:17.017][INFO ][org.apache.kafka.clients.consumer.internals.AbstractCoordinator][org.springframework.kafka.KafkaListenerEndpointContainer#0-0-C-1][455][Consumer clientId=consumer-my_group_id-1, groupId=my_group_id] Join group failed with org.apache.kafka.common.errors.MemberIdRequiredException: The group member needs to have a valid member id before actually entering a consumer group
[2024-06-17 01:27:17.017][INFO ][org.apache.kafka.clients.consumer.internals.AbstractCoordinator][org.springframework.kafka.KafkaListenerEndpointContainer#0-0-C-1][552][Consumer clientId=consumer-my_group_id-1, groupId=my_group_id] (Re-)joining group
[2024-06-17 01:27:17.017][INFO ][org.apache.kafka.clients.consumer.internals.ConsumerCoordinator][org.springframework.kafka.KafkaListenerEndpointContainer#0-0-C-1][604][Consumer clientId=consumer-my_group_id-1, groupId=my_group_id] Finished assignment for group at generation 7: {consumer-my_group_id-1-61dda386-a58f-487f-b0d6-c5a3f8d820cc=Assignment(partitions=[my_topic-0])}
[2024-06-17 01:27:17.017][INFO ][org.apache.kafka.clients.consumer.internals.AbstractCoordinator$2][org.springframework.kafka.KafkaListenerEndpointContainer#0-0-C-1][503][Consumer clientId=consumer-my_group_id-1, groupId=my_group_id] Successfully joined group with generation 7
[2024-06-17 01:27:17.017][INFO ][org.apache.kafka.clients.consumer.internals.ConsumerCoordinator][org.springframework.kafka.KafkaListenerEndpointContainer#0-0-C-1][273][Consumer clientId=consumer-my_group_id-1, groupId=my_group_id] Adding newly assigned partitions: my_topic-0
[2024-06-17 01:27:17.017][INFO ][org.apache.kafka.clients.consumer.internals.ConsumerCoordinator][org.springframework.kafka.KafkaListenerEndpointContainer#0-0-C-1][792][Consumer clientId=consumer-my_group_id-1, groupId=my_group_id] Setting offset for partition my_topic-0 to the committed offset FetchPosition{offset=4, offsetEpoch=Optional.empty, currentLeader=LeaderAndEpoch{leader=Optional[localhost:9092 (id: 0 rack: null)], epoch=0}}
[2024-06-17 01:27:17.017][INFO ][org.springframework.core.log.LogAccessor][org.springframework.kafka.KafkaListenerEndpointContainer#0-0-C-1][292]my_group_id: partitions assigned: [my_topic-0]
[2024-06-17 01:27:18.018][INFO ][com.example.batch7.Batch7Application][restartedMain][17]info logging level
[2024-06-17 01:27:18.018][ERROR][com.example.batch7.Batch7Application][restartedMain][18]eror logging level
[2024-06-17 01:27:18.018][WARN ][com.example.batch7.Batch7Application][restartedMain][19]warning logging level
[2024-06-17 01:27:18.018][ERROR][com.example.batch7.Batch7Application][restartedMain][22]Error processing request
[2024-06-17 01:27:22.022][INFO ][org.apache.juli.logging.DirectJDKLog][http-nio-8083-exec-2][173]Initializing Spring DispatcherServlet 'dispatcherServlet'
[2024-06-17 01:27:22.022][INFO ][org.springframework.web.servlet.FrameworkServlet][http-nio-8083-exec-2][525]Initializing Servlet 'dispatcherServlet'
[2024-06-17 01:27:22.022][INFO ][org.springframework.web.servlet.FrameworkServlet][http-nio-8083-exec-2][547]Completed initialization in 4 ms
[2024-06-17 01:27:28.028][INFO ][org.apache.kafka.common.config.AbstractConfig][http-nio-8083-exec-3][347]ProducerConfig values: 
	acks = 1
	batch.size = 16384
	bootstrap.servers = [localhost:9092]
	buffer.memory = 33554432
	client.dns.lookup = default
	client.id = producer-1
	compression.type = none
	connections.max.idle.ms = 540000
	delivery.timeout.ms = 120000
	enable.idempotence = false
	interceptor.classes = []
	key.serializer = class org.apache.kafka.common.serialization.StringSerializer
	linger.ms = 0
	max.block.ms = 60000
	max.in.flight.requests.per.connection = 5
	max.request.size = 1048576
	metadata.max.age.ms = 300000
	metadata.max.idle.ms = 300000
	metric.reporters = []
	metrics.num.samples = 2
	metrics.recording.level = INFO
	metrics.sample.window.ms = 30000
	partitioner.class = class org.apache.kafka.clients.producer.internals.DefaultPartitioner
	receive.buffer.bytes = 32768
	reconnect.backoff.max.ms = 1000
	reconnect.backoff.ms = 50
	request.timeout.ms = 30000
	retries = 2147483647
	retry.backoff.ms = 100
	sasl.client.callback.handler.class = null
	sasl.jaas.config = null
	sasl.kerberos.kinit.cmd = /usr/bin/kinit
	sasl.kerberos.min.time.before.relogin = 60000
	sasl.kerberos.service.name = null
	sasl.kerberos.ticket.renew.jitter = 0.05
	sasl.kerberos.ticket.renew.window.factor = 0.8
	sasl.login.callback.handler.class = null
	sasl.login.class = null
	sasl.login.refresh.buffer.seconds = 300
	sasl.login.refresh.min.period.seconds = 60
	sasl.login.refresh.window.factor = 0.8
	sasl.login.refresh.window.jitter = 0.05
	sasl.mechanism = GSSAPI
	security.protocol = PLAINTEXT
	security.providers = null
	send.buffer.bytes = 131072
	ssl.cipher.suites = null
	ssl.enabled.protocols = [TLSv1.2]
	ssl.endpoint.identification.algorithm = https
	ssl.key.password = null
	ssl.keymanager.algorithm = SunX509
	ssl.keystore.location = null
	ssl.keystore.password = null
	ssl.keystore.type = JKS
	ssl.protocol = TLSv1.2
	ssl.provider = null
	ssl.secure.random.implementation = null
	ssl.trustmanager.algorithm = PKIX
	ssl.truststore.location = null
	ssl.truststore.password = null
	ssl.truststore.type = JKS
	transaction.timeout.ms = 60000
	transactional.id = null
	value.serializer = class org.apache.kafka.common.serialization.StringSerializer

[2024-06-17 01:27:28.028][INFO ][org.apache.kafka.common.utils.AppInfoParser$AppInfo][http-nio-8083-exec-3][117]Kafka version: 2.5.0
[2024-06-17 01:27:28.028][INFO ][org.apache.kafka.common.utils.AppInfoParser$AppInfo][http-nio-8083-exec-3][118]Kafka commitId: 66563e712b0b9f84
[2024-06-17 01:27:28.028][INFO ][org.apache.kafka.common.utils.AppInfoParser$AppInfo][http-nio-8083-exec-3][119]Kafka startTimeMs: 1718562448890
[2024-06-17 01:27:28.028][INFO ][org.apache.kafka.clients.Metadata][kafka-producer-network-thread | producer-1][280][Producer clientId=producer-1] Cluster ID: frU6mar8SZ67uk7opc5b6Q
[2024-06-17 02:12:39.039][INFO ][org.springframework.boot.StartupInfoLogger][restartedMain][55]Starting Batch7Application using Java 17.0.11 on irfiyanda-X550IU with PID 22555 (/home/irfiyanda/Documents/synrgy-BEJ/challenge7/challenge5/target/classes started by irfiyanda in /home/irfiyanda/Documents/synrgy-BEJ/challenge7/challenge5)
[2024-06-17 02:12:39.039][INFO ][org.springframework.boot.SpringApplication][restartedMain][631]No active profile set, falling back to 1 default profile: "default"
[2024-06-17 02:12:39.039][INFO ][org.hibernate.validator.internal.util.Version][background-preinit][21]HV000001: Hibernate Validator 6.0.13.Final
[2024-06-17 02:12:39.039][INFO ][org.springframework.boot.logging.DeferredLog][restartedMain][255]Devtools property defaults active! Set 'spring.devtools.add-properties' to 'false' to disable
[2024-06-17 02:12:39.039][INFO ][org.springframework.boot.logging.DeferredLog][restartedMain][255]For additional web related logging consider setting the 'logging.level.web' property to 'DEBUG'
[2024-06-17 02:12:46.046][INFO ][org.springframework.data.repository.config.RepositoryConfigurationDelegate][restartedMain][132]Bootstrapping Spring Data JPA repositories in DEFAULT mode.
[2024-06-17 02:12:47.047][INFO ][org.springframework.data.repository.config.RepositoryConfigurationDelegate][restartedMain][201]Finished Spring Data repository scanning in 697 ms. Found 9 JPA repository interfaces.
[2024-06-17 02:12:52.052][INFO ][org.springframework.boot.web.embedded.tomcat.TomcatWebServer][restartedMain][108]Tomcat initialized with port(s): 8083 (http)
[2024-06-17 02:12:53.053][INFO ][org.apache.juli.logging.DirectJDKLog][restartedMain][173]Initializing ProtocolHandler ["http-nio-8083"]
[2024-06-17 02:12:53.053][INFO ][org.apache.juli.logging.DirectJDKLog][restartedMain][173]Starting service [Tomcat]
[2024-06-17 02:12:53.053][INFO ][org.apache.juli.logging.DirectJDKLog][restartedMain][173]Starting Servlet engine: [Apache Tomcat/9.0.78]
[2024-06-17 02:12:53.053][INFO ][org.apache.juli.logging.DirectJDKLog][restartedMain][173]Initializing Spring embedded WebApplicationContext
[2024-06-17 02:12:53.053][INFO ][org.springframework.boot.web.servlet.context.ServletWebServerApplicationContext][restartedMain][292]Root WebApplicationContext: initialization completed in 13609 ms
[2024-06-17 02:12:54.054][INFO ][org.hibernate.jpa.internal.util.LogHelper][restartedMain][31]HHH000204: Processing PersistenceUnitInfo [name: default]
[2024-06-17 02:12:55.055][INFO ][org.hibernate.Version][restartedMain][44]HHH000412: Hibernate ORM core version 5.6.15.Final
[2024-06-17 02:12:56.056][INFO ][org.hibernate.annotations.common.reflection.java.JavaReflectionManager][restartedMain][56]HCANN000001: Hibernate Commons Annotations {5.1.2.Final}
[2024-06-17 02:12:56.056][INFO ][com.zaxxer.hikari.HikariDataSource][restartedMain][110]HikariPool-1 - Starting...
[2024-06-17 02:12:58.058][INFO ][com.zaxxer.hikari.HikariDataSource][restartedMain][123]HikariPool-1 - Start completed.
[2024-06-17 02:12:58.058][INFO ][org.hibernate.dialect.Dialect][restartedMain][175]HHH000400: Using dialect: org.hibernate.dialect.PostgreSQL10Dialect
[2024-06-17 02:13:04.004][INFO ][org.hibernate.engine.transaction.jta.platform.internal.JtaPlatformInitiator][restartedMain][52]HHH000490: Using JtaPlatform implementation: [org.hibernate.engine.transaction.jta.platform.internal.NoJtaPlatform]
[2024-06-17 02:13:04.004][INFO ][org.springframework.orm.jpa.AbstractEntityManagerFactoryBean][restartedMain][437]Initialized JPA EntityManagerFactory for persistence unit 'default'
[2024-06-17 02:13:07.007][WARN ][org.springframework.boot.autoconfigure.orm.jpa.JpaBaseConfiguration$JpaWebConfiguration][restartedMain][223]spring.jpa.open-in-view is enabled by default. Therefore, database queries may be performed during view rendering. Explicitly configure spring.jpa.open-in-view to disable this warning
[2024-06-17 02:13:08.008][WARN ][org.springframework.security.oauth2.provider.token.store.JwtAccessTokenConverter][restartedMain][306]Unable to create an RSA verifier from verifierKey (ignoreable if using MAC)
[2024-06-17 02:13:13.013][INFO ][org.springframework.security.web.DefaultSecurityFilterChain][restartedMain][55]Will secure Or [Ant [pattern='/oauth/token'], Ant [pattern='/oauth/token_key'], Ant [pattern='/oauth/check_token']] with [org.springframework.security.web.session.DisableEncodeUrlFilter@4142b016, org.springframework.security.web.context.request.async.WebAsyncManagerIntegrationFilter@16c11099, org.springframework.security.web.context.SecurityContextPersistenceFilter@2c44a794, org.springframework.security.web.header.HeaderWriterFilter@2ecff9ff, org.springframework.security.web.authentication.logout.LogoutFilter@3a7a9672, org.springframework.security.oauth2.provider.client.ClientCredentialsTokenEndpointFilter@31ad834f, org.springframework.security.web.authentication.www.BasicAuthenticationFilter@67ca237a, org.springframework.security.web.savedrequest.RequestCacheAwareFilter@17c89ebd, org.springframework.security.web.servletapi.SecurityContextHolderAwareRequestFilter@1b7556d7, org.springframework.security.web.authentication.AnonymousAuthenticationFilter@17825eec, org.springframework.security.web.session.SessionManagementFilter@f679aff, org.springframework.security.web.access.ExceptionTranslationFilter@140f342d, org.springframework.security.web.access.intercept.FilterSecurityInterceptor@5cb3c4aa]
[2024-06-17 02:13:18.018][INFO ][org.springframework.security.web.DefaultSecurityFilterChain][restartedMain][55]Will secure Ant [pattern='/**'] with [org.springframework.security.web.session.DisableEncodeUrlFilter@2d599c2c, org.springframework.security.web.context.request.async.WebAsyncManagerIntegrationFilter@5437bd78, org.springframework.security.web.context.SecurityContextPersistenceFilter@1566e0cd, org.springframework.security.web.header.HeaderWriterFilter@613009d4, org.springframework.web.filter.CorsFilter@979f9af, org.springframework.security.web.authentication.logout.LogoutFilter@3bd18164, org.springframework.security.oauth2.provider.authentication.OAuth2AuthenticationProcessingFilter@508a2fc6, org.springframework.security.web.authentication.UsernamePasswordAuthenticationFilter@61064da6, org.springframework.security.web.authentication.ui.DefaultLoginPageGeneratingFilter@5f4ec292, org.springframework.security.web.authentication.ui.DefaultLogoutPageGeneratingFilter@5ac1ee5b, org.springframework.security.web.savedrequest.RequestCacheAwareFilter@2cfd4ccf, org.springframework.security.web.servletapi.SecurityContextHolderAwareRequestFilter@4d628e2d, org.springframework.security.web.authentication.AnonymousAuthenticationFilter@3b18b1d3, org.springframework.security.web.session.SessionManagementFilter@3be53b68, org.springframework.security.web.access.ExceptionTranslationFilter@25c39c22, org.springframework.security.web.access.intercept.FilterSecurityInterceptor@24ff2d9c]
[2024-06-17 02:13:18.018][INFO ][org.springframework.security.web.DefaultSecurityFilterChain][restartedMain][55]Will secure any request with [org.springframework.security.web.session.DisableEncodeUrlFilter@21b32091, org.springframework.security.web.context.request.async.WebAsyncManagerIntegrationFilter@632eff97, org.springframework.security.web.context.SecurityContextPersistenceFilter@1762cddc, org.springframework.security.web.header.HeaderWriterFilter@6929764d, org.springframework.security.web.csrf.CsrfFilter@4d50f955, org.springframework.security.web.authentication.logout.LogoutFilter@32ddbf9, org.springframework.security.web.authentication.UsernamePasswordAuthenticationFilter@15ecb68e, org.springframework.security.web.authentication.ui.DefaultLoginPageGeneratingFilter@7d900bd7, org.springframework.security.web.authentication.ui.DefaultLogoutPageGeneratingFilter@13066dba, org.springframework.security.web.authentication.www.BasicAuthenticationFilter@71d64163, org.springframework.security.web.savedrequest.RequestCacheAwareFilter@12bdbe40, org.springframework.security.web.servletapi.SecurityContextHolderAwareRequestFilter@30043944, org.springframework.security.web.authentication.AnonymousAuthenticationFilter@5018ebe0, org.springframework.security.web.session.SessionManagementFilter@5d321d7e, org.springframework.security.web.access.ExceptionTranslationFilter@264473db, org.springframework.security.web.access.intercept.FilterSecurityInterceptor@17fab4a4]
[2024-06-17 02:13:21.021][INFO ][org.springframework.boot.devtools.autoconfigure.OptionalLiveReloadServer][restartedMain][59]LiveReload server is running on port 35729
[2024-06-17 02:13:22.022][INFO ][org.apache.kafka.common.config.AbstractConfig][restartedMain][347]ConsumerConfig values: 
	allow.auto.create.topics = true
	auto.commit.interval.ms = 5000
	auto.offset.reset = earliest
	bootstrap.servers = [localhost:9092]
	check.crcs = true
	client.dns.lookup = default
	client.id = 
	client.rack = 
	connections.max.idle.ms = 540000
	default.api.timeout.ms = 60000
	enable.auto.commit = false
	exclude.internal.topics = true
	fetch.max.bytes = 52428800
	fetch.max.wait.ms = 500
	fetch.min.bytes = 1
	group.id = my_group_id
	group.instance.id = null
	heartbeat.interval.ms = 3000
	interceptor.classes = []
	internal.leave.group.on.close = true
	isolation.level = read_uncommitted
	key.deserializer = class org.apache.kafka.common.serialization.StringDeserializer
	max.partition.fetch.bytes = 1048576
	max.poll.interval.ms = 300000
	max.poll.records = 500
	metadata.max.age.ms = 300000
	metric.reporters = []
	metrics.num.samples = 2
	metrics.recording.level = INFO
	metrics.sample.window.ms = 30000
	partition.assignment.strategy = [class org.apache.kafka.clients.consumer.RangeAssignor]
	receive.buffer.bytes = 65536
	reconnect.backoff.max.ms = 1000
	reconnect.backoff.ms = 50
	request.timeout.ms = 30000
	retry.backoff.ms = 100
	sasl.client.callback.handler.class = null
	sasl.jaas.config = null
	sasl.kerberos.kinit.cmd = /usr/bin/kinit
	sasl.kerberos.min.time.before.relogin = 60000
	sasl.kerberos.service.name = null
	sasl.kerberos.ticket.renew.jitter = 0.05
	sasl.kerberos.ticket.renew.window.factor = 0.8
	sasl.login.callback.handler.class = null
	sasl.login.class = null
	sasl.login.refresh.buffer.seconds = 300
	sasl.login.refresh.min.period.seconds = 60
	sasl.login.refresh.window.factor = 0.8
	sasl.login.refresh.window.jitter = 0.05
	sasl.mechanism = GSSAPI
	security.protocol = PLAINTEXT
	security.providers = null
	send.buffer.bytes = 131072
	session.timeout.ms = 10000
	ssl.cipher.suites = null
	ssl.enabled.protocols = [TLSv1.2]
	ssl.endpoint.identification.algorithm = https
	ssl.key.password = null
	ssl.keymanager.algorithm = SunX509
	ssl.keystore.location = null
	ssl.keystore.password = null
	ssl.keystore.type = JKS
	ssl.protocol = TLSv1.2
	ssl.provider = null
	ssl.secure.random.implementation = null
	ssl.trustmanager.algorithm = PKIX
	ssl.truststore.location = null
	ssl.truststore.password = null
	ssl.truststore.type = JKS
	value.deserializer = class org.apache.kafka.common.serialization.StringDeserializer

[2024-06-17 02:13:23.023][INFO ][org.apache.kafka.common.utils.AppInfoParser$AppInfo][restartedMain][117]Kafka version: 2.5.0
[2024-06-17 02:13:23.023][INFO ][org.apache.kafka.common.utils.AppInfoParser$AppInfo][restartedMain][118]Kafka commitId: 66563e712b0b9f84
[2024-06-17 02:13:23.023][INFO ][org.apache.kafka.common.utils.AppInfoParser$AppInfo][restartedMain][119]Kafka startTimeMs: 1718565203225
[2024-06-17 02:13:23.023][INFO ][org.apache.kafka.clients.consumer.KafkaConsumer][restartedMain][974][Consumer clientId=consumer-my_group_id-1, groupId=my_group_id] Subscribed to topic(s): my_topic
[2024-06-17 02:13:23.023][INFO ][org.apache.juli.logging.DirectJDKLog][restartedMain][173]Starting ProtocolHandler ["http-nio-8083"]
[2024-06-17 02:13:23.023][INFO ][org.springframework.boot.web.embedded.tomcat.TomcatWebServer][restartedMain][220]Tomcat started on port(s): 8083 (http) with context path '/api'
[2024-06-17 02:13:23.023][INFO ][org.springframework.boot.StartupInfoLogger][restartedMain][61]Started Batch7Application in 47.405 seconds (JVM running for 53.087)
[2024-06-17 02:13:25.025][INFO ][org.apache.kafka.clients.Metadata][org.springframework.kafka.KafkaListenerEndpointContainer#0-0-C-1][280][Consumer clientId=consumer-my_group_id-1, groupId=my_group_id] Cluster ID: frU6mar8SZ67uk7opc5b6Q
[2024-06-17 02:13:25.025][INFO ][org.apache.kafka.clients.consumer.internals.AbstractCoordinator$FindCoordinatorResponseHandler][org.springframework.kafka.KafkaListenerEndpointContainer#0-0-C-1][797][Consumer clientId=consumer-my_group_id-1, groupId=my_group_id] Discovered group coordinator localhost:9092 (id: 2147483647 rack: null)
[2024-06-17 02:13:25.025][INFO ][org.apache.kafka.clients.consumer.internals.AbstractCoordinator][org.springframework.kafka.KafkaListenerEndpointContainer#0-0-C-1][552][Consumer clientId=consumer-my_group_id-1, groupId=my_group_id] (Re-)joining group
[2024-06-17 02:13:25.025][INFO ][org.apache.kafka.clients.consumer.internals.AbstractCoordinator][org.springframework.kafka.KafkaListenerEndpointContainer#0-0-C-1][455][Consumer clientId=consumer-my_group_id-1, groupId=my_group_id] Join group failed with org.apache.kafka.common.errors.MemberIdRequiredException: The group member needs to have a valid member id before actually entering a consumer group
[2024-06-17 02:13:25.025][INFO ][org.apache.kafka.clients.consumer.internals.AbstractCoordinator][org.springframework.kafka.KafkaListenerEndpointContainer#0-0-C-1][552][Consumer clientId=consumer-my_group_id-1, groupId=my_group_id] (Re-)joining group
[2024-06-17 02:13:26.026][INFO ][org.apache.kafka.clients.consumer.internals.ConsumerCoordinator][org.springframework.kafka.KafkaListenerEndpointContainer#0-0-C-1][604][Consumer clientId=consumer-my_group_id-1, groupId=my_group_id] Finished assignment for group at generation 9: {consumer-my_group_id-1-305a89e4-59e1-48b0-99e2-d055cd161a15=Assignment(partitions=[my_topic-0])}
[2024-06-17 02:13:26.026][INFO ][org.apache.kafka.clients.consumer.internals.AbstractCoordinator$2][org.springframework.kafka.KafkaListenerEndpointContainer#0-0-C-1][503][Consumer clientId=consumer-my_group_id-1, groupId=my_group_id] Successfully joined group with generation 9
[2024-06-17 02:13:26.026][INFO ][org.apache.kafka.clients.consumer.internals.ConsumerCoordinator][org.springframework.kafka.KafkaListenerEndpointContainer#0-0-C-1][273][Consumer clientId=consumer-my_group_id-1, groupId=my_group_id] Adding newly assigned partitions: my_topic-0
[2024-06-17 02:13:26.026][INFO ][org.apache.kafka.clients.consumer.internals.ConsumerCoordinator][org.springframework.kafka.KafkaListenerEndpointContainer#0-0-C-1][792][Consumer clientId=consumer-my_group_id-1, groupId=my_group_id] Setting offset for partition my_topic-0 to the committed offset FetchPosition{offset=8, offsetEpoch=Optional.empty, currentLeader=LeaderAndEpoch{leader=Optional[localhost:9092 (id: 0 rack: null)], epoch=0}}
[2024-06-17 02:13:26.026][INFO ][org.springframework.core.log.LogAccessor][org.springframework.kafka.KafkaListenerEndpointContainer#0-0-C-1][292]my_group_id: partitions assigned: [my_topic-0]
[2024-06-17 02:13:29.029][INFO ][com.example.batch7.Batch7Application][restartedMain][17]info logging level
[2024-06-17 02:13:29.029][ERROR][com.example.batch7.Batch7Application][restartedMain][18]eror logging level
[2024-06-17 02:13:29.029][WARN ][com.example.batch7.Batch7Application][restartedMain][19]warning logging level
[2024-06-17 02:13:29.029][ERROR][com.example.batch7.Batch7Application][restartedMain][22]Error processing request
[2024-06-17 02:14:20.020][INFO ][org.apache.juli.logging.DirectJDKLog][http-nio-8083-exec-1][173]Initializing Spring DispatcherServlet 'dispatcherServlet'
[2024-06-17 02:14:20.020][INFO ][org.springframework.web.servlet.FrameworkServlet][http-nio-8083-exec-1][525]Initializing Servlet 'dispatcherServlet'
[2024-06-17 02:14:20.020][INFO ][org.springframework.web.servlet.FrameworkServlet][http-nio-8083-exec-1][547]Completed initialization in 3 ms
[2024-06-17 02:14:21.021][INFO ][org.apache.kafka.common.config.AbstractConfig][http-nio-8083-exec-1][347]ProducerConfig values: 
	acks = 1
	batch.size = 16384
	bootstrap.servers = [localhost:9092]
	buffer.memory = 33554432
	client.dns.lookup = default
	client.id = producer-1
	compression.type = none
	connections.max.idle.ms = 540000
	delivery.timeout.ms = 120000
	enable.idempotence = false
	interceptor.classes = []
	key.serializer = class org.apache.kafka.common.serialization.StringSerializer
	linger.ms = 0
	max.block.ms = 60000
	max.in.flight.requests.per.connection = 5
	max.request.size = 1048576
	metadata.max.age.ms = 300000
	metadata.max.idle.ms = 300000
	metric.reporters = []
	metrics.num.samples = 2
	metrics.recording.level = INFO
	metrics.sample.window.ms = 30000
	partitioner.class = class org.apache.kafka.clients.producer.internals.DefaultPartitioner
	receive.buffer.bytes = 32768
	reconnect.backoff.max.ms = 1000
	reconnect.backoff.ms = 50
	request.timeout.ms = 30000
	retries = 2147483647
	retry.backoff.ms = 100
	sasl.client.callback.handler.class = null
	sasl.jaas.config = null
	sasl.kerberos.kinit.cmd = /usr/bin/kinit
	sasl.kerberos.min.time.before.relogin = 60000
	sasl.kerberos.service.name = null
	sasl.kerberos.ticket.renew.jitter = 0.05
	sasl.kerberos.ticket.renew.window.factor = 0.8
	sasl.login.callback.handler.class = null
	sasl.login.class = null
	sasl.login.refresh.buffer.seconds = 300
	sasl.login.refresh.min.period.seconds = 60
	sasl.login.refresh.window.factor = 0.8
	sasl.login.refresh.window.jitter = 0.05
	sasl.mechanism = GSSAPI
	security.protocol = PLAINTEXT
	security.providers = null
	send.buffer.bytes = 131072
	ssl.cipher.suites = null
	ssl.enabled.protocols = [TLSv1.2]
	ssl.endpoint.identification.algorithm = https
	ssl.key.password = null
	ssl.keymanager.algorithm = SunX509
	ssl.keystore.location = null
	ssl.keystore.password = null
	ssl.keystore.type = JKS
	ssl.protocol = TLSv1.2
	ssl.provider = null
	ssl.secure.random.implementation = null
	ssl.trustmanager.algorithm = PKIX
	ssl.truststore.location = null
	ssl.truststore.password = null
	ssl.truststore.type = JKS
	transaction.timeout.ms = 60000
	transactional.id = null
	value.serializer = class org.apache.kafka.common.serialization.StringSerializer

[2024-06-17 02:14:21.021][INFO ][org.apache.kafka.common.utils.AppInfoParser$AppInfo][http-nio-8083-exec-1][117]Kafka version: 2.5.0
[2024-06-17 02:14:21.021][INFO ][org.apache.kafka.common.utils.AppInfoParser$AppInfo][http-nio-8083-exec-1][118]Kafka commitId: 66563e712b0b9f84
[2024-06-17 02:14:21.021][INFO ][org.apache.kafka.common.utils.AppInfoParser$AppInfo][http-nio-8083-exec-1][119]Kafka startTimeMs: 1718565261252
[2024-06-17 02:14:21.021][INFO ][org.apache.kafka.clients.Metadata][kafka-producer-network-thread | producer-1][280][Producer clientId=producer-1] Cluster ID: frU6mar8SZ67uk7opc5b6Q
