[2024-05-02 20:10:59,008][INFO ][org.springframework.boot.StartupInfoLogger][main][50]Starting Batch7Application using Java 18.0.2.1 with PID 3700 (E:\binar\Binar Batch 7\MODUL\batch7\batch7-spring-boot\target\classes started by USER in E:\binar\Binar Batch 7\MODUL\batch7\batch7-spring-boot)
[2024-05-02 20:10:59,013][INFO ][org.springframework.boot.SpringApplication][main][654]No active profile set, falling back to 1 default profile: "default"
[2024-05-02 20:11:00,675][INFO ][org.springframework.data.repository.config.RepositoryConfigurationDelegate][main][143]Bootstrapping Spring Data JPA repositories in DEFAULT mode.
[2024-05-02 20:11:00,887][INFO ][org.springframework.data.repository.config.RepositoryConfigurationDelegate][main][211]Finished Spring Data repository scanning in 189 ms. Found 1 JPA repository interface.
[2024-05-02 20:11:02,308][INFO ][org.springframework.boot.web.embedded.tomcat.TomcatWebServer][main][109]Tomcat initialized with port 8081 (http)
[2024-05-02 20:11:02,331][INFO ][org.apache.juli.logging.DirectJDKLog][main][173]Initializing ProtocolHandler ["http-nio-8081"]
[2024-05-02 20:11:02,335][INFO ][org.apache.juli.logging.DirectJDKLog][main][173]Starting service [Tomcat]
[2024-05-02 20:11:02,335][INFO ][org.apache.juli.logging.DirectJDKLog][main][173]Starting Servlet engine: [Apache Tomcat/10.1.20]
[2024-05-02 20:11:02,455][INFO ][org.apache.juli.logging.DirectJDKLog][main][173]Initializing Spring embedded WebApplicationContext
[2024-05-02 20:11:02,456][INFO ][org.springframework.boot.web.servlet.context.ServletWebServerApplicationContext][main][296]Root WebApplicationContext: initialization completed in 3306 ms
[2024-05-02 20:11:02,881][INFO ][org.hibernate.jpa.internal.util.LogHelper][main][31]HHH000204: Processing PersistenceUnitInfo [name: default]
[2024-05-02 20:11:03,077][INFO ][org.hibernate.Version][main][44]HHH000412: Hibernate ORM core version 6.4.4.Final
[2024-05-02 20:11:03,173][INFO ][org.hibernate.cache.internal.RegionFactoryInitiator][main][50]HHH000026: Second-level cache disabled
[2024-05-02 20:11:03,697][INFO ][org.springframework.orm.jpa.persistenceunit.SpringPersistenceUnitInfo][main][87]No LoadTimeWeaver setup: ignoring JPA class transformer
[2024-05-02 20:11:03,763][INFO ][com.zaxxer.hikari.HikariDataSource][main][110]HikariPool-1 - Starting...
[2024-05-02 20:11:04,193][INFO ][com.zaxxer.hikari.pool.HikariPool][main][565]HikariPool-1 - Added connection org.postgresql.jdbc.PgConnection@64f32e9e
[2024-05-02 20:11:04,197][INFO ][com.zaxxer.hikari.HikariDataSource][main][123]HikariPool-1 - Start completed.
[2024-05-02 20:11:06,443][INFO ][org.hibernate.engine.transaction.jta.platform.internal.JtaPlatformInitiator][main][58]HHH000489: No JTA platform available (set 'hibernate.transaction.jta.platform' to enable JTA platform integration)
[2024-05-02 20:11:06,697][INFO ][org.springframework.orm.jpa.AbstractEntityManagerFactoryBean][main][437]Initialized JPA EntityManagerFactory for persistence unit 'default'
[2024-05-02 20:11:07,384][INFO ][org.springframework.data.jpa.repository.query.QueryEnhancerFactory][main][49]Hibernate is in classpath; If applicable, HQL parser will be used.
[2024-05-02 20:11:08,369][WARN ][org.springframework.boot.autoconfigure.orm.jpa.JpaBaseConfiguration$JpaWebConfiguration][main][232]spring.jpa.open-in-view is enabled by default. Therefore, database queries may be performed during view rendering. Explicitly configure spring.jpa.open-in-view to disable this warning
[2024-05-02 20:11:08,971][WARN ][org.springframework.boot.autoconfigure.thymeleaf.ThymeleafAutoConfiguration$DefaultTemplateResolverConfiguration][main][101]Cannot find template location: classpath:/templates/ (please add some templates, check your Thymeleaf configuration, or set spring.thymeleaf.check-template-location=false)
[2024-05-02 20:11:09,134][INFO ][org.apache.juli.logging.DirectJDKLog][main][173]Starting ProtocolHandler ["http-nio-8081"]
[2024-05-02 20:11:09,151][WARN ][org.springframework.context.support.AbstractApplicationContext][main][632]Exception encountered during context initialization - cancelling refresh attempt: org.springframework.context.ApplicationContextException: Failed to start bean 'webServerStartStop'
[2024-05-02 20:11:09,153][INFO ][org.springframework.orm.jpa.AbstractEntityManagerFactoryBean][main][650]Closing JPA EntityManagerFactory for persistence unit 'default'
[2024-05-02 20:11:09,208][INFO ][com.zaxxer.hikari.HikariDataSource][main][350]HikariPool-1 - Shutdown initiated...
[2024-05-02 20:11:09,252][INFO ][com.zaxxer.hikari.HikariDataSource][main][352]HikariPool-1 - Shutdown completed.
[2024-05-02 20:11:09,287][INFO ][org.springframework.boot.autoconfigure.logging.ConditionEvaluationReportLogger][main][82]

Error starting ApplicationContext. To display the condition evaluation report re-run your application with 'debug' enabled.
[2024-05-02 20:11:09,326][ERROR][org.springframework.boot.diagnostics.LoggingFailureAnalysisReporter][main][40]

***************************
APPLICATION FAILED TO START
***************************

Description:

Web server failed to start. Port 8081 was already in use.

Action:

Identify and stop the process that's listening on port 8081 or configure this application to listen on another port.

[2024-05-02 20:11:26,814][INFO ][org.springframework.boot.StartupInfoLogger][main][50]Starting Batch7Application using Java 18.0.2.1 with PID 7556 (E:\binar\Binar Batch 7\MODUL\batch7\batch7-spring-boot\target\classes started by USER in E:\binar\Binar Batch 7\MODUL\batch7\batch7-spring-boot)
[2024-05-02 20:11:26,822][INFO ][org.springframework.boot.SpringApplication][main][654]No active profile set, falling back to 1 default profile: "default"
[2024-05-02 20:11:28,573][INFO ][org.springframework.data.repository.config.RepositoryConfigurationDelegate][main][143]Bootstrapping Spring Data JPA repositories in DEFAULT mode.
[2024-05-02 20:11:28,717][INFO ][org.springframework.data.repository.config.RepositoryConfigurationDelegate][main][211]Finished Spring Data repository scanning in 128 ms. Found 1 JPA repository interface.
[2024-05-02 20:11:30,036][INFO ][org.springframework.boot.web.embedded.tomcat.TomcatWebServer][main][109]Tomcat initialized with port 8082 (http)
[2024-05-02 20:11:30,058][INFO ][org.apache.juli.logging.DirectJDKLog][main][173]Initializing ProtocolHandler ["http-nio-8082"]
[2024-05-02 20:11:30,061][INFO ][org.apache.juli.logging.DirectJDKLog][main][173]Starting service [Tomcat]
[2024-05-02 20:11:30,062][INFO ][org.apache.juli.logging.DirectJDKLog][main][173]Starting Servlet engine: [Apache Tomcat/10.1.20]
[2024-05-02 20:11:30,175][INFO ][org.apache.juli.logging.DirectJDKLog][main][173]Initializing Spring embedded WebApplicationContext
[2024-05-02 20:11:30,176][INFO ][org.springframework.boot.web.servlet.context.ServletWebServerApplicationContext][main][296]Root WebApplicationContext: initialization completed in 3139 ms
[2024-05-02 20:11:30,511][INFO ][org.hibernate.jpa.internal.util.LogHelper][main][31]HHH000204: Processing PersistenceUnitInfo [name: default]
[2024-05-02 20:11:30,646][INFO ][org.hibernate.Version][main][44]HHH000412: Hibernate ORM core version 6.4.4.Final
[2024-05-02 20:11:30,736][INFO ][org.hibernate.cache.internal.RegionFactoryInitiator][main][50]HHH000026: Second-level cache disabled
[2024-05-02 20:11:31,178][INFO ][org.springframework.orm.jpa.persistenceunit.SpringPersistenceUnitInfo][main][87]No LoadTimeWeaver setup: ignoring JPA class transformer
[2024-05-02 20:11:31,241][INFO ][com.zaxxer.hikari.HikariDataSource][main][110]HikariPool-1 - Starting...
[2024-05-02 20:11:31,603][INFO ][com.zaxxer.hikari.pool.HikariPool][main][565]HikariPool-1 - Added connection org.postgresql.jdbc.PgConnection@4d25f816
[2024-05-02 20:11:31,605][INFO ][com.zaxxer.hikari.HikariDataSource][main][123]HikariPool-1 - Start completed.
[2024-05-02 20:11:33,896][INFO ][org.hibernate.engine.transaction.jta.platform.internal.JtaPlatformInitiator][main][58]HHH000489: No JTA platform available (set 'hibernate.transaction.jta.platform' to enable JTA platform integration)
[2024-05-02 20:11:33,953][WARN ][org.hibernate.engine.jdbc.spi.SqlExceptionHelper$StandardWarningHandler][main][238]SQL Warning Code: 0, SQLState: 00000
[2024-05-02 20:11:33,954][WARN ][org.hibernate.engine.jdbc.spi.SqlExceptionHelper$StandardWarningHandler][main][239]relation "employee" does not exist, skipping
[2024-05-02 20:11:33,954][WARN ][org.hibernate.engine.jdbc.spi.SqlExceptionHelper$StandardWarningHandler][main][238]SQL Warning Code: 0, SQLState: 00000
[2024-05-02 20:11:33,955][WARN ][org.hibernate.engine.jdbc.spi.SqlExceptionHelper$StandardWarningHandler][main][239]relation "karyawan_training" does not exist, skipping
[2024-05-02 20:11:33,956][WARN ][org.hibernate.engine.jdbc.spi.SqlExceptionHelper$StandardWarningHandler][main][238]SQL Warning Code: 0, SQLState: 00000
[2024-05-02 20:11:33,956][WARN ][org.hibernate.engine.jdbc.spi.SqlExceptionHelper$StandardWarningHandler][main][239]relation "karyawan_training" does not exist, skipping
[2024-05-02 20:11:33,957][WARN ][org.hibernate.engine.jdbc.spi.SqlExceptionHelper$StandardWarningHandler][main][238]SQL Warning Code: 0, SQLState: 00000
[2024-05-02 20:11:33,957][WARN ][org.hibernate.engine.jdbc.spi.SqlExceptionHelper$StandardWarningHandler][main][239]relation "rekening" does not exist, skipping
[2024-05-02 20:11:33,959][WARN ][org.hibernate.engine.jdbc.spi.SqlExceptionHelper$StandardWarningHandler][main][238]SQL Warning Code: 0, SQLState: 00000
[2024-05-02 20:11:33,959][WARN ][org.hibernate.engine.jdbc.spi.SqlExceptionHelper$StandardWarningHandler][main][239]table "detail_karyawan" does not exist, skipping
[2024-05-02 20:11:33,959][WARN ][org.hibernate.engine.jdbc.spi.SqlExceptionHelper$StandardWarningHandler][main][238]SQL Warning Code: 0, SQLState: 00000
[2024-05-02 20:11:33,960][WARN ][org.hibernate.engine.jdbc.spi.SqlExceptionHelper$StandardWarningHandler][main][239]table "employee" does not exist, skipping
[2024-05-02 20:11:33,960][WARN ][org.hibernate.engine.jdbc.spi.SqlExceptionHelper$StandardWarningHandler][main][238]SQL Warning Code: 0, SQLState: 00000
[2024-05-02 20:11:33,960][WARN ][org.hibernate.engine.jdbc.spi.SqlExceptionHelper$StandardWarningHandler][main][239]table "karyawan_training" does not exist, skipping
[2024-05-02 20:11:33,961][WARN ][org.hibernate.engine.jdbc.spi.SqlExceptionHelper$StandardWarningHandler][main][238]SQL Warning Code: 0, SQLState: 00000
[2024-05-02 20:11:33,961][WARN ][org.hibernate.engine.jdbc.spi.SqlExceptionHelper$StandardWarningHandler][main][239]table "rekening" does not exist, skipping
[2024-05-02 20:11:33,962][WARN ][org.hibernate.engine.jdbc.spi.SqlExceptionHelper$StandardWarningHandler][main][238]SQL Warning Code: 0, SQLState: 00000
[2024-05-02 20:11:33,962][WARN ][org.hibernate.engine.jdbc.spi.SqlExceptionHelper$StandardWarningHandler][main][239]table "training" does not exist, skipping
[2024-05-02 20:11:34,073][INFO ][org.springframework.orm.jpa.AbstractEntityManagerFactoryBean][main][437]Initialized JPA EntityManagerFactory for persistence unit 'default'
[2024-05-02 20:11:34,752][INFO ][org.springframework.data.jpa.repository.query.QueryEnhancerFactory][main][49]Hibernate is in classpath; If applicable, HQL parser will be used.
[2024-05-02 20:11:35,557][WARN ][org.springframework.boot.autoconfigure.orm.jpa.JpaBaseConfiguration$JpaWebConfiguration][main][232]spring.jpa.open-in-view is enabled by default. Therefore, database queries may be performed during view rendering. Explicitly configure spring.jpa.open-in-view to disable this warning
[2024-05-02 20:11:36,348][WARN ][org.springframework.boot.autoconfigure.thymeleaf.ThymeleafAutoConfiguration$DefaultTemplateResolverConfiguration][main][101]Cannot find template location: classpath:/templates/ (please add some templates, check your Thymeleaf configuration, or set spring.thymeleaf.check-template-location=false)
[2024-05-02 20:11:36,597][INFO ][org.apache.juli.logging.DirectJDKLog][main][173]Starting ProtocolHandler ["http-nio-8082"]
[2024-05-02 20:11:36,645][INFO ][org.springframework.boot.web.embedded.tomcat.TomcatWebServer][main][241]Tomcat started on port 8082 (http) with context path ''
[2024-05-02 20:11:36,664][INFO ][org.springframework.boot.StartupInfoLogger][main][56]Started Batch7Application in 11.364 seconds (process running for 12.303)
[2024-05-02 20:11:36,673][INFO ][com.example.batch7.Batch7Application][main][15]info logging level
[2024-05-02 20:11:36,673][ERROR][com.example.batch7.Batch7Application][main][16]eror logging level
[2024-05-02 20:11:36,674][WARN ][com.example.batch7.Batch7Application][main][17]warning logging level
[2024-05-02 20:11:36,674][ERROR][com.example.batch7.Batch7Application][main][20]Error processing request
[2024-05-02 20:11:47,841][INFO ][org.springframework.orm.jpa.AbstractEntityManagerFactoryBean][SpringApplicationShutdownHook][650]Closing JPA EntityManagerFactory for persistence unit 'default'
[2024-05-02 20:11:47,886][INFO ][com.zaxxer.hikari.HikariDataSource][SpringApplicationShutdownHook][350]HikariPool-1 - Shutdown initiated...
[2024-05-02 20:11:47,892][INFO ][com.zaxxer.hikari.HikariDataSource][SpringApplicationShutdownHook][352]HikariPool-1 - Shutdown completed.
[2024-05-02 20:11:56,951][INFO ][org.springframework.boot.StartupInfoLogger][main][50]Starting Batch7Application using Java 18.0.2.1 with PID 5556 (E:\binar\Binar Batch 7\MODUL\batch7\batch7-spring-boot\target\classes started by USER in E:\binar\Binar Batch 7\MODUL\batch7\batch7-spring-boot)
[2024-05-02 20:11:56,956][INFO ][org.springframework.boot.SpringApplication][main][654]No active profile set, falling back to 1 default profile: "default"
[2024-05-02 20:11:58,508][INFO ][org.springframework.data.repository.config.RepositoryConfigurationDelegate][main][143]Bootstrapping Spring Data JPA repositories in DEFAULT mode.
[2024-05-02 20:11:58,638][INFO ][org.springframework.data.repository.config.RepositoryConfigurationDelegate][main][211]Finished Spring Data repository scanning in 113 ms. Found 1 JPA repository interface.
[2024-05-02 20:11:59,921][INFO ][org.springframework.boot.web.embedded.tomcat.TomcatWebServer][main][109]Tomcat initialized with port 8082 (http)
[2024-05-02 20:11:59,955][INFO ][org.apache.juli.logging.DirectJDKLog][main][173]Initializing ProtocolHandler ["http-nio-8082"]
[2024-05-02 20:11:59,964][INFO ][org.apache.juli.logging.DirectJDKLog][main][173]Starting service [Tomcat]
[2024-05-02 20:11:59,965][INFO ][org.apache.juli.logging.DirectJDKLog][main][173]Starting Servlet engine: [Apache Tomcat/10.1.20]
[2024-05-02 20:12:00,166][INFO ][org.apache.juli.logging.DirectJDKLog][main][173]Initializing Spring embedded WebApplicationContext
[2024-05-02 20:12:00,167][INFO ][org.springframework.boot.web.servlet.context.ServletWebServerApplicationContext][main][296]Root WebApplicationContext: initialization completed in 3064 ms
[2024-05-02 20:12:00,639][INFO ][org.hibernate.jpa.internal.util.LogHelper][main][31]HHH000204: Processing PersistenceUnitInfo [name: default]
[2024-05-02 20:12:00,773][INFO ][org.hibernate.Version][main][44]HHH000412: Hibernate ORM core version 6.4.4.Final
[2024-05-02 20:12:00,836][INFO ][org.hibernate.cache.internal.RegionFactoryInitiator][main][50]HHH000026: Second-level cache disabled
[2024-05-02 20:12:01,270][INFO ][org.springframework.orm.jpa.persistenceunit.SpringPersistenceUnitInfo][main][87]No LoadTimeWeaver setup: ignoring JPA class transformer
[2024-05-02 20:12:01,333][INFO ][com.zaxxer.hikari.HikariDataSource][main][110]HikariPool-1 - Starting...
[2024-05-02 20:12:01,725][INFO ][com.zaxxer.hikari.pool.HikariPool][main][565]HikariPool-1 - Added connection org.postgresql.jdbc.PgConnection@3b770d07
[2024-05-02 20:12:01,728][INFO ][com.zaxxer.hikari.HikariDataSource][main][123]HikariPool-1 - Start completed.
[2024-05-02 20:12:03,836][INFO ][org.hibernate.engine.transaction.jta.platform.internal.JtaPlatformInitiator][main][58]HHH000489: No JTA platform available (set 'hibernate.transaction.jta.platform' to enable JTA platform integration)
[2024-05-02 20:12:03,860][WARN ][org.hibernate.engine.jdbc.spi.SqlExceptionHelper$StandardWarningHandler][main][238]SQL Warning Code: 0, SQLState: 00000
[2024-05-02 20:12:03,861][WARN ][org.hibernate.engine.jdbc.spi.SqlExceptionHelper$StandardWarningHandler][main][239]relation "employee" does not exist, skipping
[2024-05-02 20:12:03,863][WARN ][org.hibernate.engine.jdbc.spi.SqlExceptionHelper$StandardWarningHandler][main][238]SQL Warning Code: 0, SQLState: 00000
[2024-05-02 20:12:03,864][WARN ][org.hibernate.engine.jdbc.spi.SqlExceptionHelper$StandardWarningHandler][main][239]relation "karyawan_training" does not exist, skipping
[2024-05-02 20:12:03,866][WARN ][org.hibernate.engine.jdbc.spi.SqlExceptionHelper$StandardWarningHandler][main][238]SQL Warning Code: 0, SQLState: 00000
[2024-05-02 20:12:03,866][WARN ][org.hibernate.engine.jdbc.spi.SqlExceptionHelper$StandardWarningHandler][main][239]relation "karyawan_training" does not exist, skipping
[2024-05-02 20:12:03,867][WARN ][org.hibernate.engine.jdbc.spi.SqlExceptionHelper$StandardWarningHandler][main][238]SQL Warning Code: 0, SQLState: 00000
[2024-05-02 20:12:03,867][WARN ][org.hibernate.engine.jdbc.spi.SqlExceptionHelper$StandardWarningHandler][main][239]relation "rekening" does not exist, skipping
[2024-05-02 20:12:03,868][WARN ][org.hibernate.engine.jdbc.spi.SqlExceptionHelper$StandardWarningHandler][main][238]SQL Warning Code: 0, SQLState: 00000
[2024-05-02 20:12:03,869][WARN ][org.hibernate.engine.jdbc.spi.SqlExceptionHelper$StandardWarningHandler][main][239]table "detail_karyawan" does not exist, skipping
[2024-05-02 20:12:03,870][WARN ][org.hibernate.engine.jdbc.spi.SqlExceptionHelper$StandardWarningHandler][main][238]SQL Warning Code: 0, SQLState: 00000
[2024-05-02 20:12:03,870][WARN ][org.hibernate.engine.jdbc.spi.SqlExceptionHelper$StandardWarningHandler][main][239]table "employee" does not exist, skipping
[2024-05-02 20:12:03,870][WARN ][org.hibernate.engine.jdbc.spi.SqlExceptionHelper$StandardWarningHandler][main][238]SQL Warning Code: 0, SQLState: 00000
[2024-05-02 20:12:03,871][WARN ][org.hibernate.engine.jdbc.spi.SqlExceptionHelper$StandardWarningHandler][main][239]table "karyawan_training" does not exist, skipping
[2024-05-02 20:12:03,872][WARN ][org.hibernate.engine.jdbc.spi.SqlExceptionHelper$StandardWarningHandler][main][238]SQL Warning Code: 0, SQLState: 00000
[2024-05-02 20:12:03,872][WARN ][org.hibernate.engine.jdbc.spi.SqlExceptionHelper$StandardWarningHandler][main][239]table "rekening" does not exist, skipping
[2024-05-02 20:12:03,873][WARN ][org.hibernate.engine.jdbc.spi.SqlExceptionHelper$StandardWarningHandler][main][238]SQL Warning Code: 0, SQLState: 00000
[2024-05-02 20:12:03,873][WARN ][org.hibernate.engine.jdbc.spi.SqlExceptionHelper$StandardWarningHandler][main][239]table "training" does not exist, skipping
[2024-05-02 20:12:03,967][INFO ][org.springframework.orm.jpa.AbstractEntityManagerFactoryBean][main][437]Initialized JPA EntityManagerFactory for persistence unit 'default'
[2024-05-02 20:12:04,756][WARN ][org.springframework.context.support.AbstractApplicationContext][main][632]Exception encountered during context initialization - cancelling refresh attempt: org.springframework.beans.factory.UnsatisfiedDependencyException: Error creating bean with name 'employeeController': Unsatisfied dependency expressed through field 'employeeService': Error creating bean with name 'serviceImplEmployee': Unsatisfied dependency expressed through field 'employeeRepository': Error creating bean with name 'employeeRepository' defined in com.example.batch7.ch8.repository.EmployeeRepository defined in @EnableJpaRepositories declared on JpaRepositoriesRegistrar.EnableJpaRepositoriesConfiguration: Could not create query for public abstract java.util.List com.example.batch7.ch8.repository.EmployeeRepository.findByNameAndStatus1(java.lang.String,java.lang.String); Reason: Failed to create query for method public abstract java.util.List com.example.batch7.ch8.repository.EmployeeRepository.findByNameAndStatus1(java.lang.String,java.lang.String); No property 'status1' found for type 'Employee'; Did you mean 'status'
[2024-05-02 20:12:04,758][INFO ][org.springframework.orm.jpa.AbstractEntityManagerFactoryBean][main][650]Closing JPA EntityManagerFactory for persistence unit 'default'
[2024-05-02 20:12:04,816][INFO ][com.zaxxer.hikari.HikariDataSource][main][350]HikariPool-1 - Shutdown initiated...
[2024-05-02 20:12:04,824][INFO ][com.zaxxer.hikari.HikariDataSource][main][352]HikariPool-1 - Shutdown completed.
[2024-05-02 20:12:04,828][INFO ][org.apache.juli.logging.DirectJDKLog][main][173]Stopping service [Tomcat]
[2024-05-02 20:12:04,847][INFO ][org.springframework.boot.autoconfigure.logging.ConditionEvaluationReportLogger][main][82]

Error starting ApplicationContext. To display the condition evaluation report re-run your application with 'debug' enabled.
[2024-05-02 20:12:04,894][ERROR][org.springframework.boot.SpringApplication][main][851]Application run failed
org.springframework.beans.factory.UnsatisfiedDependencyException: Error creating bean with name 'employeeController': Unsatisfied dependency expressed through field 'employeeService': Error creating bean with name 'serviceImplEmployee': Unsatisfied dependency expressed through field 'employeeRepository': Error creating bean with name 'employeeRepository' defined in com.example.batch7.ch8.repository.EmployeeRepository defined in @EnableJpaRepositories declared on JpaRepositoriesRegistrar.EnableJpaRepositoriesConfiguration: Could not create query for public abstract java.util.List com.example.batch7.ch8.repository.EmployeeRepository.findByNameAndStatus1(java.lang.String,java.lang.String); Reason: Failed to create query for method public abstract java.util.List com.example.batch7.ch8.repository.EmployeeRepository.findByNameAndStatus1(java.lang.String,java.lang.String); No property 'status1' found for type 'Employee'; Did you mean 'status'
	at org.springframework.beans.factory.annotation.AutowiredAnnotationBeanPostProcessor$AutowiredFieldElement.resolveFieldValue(AutowiredAnnotationBeanPostProcessor.java:787)
	at org.springframework.beans.factory.annotation.AutowiredAnnotationBeanPostProcessor$AutowiredFieldElement.inject(AutowiredAnnotationBeanPostProcessor.java:767)
	at org.springframework.beans.factory.annotation.InjectionMetadata.inject(InjectionMetadata.java:145)
	at org.springframework.beans.factory.annotation.AutowiredAnnotationBeanPostProcessor.postProcessProperties(AutowiredAnnotationBeanPostProcessor.java:508)
	at org.springframework.beans.factory.support.AbstractAutowireCapableBeanFactory.populateBean(AbstractAutowireCapableBeanFactory.java:1419)
	at org.springframework.beans.factory.support.AbstractAutowireCapableBeanFactory.doCreateBean(AbstractAutowireCapableBeanFactory.java:599)
	at org.springframework.beans.factory.support.AbstractAutowireCapableBeanFactory.createBean(AbstractAutowireCapableBeanFactory.java:522)
	at org.springframework.beans.factory.support.AbstractBeanFactory.lambda$doGetBean$0(AbstractBeanFactory.java:326)
	at org.springframework.beans.factory.support.DefaultSingletonBeanRegistry.getSingleton(DefaultSingletonBeanRegistry.java:234)
	at org.springframework.beans.factory.support.AbstractBeanFactory.doGetBean(AbstractBeanFactory.java:324)
	at org.springframework.beans.factory.support.AbstractBeanFactory.getBean(AbstractBeanFactory.java:200)
	at org.springframework.beans.factory.support.DefaultListableBeanFactory.preInstantiateSingletons(DefaultListableBeanFactory.java:975)
	at org.springframework.context.support.AbstractApplicationContext.finishBeanFactoryInitialization(AbstractApplicationContext.java:962)
	at org.springframework.context.support.AbstractApplicationContext.refresh(AbstractApplicationContext.java:624)
	at org.springframework.boot.web.servlet.context.ServletWebServerApplicationContext.refresh(ServletWebServerApplicationContext.java:146)
	at org.springframework.boot.SpringApplication.refresh(SpringApplication.java:754)
	at org.springframework.boot.SpringApplication.refreshContext(SpringApplication.java:456)
	at org.springframework.boot.SpringApplication.run(SpringApplication.java:334)
	at org.springframework.boot.SpringApplication.run(SpringApplication.java:1354)
	at org.springframework.boot.SpringApplication.run(SpringApplication.java:1343)
	at com.example.batch7.Batch7Application.main(Batch7Application.java:14)
Caused by: org.springframework.beans.factory.UnsatisfiedDependencyException: Error creating bean with name 'serviceImplEmployee': Unsatisfied dependency expressed through field 'employeeRepository': Error creating bean with name 'employeeRepository' defined in com.example.batch7.ch8.repository.EmployeeRepository defined in @EnableJpaRepositories declared on JpaRepositoriesRegistrar.EnableJpaRepositoriesConfiguration: Could not create query for public abstract java.util.List com.example.batch7.ch8.repository.EmployeeRepository.findByNameAndStatus1(java.lang.String,java.lang.String); Reason: Failed to create query for method public abstract java.util.List com.example.batch7.ch8.repository.EmployeeRepository.findByNameAndStatus1(java.lang.String,java.lang.String); No property 'status1' found for type 'Employee'; Did you mean 'status'
	at org.springframework.beans.factory.annotation.AutowiredAnnotationBeanPostProcessor$AutowiredFieldElement.resolveFieldValue(AutowiredAnnotationBeanPostProcessor.java:787)
	at org.springframework.beans.factory.annotation.AutowiredAnnotationBeanPostProcessor$AutowiredFieldElement.inject(AutowiredAnnotationBeanPostProcessor.java:767)
	at org.springframework.beans.factory.annotation.InjectionMetadata.inject(InjectionMetadata.java:145)
	at org.springframework.beans.factory.annotation.AutowiredAnnotationBeanPostProcessor.postProcessProperties(AutowiredAnnotationBeanPostProcessor.java:508)
	at org.springframework.beans.factory.support.AbstractAutowireCapableBeanFactory.populateBean(AbstractAutowireCapableBeanFactory.java:1419)
	at org.springframework.beans.factory.support.AbstractAutowireCapableBeanFactory.doCreateBean(AbstractAutowireCapableBeanFactory.java:599)
	at org.springframework.beans.factory.support.AbstractAutowireCapableBeanFactory.createBean(AbstractAutowireCapableBeanFactory.java:522)
	at org.springframework.beans.factory.support.AbstractBeanFactory.lambda$doGetBean$0(AbstractBeanFactory.java:326)
	at org.springframework.beans.factory.support.DefaultSingletonBeanRegistry.getSingleton(DefaultSingletonBeanRegistry.java:234)
	at org.springframework.beans.factory.support.AbstractBeanFactory.doGetBean(AbstractBeanFactory.java:324)
	at org.springframework.beans.factory.support.AbstractBeanFactory.getBean(AbstractBeanFactory.java:200)
	at org.springframework.beans.factory.config.DependencyDescriptor.resolveCandidate(DependencyDescriptor.java:254)
	at org.springframework.beans.factory.support.DefaultListableBeanFactory.doResolveDependency(DefaultListableBeanFactory.java:1443)
	at org.springframework.beans.factory.support.DefaultListableBeanFactory.resolveDependency(DefaultListableBeanFactory.java:1353)
	at org.springframework.beans.factory.annotation.AutowiredAnnotationBeanPostProcessor$AutowiredFieldElement.resolveFieldValue(AutowiredAnnotationBeanPostProcessor.java:784)
	... 20 common frames omitted
Caused by: org.springframework.beans.factory.BeanCreationException: Error creating bean with name 'employeeRepository' defined in com.example.batch7.ch8.repository.EmployeeRepository defined in @EnableJpaRepositories declared on JpaRepositoriesRegistrar.EnableJpaRepositoriesConfiguration: Could not create query for public abstract java.util.List com.example.batch7.ch8.repository.EmployeeRepository.findByNameAndStatus1(java.lang.String,java.lang.String); Reason: Failed to create query for method public abstract java.util.List com.example.batch7.ch8.repository.EmployeeRepository.findByNameAndStatus1(java.lang.String,java.lang.String); No property 'status1' found for type 'Employee'; Did you mean 'status'
	at org.springframework.beans.factory.support.AbstractAutowireCapableBeanFactory.initializeBean(AbstractAutowireCapableBeanFactory.java:1786)
	at org.springframework.beans.factory.support.AbstractAutowireCapableBeanFactory.doCreateBean(AbstractAutowireCapableBeanFactory.java:600)
	at org.springframework.beans.factory.support.AbstractAutowireCapableBeanFactory.createBean(AbstractAutowireCapableBeanFactory.java:522)
	at org.springframework.beans.factory.support.AbstractBeanFactory.lambda$doGetBean$0(AbstractBeanFactory.java:326)
	at org.springframework.beans.factory.support.DefaultSingletonBeanRegistry.getSingleton(DefaultSingletonBeanRegistry.java:234)
	at org.springframework.beans.factory.support.AbstractBeanFactory.doGetBean(AbstractBeanFactory.java:324)
	at org.springframework.beans.factory.support.AbstractBeanFactory.getBean(AbstractBeanFactory.java:200)
	at org.springframework.beans.factory.config.DependencyDescriptor.resolveCandidate(DependencyDescriptor.java:254)
	at org.springframework.beans.factory.support.DefaultListableBeanFactory.doResolveDependency(DefaultListableBeanFactory.java:1443)
	at org.springframework.beans.factory.support.DefaultListableBeanFactory.resolveDependency(DefaultListableBeanFactory.java:1353)
	at org.springframework.beans.factory.annotation.AutowiredAnnotationBeanPostProcessor$AutowiredFieldElement.resolveFieldValue(AutowiredAnnotationBeanPostProcessor.java:784)
	... 34 common frames omitted
Caused by: org.springframework.data.repository.query.QueryCreationException: Could not create query for public abstract java.util.List com.example.batch7.ch8.repository.EmployeeRepository.findByNameAndStatus1(java.lang.String,java.lang.String); Reason: Failed to create query for method public abstract java.util.List com.example.batch7.ch8.repository.EmployeeRepository.findByNameAndStatus1(java.lang.String,java.lang.String); No property 'status1' found for type 'Employee'; Did you mean 'status'
	at org.springframework.data.repository.query.QueryCreationException.create(QueryCreationException.java:101)
	at org.springframework.data.repository.core.support.QueryExecutorMethodInterceptor.lookupQuery(QueryExecutorMethodInterceptor.java:115)
	at org.springframework.data.repository.core.support.QueryExecutorMethodInterceptor.mapMethodsToQuery(QueryExecutorMethodInterceptor.java:99)
	at org.springframework.data.repository.core.support.QueryExecutorMethodInterceptor.lambda$new$0(QueryExecutorMethodInterceptor.java:88)
	at java.base/java.util.Optional.map(Optional.java:260)
	at org.springframework.data.repository.core.support.QueryExecutorMethodInterceptor.<init>(QueryExecutorMethodInterceptor.java:88)
	at org.springframework.data.repository.core.support.RepositoryFactorySupport.getRepository(RepositoryFactorySupport.java:357)
	at org.springframework.data.repository.core.support.RepositoryFactoryBeanSupport.lambda$afterPropertiesSet$5(RepositoryFactoryBeanSupport.java:279)
	at org.springframework.data.util.Lazy.getNullable(Lazy.java:135)
	at org.springframework.data.util.Lazy.get(Lazy.java:113)
	at org.springframework.data.repository.core.support.RepositoryFactoryBeanSupport.afterPropertiesSet(RepositoryFactoryBeanSupport.java:285)
	at org.springframework.data.jpa.repository.support.JpaRepositoryFactoryBean.afterPropertiesSet(JpaRepositoryFactoryBean.java:132)
	at org.springframework.beans.factory.support.AbstractAutowireCapableBeanFactory.invokeInitMethods(AbstractAutowireCapableBeanFactory.java:1833)
	at org.springframework.beans.factory.support.AbstractAutowireCapableBeanFactory.initializeBean(AbstractAutowireCapableBeanFactory.java:1782)
	... 44 common frames omitted
Caused by: java.lang.IllegalArgumentException: Failed to create query for method public abstract java.util.List com.example.batch7.ch8.repository.EmployeeRepository.findByNameAndStatus1(java.lang.String,java.lang.String); No property 'status1' found for type 'Employee'; Did you mean 'status'
	at org.springframework.data.jpa.repository.query.PartTreeJpaQuery.<init>(PartTreeJpaQuery.java:106)
	at org.springframework.data.jpa.repository.query.JpaQueryLookupStrategy$CreateQueryLookupStrategy.resolveQuery(JpaQueryLookupStrategy.java:124)
	at org.springframework.data.jpa.repository.query.JpaQueryLookupStrategy$CreateIfNotFoundQueryLookupStrategy.resolveQuery(JpaQueryLookupStrategy.java:258)
	at org.springframework.data.jpa.repository.query.JpaQueryLookupStrategy$AbstractQueryLookupStrategy.resolveQuery(JpaQueryLookupStrategy.java:95)
	at org.springframework.data.repository.core.support.QueryExecutorMethodInterceptor.lookupQuery(QueryExecutorMethodInterceptor.java:111)
	... 56 common frames omitted
Caused by: org.springframework.data.mapping.PropertyReferenceException: No property 'status1' found for type 'Employee'; Did you mean 'status'
	at org.springframework.data.mapping.PropertyPath.<init>(PropertyPath.java:90)
	at org.springframework.data.mapping.PropertyPath.create(PropertyPath.java:443)
	at org.springframework.data.mapping.PropertyPath.create(PropertyPath.java:419)
	at org.springframework.data.mapping.PropertyPath.lambda$from$0(PropertyPath.java:372)
	at java.base/java.util.concurrent.ConcurrentMap.computeIfAbsent(ConcurrentMap.java:330)
	at org.springframework.data.mapping.PropertyPath.from(PropertyPath.java:354)
	at org.springframework.data.mapping.PropertyPath.from(PropertyPath.java:332)
	at org.springframework.data.repository.query.parser.Part.<init>(Part.java:81)
	at org.springframework.data.repository.query.parser.PartTree$OrPart.lambda$new$0(PartTree.java:259)
	at java.base/java.util.stream.ReferencePipeline$3$1.accept(ReferencePipeline.java:197)
	at java.base/java.util.stream.ReferencePipeline$2$1.accept(ReferencePipeline.java:179)
	at java.base/java.util.Spliterators$ArraySpliterator.forEachRemaining(Spliterators.java:992)
	at java.base/java.util.stream.AbstractPipeline.copyInto(AbstractPipeline.java:509)
	at java.base/java.util.stream.AbstractPipeline.wrapAndCopyInto(AbstractPipeline.java:499)
	at java.base/java.util.stream.ReduceOps$ReduceOp.evaluateSequential(ReduceOps.java:921)
	at java.base/java.util.stream.AbstractPipeline.evaluate(AbstractPipeline.java:234)
	at java.base/java.util.stream.ReferencePipeline.collect(ReferencePipeline.java:682)
	at org.springframework.data.repository.query.parser.PartTree$OrPart.<init>(PartTree.java:260)
	at org.springframework.data.repository.query.parser.PartTree$Predicate.lambda$new$0(PartTree.java:389)
	at java.base/java.util.stream.ReferencePipeline$3$1.accept(ReferencePipeline.java:197)
	at java.base/java.util.stream.ReferencePipeline$2$1.accept(ReferencePipeline.java:179)
	at java.base/java.util.Spliterators$ArraySpliterator.forEachRemaining(Spliterators.java:992)
	at java.base/java.util.stream.AbstractPipeline.copyInto(AbstractPipeline.java:509)
	at java.base/java.util.stream.AbstractPipeline.wrapAndCopyInto(AbstractPipeline.java:499)
	at java.base/java.util.stream.ReduceOps$ReduceOp.evaluateSequential(ReduceOps.java:921)
	at java.base/java.util.stream.AbstractPipeline.evaluate(AbstractPipeline.java:234)
	at java.base/java.util.stream.ReferencePipeline.collect(ReferencePipeline.java:682)
	at org.springframework.data.repository.query.parser.PartTree$Predicate.<init>(PartTree.java:390)
	at org.springframework.data.repository.query.parser.PartTree.<init>(PartTree.java:103)
	at org.springframework.data.jpa.repository.query.PartTreeJpaQuery.<init>(PartTreeJpaQuery.java:100)
	... 60 common frames omitted
[2024-05-02 20:20:52,232][INFO ][org.springframework.boot.StartupInfoLogger][main][50]Starting Batch7Application using Java 18.0.2.1 with PID 1124 (E:\binar\Binar Batch 7\MODUL\batch7\batch7-spring-boot\target\classes started by USER in E:\binar\Binar Batch 7\MODUL\batch7\batch7-spring-boot)
[2024-05-02 20:20:52,240][INFO ][org.springframework.boot.SpringApplication][main][654]No active profile set, falling back to 1 default profile: "default"
[2024-05-02 20:20:53,735][INFO ][org.springframework.data.repository.config.RepositoryConfigurationDelegate][main][143]Bootstrapping Spring Data JPA repositories in DEFAULT mode.
[2024-05-02 20:20:53,863][INFO ][org.springframework.data.repository.config.RepositoryConfigurationDelegate][main][211]Finished Spring Data repository scanning in 116 ms. Found 1 JPA repository interface.
[2024-05-02 20:20:55,121][INFO ][org.springframework.boot.web.embedded.tomcat.TomcatWebServer][main][109]Tomcat initialized with port 8082 (http)
[2024-05-02 20:20:55,139][INFO ][org.apache.juli.logging.DirectJDKLog][main][173]Initializing ProtocolHandler ["http-nio-8082"]
[2024-05-02 20:20:55,146][INFO ][org.apache.juli.logging.DirectJDKLog][main][173]Starting service [Tomcat]
[2024-05-02 20:20:55,147][INFO ][org.apache.juli.logging.DirectJDKLog][main][173]Starting Servlet engine: [Apache Tomcat/10.1.20]
[2024-05-02 20:20:55,259][INFO ][org.apache.juli.logging.DirectJDKLog][main][173]Initializing Spring embedded WebApplicationContext
[2024-05-02 20:20:55,260][INFO ][org.springframework.boot.web.servlet.context.ServletWebServerApplicationContext][main][296]Root WebApplicationContext: initialization completed in 2906 ms
[2024-05-02 20:20:55,619][INFO ][org.hibernate.jpa.internal.util.LogHelper][main][31]HHH000204: Processing PersistenceUnitInfo [name: default]
[2024-05-02 20:20:55,885][INFO ][org.hibernate.Version][main][44]HHH000412: Hibernate ORM core version 6.4.4.Final
[2024-05-02 20:20:55,968][INFO ][org.hibernate.cache.internal.RegionFactoryInitiator][main][50]HHH000026: Second-level cache disabled
[2024-05-02 20:20:56,458][INFO ][org.springframework.orm.jpa.persistenceunit.SpringPersistenceUnitInfo][main][87]No LoadTimeWeaver setup: ignoring JPA class transformer
[2024-05-02 20:20:56,518][INFO ][com.zaxxer.hikari.HikariDataSource][main][110]HikariPool-1 - Starting...
[2024-05-02 20:20:56,889][INFO ][com.zaxxer.hikari.pool.HikariPool][main][565]HikariPool-1 - Added connection org.postgresql.jdbc.PgConnection@62058742
[2024-05-02 20:20:56,891][INFO ][com.zaxxer.hikari.HikariDataSource][main][123]HikariPool-1 - Start completed.
[2024-05-02 20:20:58,937][INFO ][org.hibernate.engine.transaction.jta.platform.internal.JtaPlatformInitiator][main][58]HHH000489: No JTA platform available (set 'hibernate.transaction.jta.platform' to enable JTA platform integration)
[2024-05-02 20:20:58,971][WARN ][org.hibernate.engine.jdbc.spi.SqlExceptionHelper$StandardWarningHandler][main][238]SQL Warning Code: 0, SQLState: 00000
[2024-05-02 20:20:58,971][WARN ][org.hibernate.engine.jdbc.spi.SqlExceptionHelper$StandardWarningHandler][main][239]relation "employee" does not exist, skipping
[2024-05-02 20:20:58,972][WARN ][org.hibernate.engine.jdbc.spi.SqlExceptionHelper$StandardWarningHandler][main][238]SQL Warning Code: 0, SQLState: 00000
[2024-05-02 20:20:58,972][WARN ][org.hibernate.engine.jdbc.spi.SqlExceptionHelper$StandardWarningHandler][main][239]relation "karyawan_training" does not exist, skipping
[2024-05-02 20:20:58,973][WARN ][org.hibernate.engine.jdbc.spi.SqlExceptionHelper$StandardWarningHandler][main][238]SQL Warning Code: 0, SQLState: 00000
[2024-05-02 20:20:58,973][WARN ][org.hibernate.engine.jdbc.spi.SqlExceptionHelper$StandardWarningHandler][main][239]relation "karyawan_training" does not exist, skipping
[2024-05-02 20:20:58,974][WARN ][org.hibernate.engine.jdbc.spi.SqlExceptionHelper$StandardWarningHandler][main][238]SQL Warning Code: 0, SQLState: 00000
[2024-05-02 20:20:58,974][WARN ][org.hibernate.engine.jdbc.spi.SqlExceptionHelper$StandardWarningHandler][main][239]relation "rekening" does not exist, skipping
[2024-05-02 20:20:58,975][WARN ][org.hibernate.engine.jdbc.spi.SqlExceptionHelper$StandardWarningHandler][main][238]SQL Warning Code: 0, SQLState: 00000
[2024-05-02 20:20:58,975][WARN ][org.hibernate.engine.jdbc.spi.SqlExceptionHelper$StandardWarningHandler][main][239]table "detail_karyawan" does not exist, skipping
[2024-05-02 20:20:58,976][WARN ][org.hibernate.engine.jdbc.spi.SqlExceptionHelper$StandardWarningHandler][main][238]SQL Warning Code: 0, SQLState: 00000
[2024-05-02 20:20:58,976][WARN ][org.hibernate.engine.jdbc.spi.SqlExceptionHelper$StandardWarningHandler][main][239]table "employee" does not exist, skipping
[2024-05-02 20:20:58,976][WARN ][org.hibernate.engine.jdbc.spi.SqlExceptionHelper$StandardWarningHandler][main][238]SQL Warning Code: 0, SQLState: 00000
[2024-05-02 20:20:58,976][WARN ][org.hibernate.engine.jdbc.spi.SqlExceptionHelper$StandardWarningHandler][main][239]table "karyawan_training" does not exist, skipping
[2024-05-02 20:20:58,977][WARN ][org.hibernate.engine.jdbc.spi.SqlExceptionHelper$StandardWarningHandler][main][238]SQL Warning Code: 0, SQLState: 00000
[2024-05-02 20:20:58,977][WARN ][org.hibernate.engine.jdbc.spi.SqlExceptionHelper$StandardWarningHandler][main][239]table "rekening" does not exist, skipping
[2024-05-02 20:20:58,978][WARN ][org.hibernate.engine.jdbc.spi.SqlExceptionHelper$StandardWarningHandler][main][238]SQL Warning Code: 0, SQLState: 00000
[2024-05-02 20:20:58,978][WARN ][org.hibernate.engine.jdbc.spi.SqlExceptionHelper$StandardWarningHandler][main][239]table "training" does not exist, skipping
[2024-05-02 20:20:59,075][INFO ][org.springframework.orm.jpa.AbstractEntityManagerFactoryBean][main][437]Initialized JPA EntityManagerFactory for persistence unit 'default'
[2024-05-02 20:20:59,572][INFO ][org.springframework.data.jpa.repository.query.QueryEnhancerFactory][main][49]Hibernate is in classpath; If applicable, HQL parser will be used.
[2024-05-02 20:21:00,797][WARN ][org.springframework.boot.autoconfigure.orm.jpa.JpaBaseConfiguration$JpaWebConfiguration][main][232]spring.jpa.open-in-view is enabled by default. Therefore, database queries may be performed during view rendering. Explicitly configure spring.jpa.open-in-view to disable this warning
[2024-05-02 20:21:01,502][WARN ][org.springframework.boot.autoconfigure.thymeleaf.ThymeleafAutoConfiguration$DefaultTemplateResolverConfiguration][main][101]Cannot find template location: classpath:/templates/ (please add some templates, check your Thymeleaf configuration, or set spring.thymeleaf.check-template-location=false)
[2024-05-02 20:21:01,685][INFO ][org.apache.juli.logging.DirectJDKLog][main][173]Starting ProtocolHandler ["http-nio-8082"]
[2024-05-02 20:21:01,749][INFO ][org.springframework.boot.web.embedded.tomcat.TomcatWebServer][main][241]Tomcat started on port 8082 (http) with context path ''
[2024-05-02 20:21:01,777][INFO ][org.springframework.boot.StartupInfoLogger][main][56]Started Batch7Application in 10.618 seconds (process running for 11.409)
[2024-05-02 20:21:01,791][INFO ][com.example.batch7.Batch7Application][main][15]info logging level
[2024-05-02 20:21:01,792][ERROR][com.example.batch7.Batch7Application][main][16]eror logging level
[2024-05-02 20:21:01,792][WARN ][com.example.batch7.Batch7Application][main][17]warning logging level
[2024-05-02 20:21:01,793][ERROR][com.example.batch7.Batch7Application][main][20]Error processing request
[2024-05-02 20:21:29,712][INFO ][org.springframework.orm.jpa.AbstractEntityManagerFactoryBean][SpringApplicationShutdownHook][650]Closing JPA EntityManagerFactory for persistence unit 'default'
[2024-05-02 20:21:29,758][INFO ][com.zaxxer.hikari.HikariDataSource][SpringApplicationShutdownHook][350]HikariPool-1 - Shutdown initiated...
[2024-05-02 20:21:29,785][INFO ][com.zaxxer.hikari.HikariDataSource][SpringApplicationShutdownHook][352]HikariPool-1 - Shutdown completed.
[2024-05-02 20:23:42,249][INFO ][org.springframework.boot.StartupInfoLogger][main][50]Starting Batch7Application using Java 18.0.2.1 with PID 23900 (E:\binar\Binar Batch 7\MODUL\batch7\batch7-spring-boot\target\classes started by USER in E:\binar\Binar Batch 7\MODUL\batch7\batch7-spring-boot)
[2024-05-02 20:23:42,256][INFO ][org.springframework.boot.SpringApplication][main][654]No active profile set, falling back to 1 default profile: "default"
[2024-05-02 20:23:44,093][INFO ][org.springframework.data.repository.config.RepositoryConfigurationDelegate][main][143]Bootstrapping Spring Data JPA repositories in DEFAULT mode.
[2024-05-02 20:23:44,247][INFO ][org.springframework.data.repository.config.RepositoryConfigurationDelegate][main][211]Finished Spring Data repository scanning in 134 ms. Found 1 JPA repository interface.
[2024-05-02 20:23:45,681][INFO ][org.springframework.boot.web.embedded.tomcat.TomcatWebServer][main][109]Tomcat initialized with port 8082 (http)
[2024-05-02 20:23:45,698][INFO ][org.apache.juli.logging.DirectJDKLog][main][173]Initializing ProtocolHandler ["http-nio-8082"]
[2024-05-02 20:23:45,700][INFO ][org.apache.juli.logging.DirectJDKLog][main][173]Starting service [Tomcat]
[2024-05-02 20:23:45,701][INFO ][org.apache.juli.logging.DirectJDKLog][main][173]Starting Servlet engine: [Apache Tomcat/10.1.20]
[2024-05-02 20:23:45,813][INFO ][org.apache.juli.logging.DirectJDKLog][main][173]Initializing Spring embedded WebApplicationContext
[2024-05-02 20:23:45,814][INFO ][org.springframework.boot.web.servlet.context.ServletWebServerApplicationContext][main][296]Root WebApplicationContext: initialization completed in 3451 ms
[2024-05-02 20:23:46,154][INFO ][org.hibernate.jpa.internal.util.LogHelper][main][31]HHH000204: Processing PersistenceUnitInfo [name: default]
[2024-05-02 20:23:46,257][INFO ][org.hibernate.Version][main][44]HHH000412: Hibernate ORM core version 6.4.4.Final
[2024-05-02 20:23:46,306][INFO ][org.hibernate.cache.internal.RegionFactoryInitiator][main][50]HHH000026: Second-level cache disabled
[2024-05-02 20:23:46,661][INFO ][org.springframework.orm.jpa.persistenceunit.SpringPersistenceUnitInfo][main][87]No LoadTimeWeaver setup: ignoring JPA class transformer
[2024-05-02 20:23:46,724][INFO ][com.zaxxer.hikari.HikariDataSource][main][110]HikariPool-1 - Starting...
[2024-05-02 20:23:47,259][INFO ][com.zaxxer.hikari.pool.HikariPool][main][565]HikariPool-1 - Added connection org.postgresql.jdbc.PgConnection@2326180c
[2024-05-02 20:23:47,265][INFO ][com.zaxxer.hikari.HikariDataSource][main][123]HikariPool-1 - Start completed.
[2024-05-02 20:23:49,227][INFO ][org.hibernate.engine.transaction.jta.platform.internal.JtaPlatformInitiator][main][58]HHH000489: No JTA platform available (set 'hibernate.transaction.jta.platform' to enable JTA platform integration)
[2024-05-02 20:23:49,261][WARN ][org.hibernate.engine.jdbc.spi.SqlExceptionHelper$StandardWarningHandler][main][238]SQL Warning Code: 0, SQLState: 00000
[2024-05-02 20:23:49,261][WARN ][org.hibernate.engine.jdbc.spi.SqlExceptionHelper$StandardWarningHandler][main][239]relation "employee" does not exist, skipping
[2024-05-02 20:23:49,262][WARN ][org.hibernate.engine.jdbc.spi.SqlExceptionHelper$StandardWarningHandler][main][238]SQL Warning Code: 0, SQLState: 00000
[2024-05-02 20:23:49,262][WARN ][org.hibernate.engine.jdbc.spi.SqlExceptionHelper$StandardWarningHandler][main][239]relation "karyawan_training" does not exist, skipping
[2024-05-02 20:23:49,262][WARN ][org.hibernate.engine.jdbc.spi.SqlExceptionHelper$StandardWarningHandler][main][238]SQL Warning Code: 0, SQLState: 00000
[2024-05-02 20:23:49,263][WARN ][org.hibernate.engine.jdbc.spi.SqlExceptionHelper$StandardWarningHandler][main][239]relation "karyawan_training" does not exist, skipping
[2024-05-02 20:23:49,263][WARN ][org.hibernate.engine.jdbc.spi.SqlExceptionHelper$StandardWarningHandler][main][238]SQL Warning Code: 0, SQLState: 00000
[2024-05-02 20:23:49,264][WARN ][org.hibernate.engine.jdbc.spi.SqlExceptionHelper$StandardWarningHandler][main][239]relation "rekening" does not exist, skipping
[2024-05-02 20:23:49,264][WARN ][org.hibernate.engine.jdbc.spi.SqlExceptionHelper$StandardWarningHandler][main][238]SQL Warning Code: 0, SQLState: 00000
[2024-05-02 20:23:49,264][WARN ][org.hibernate.engine.jdbc.spi.SqlExceptionHelper$StandardWarningHandler][main][239]table "detail_karyawan" does not exist, skipping
[2024-05-02 20:23:49,265][WARN ][org.hibernate.engine.jdbc.spi.SqlExceptionHelper$StandardWarningHandler][main][238]SQL Warning Code: 0, SQLState: 00000
[2024-05-02 20:23:49,265][WARN ][org.hibernate.engine.jdbc.spi.SqlExceptionHelper$StandardWarningHandler][main][239]table "employee" does not exist, skipping
[2024-05-02 20:23:49,268][WARN ][org.hibernate.engine.jdbc.spi.SqlExceptionHelper$StandardWarningHandler][main][238]SQL Warning Code: 0, SQLState: 00000
[2024-05-02 20:23:49,268][WARN ][org.hibernate.engine.jdbc.spi.SqlExceptionHelper$StandardWarningHandler][main][239]table "karyawan_training" does not exist, skipping
[2024-05-02 20:23:49,269][WARN ][org.hibernate.engine.jdbc.spi.SqlExceptionHelper$StandardWarningHandler][main][238]SQL Warning Code: 0, SQLState: 00000
[2024-05-02 20:23:49,269][WARN ][org.hibernate.engine.jdbc.spi.SqlExceptionHelper$StandardWarningHandler][main][239]table "rekening" does not exist, skipping
[2024-05-02 20:23:49,271][WARN ][org.hibernate.engine.jdbc.spi.SqlExceptionHelper$StandardWarningHandler][main][238]SQL Warning Code: 0, SQLState: 00000
[2024-05-02 20:23:49,271][WARN ][org.hibernate.engine.jdbc.spi.SqlExceptionHelper$StandardWarningHandler][main][239]table "training" does not exist, skipping
[2024-05-02 20:23:49,345][INFO ][org.springframework.orm.jpa.AbstractEntityManagerFactoryBean][main][437]Initialized JPA EntityManagerFactory for persistence unit 'default'
[2024-05-02 20:23:49,759][INFO ][org.springframework.data.jpa.repository.query.QueryEnhancerFactory][main][49]Hibernate is in classpath; If applicable, HQL parser will be used.
[2024-05-02 20:23:50,630][WARN ][org.springframework.boot.autoconfigure.orm.jpa.JpaBaseConfiguration$JpaWebConfiguration][main][232]spring.jpa.open-in-view is enabled by default. Therefore, database queries may be performed during view rendering. Explicitly configure spring.jpa.open-in-view to disable this warning
[2024-05-02 20:23:51,143][WARN ][org.springframework.boot.autoconfigure.thymeleaf.ThymeleafAutoConfiguration$DefaultTemplateResolverConfiguration][main][101]Cannot find template location: classpath:/templates/ (please add some templates, check your Thymeleaf configuration, or set spring.thymeleaf.check-template-location=false)
[2024-05-02 20:23:51,280][INFO ][org.apache.juli.logging.DirectJDKLog][main][173]Starting ProtocolHandler ["http-nio-8082"]
[2024-05-02 20:23:51,314][INFO ][org.springframework.boot.web.embedded.tomcat.TomcatWebServer][main][241]Tomcat started on port 8082 (http) with context path ''
[2024-05-02 20:23:51,329][INFO ][org.springframework.boot.StartupInfoLogger][main][56]Started Batch7Application in 10.176 seconds (process running for 11.127)
[2024-05-02 20:23:51,337][INFO ][com.example.batch7.Batch7Application][main][15]info logging level
[2024-05-02 20:23:51,337][ERROR][com.example.batch7.Batch7Application][main][16]eror logging level
[2024-05-02 20:23:51,337][WARN ][com.example.batch7.Batch7Application][main][17]warning logging level
[2024-05-02 20:23:51,338][ERROR][com.example.batch7.Batch7Application][main][20]Error processing request
[2024-05-02 21:24:34,954][INFO ][org.springframework.orm.jpa.AbstractEntityManagerFactoryBean][SpringApplicationShutdownHook][650]Closing JPA EntityManagerFactory for persistence unit 'default'
[2024-05-02 21:24:35,160][INFO ][com.zaxxer.hikari.HikariDataSource][SpringApplicationShutdownHook][350]HikariPool-1 - Shutdown initiated...
[2024-05-02 21:24:35,191][INFO ][com.zaxxer.hikari.HikariDataSource][SpringApplicationShutdownHook][352]HikariPool-1 - Shutdown completed.
[2024-05-02 21:24:48,053][INFO ][org.springframework.boot.StartupInfoLogger][main][50]Starting Batch7Application using Java 18.0.2.1 with PID 26560 (E:\binar\Binar Batch 7\MODUL\batch7\batch7-spring-boot\target\classes started by USER in E:\binar\Binar Batch 7\MODUL\batch7\batch7-spring-boot)
[2024-05-02 21:24:48,058][INFO ][org.springframework.boot.SpringApplication][main][654]No active profile set, falling back to 1 default profile: "default"
[2024-05-02 21:24:49,743][INFO ][org.springframework.data.repository.config.RepositoryConfigurationDelegate][main][143]Bootstrapping Spring Data JPA repositories in DEFAULT mode.
[2024-05-02 21:24:49,891][INFO ][org.springframework.data.repository.config.RepositoryConfigurationDelegate][main][211]Finished Spring Data repository scanning in 131 ms. Found 1 JPA repository interface.
[2024-05-02 21:24:51,108][INFO ][org.springframework.boot.web.embedded.tomcat.TomcatWebServer][main][109]Tomcat initialized with port 8082 (http)
[2024-05-02 21:24:51,131][INFO ][org.apache.juli.logging.DirectJDKLog][main][173]Initializing ProtocolHandler ["http-nio-8082"]
[2024-05-02 21:24:51,138][INFO ][org.apache.juli.logging.DirectJDKLog][main][173]Starting service [Tomcat]
[2024-05-02 21:24:51,140][INFO ][org.apache.juli.logging.DirectJDKLog][main][173]Starting Servlet engine: [Apache Tomcat/10.1.20]
[2024-05-02 21:24:51,250][INFO ][org.apache.juli.logging.DirectJDKLog][main][173]Initializing Spring embedded WebApplicationContext
[2024-05-02 21:24:51,251][INFO ][org.springframework.boot.web.servlet.context.ServletWebServerApplicationContext][main][296]Root WebApplicationContext: initialization completed in 3052 ms
[2024-05-02 21:24:51,623][INFO ][org.hibernate.jpa.internal.util.LogHelper][main][31]HHH000204: Processing PersistenceUnitInfo [name: default]
[2024-05-02 21:24:51,775][INFO ][org.hibernate.Version][main][44]HHH000412: Hibernate ORM core version 6.4.4.Final
[2024-05-02 21:24:51,851][INFO ][org.hibernate.cache.internal.RegionFactoryInitiator][main][50]HHH000026: Second-level cache disabled
[2024-05-02 21:24:52,318][INFO ][org.springframework.orm.jpa.persistenceunit.SpringPersistenceUnitInfo][main][87]No LoadTimeWeaver setup: ignoring JPA class transformer
[2024-05-02 21:24:52,367][INFO ][com.zaxxer.hikari.HikariDataSource][main][110]HikariPool-1 - Starting...
[2024-05-02 21:24:52,785][INFO ][com.zaxxer.hikari.pool.HikariPool][main][565]HikariPool-1 - Added connection org.postgresql.jdbc.PgConnection@6c9bf3b5
[2024-05-02 21:24:52,788][INFO ][com.zaxxer.hikari.HikariDataSource][main][123]HikariPool-1 - Start completed.
[2024-05-02 21:24:54,595][INFO ][org.hibernate.engine.transaction.jta.platform.internal.JtaPlatformInitiator][main][58]HHH000489: No JTA platform available (set 'hibernate.transaction.jta.platform' to enable JTA platform integration)
[2024-05-02 21:24:54,629][WARN ][org.hibernate.engine.jdbc.spi.SqlExceptionHelper$StandardWarningHandler][main][238]SQL Warning Code: 0, SQLState: 00000
[2024-05-02 21:24:54,629][WARN ][org.hibernate.engine.jdbc.spi.SqlExceptionHelper$StandardWarningHandler][main][239]relation "employee" does not exist, skipping
[2024-05-02 21:24:54,630][WARN ][org.hibernate.engine.jdbc.spi.SqlExceptionHelper$StandardWarningHandler][main][238]SQL Warning Code: 0, SQLState: 00000
[2024-05-02 21:24:54,630][WARN ][org.hibernate.engine.jdbc.spi.SqlExceptionHelper$StandardWarningHandler][main][239]relation "karyawan_training" does not exist, skipping
[2024-05-02 21:24:54,631][WARN ][org.hibernate.engine.jdbc.spi.SqlExceptionHelper$StandardWarningHandler][main][238]SQL Warning Code: 0, SQLState: 00000
[2024-05-02 21:24:54,631][WARN ][org.hibernate.engine.jdbc.spi.SqlExceptionHelper$StandardWarningHandler][main][239]relation "karyawan_training" does not exist, skipping
[2024-05-02 21:24:54,632][WARN ][org.hibernate.engine.jdbc.spi.SqlExceptionHelper$StandardWarningHandler][main][238]SQL Warning Code: 0, SQLState: 00000
[2024-05-02 21:24:54,632][WARN ][org.hibernate.engine.jdbc.spi.SqlExceptionHelper$StandardWarningHandler][main][239]relation "rekening" does not exist, skipping
[2024-05-02 21:24:54,632][WARN ][org.hibernate.engine.jdbc.spi.SqlExceptionHelper$StandardWarningHandler][main][238]SQL Warning Code: 0, SQLState: 00000
[2024-05-02 21:24:54,632][WARN ][org.hibernate.engine.jdbc.spi.SqlExceptionHelper$StandardWarningHandler][main][239]table "detail_karyawan" does not exist, skipping
[2024-05-02 21:24:54,634][WARN ][org.hibernate.engine.jdbc.spi.SqlExceptionHelper$StandardWarningHandler][main][238]SQL Warning Code: 0, SQLState: 00000
[2024-05-02 21:24:54,634][WARN ][org.hibernate.engine.jdbc.spi.SqlExceptionHelper$StandardWarningHandler][main][239]table "employee" does not exist, skipping
[2024-05-02 21:24:54,634][WARN ][org.hibernate.engine.jdbc.spi.SqlExceptionHelper$StandardWarningHandler][main][238]SQL Warning Code: 0, SQLState: 00000
[2024-05-02 21:24:54,634][WARN ][org.hibernate.engine.jdbc.spi.SqlExceptionHelper$StandardWarningHandler][main][239]table "karyawan_training" does not exist, skipping
[2024-05-02 21:24:54,635][WARN ][org.hibernate.engine.jdbc.spi.SqlExceptionHelper$StandardWarningHandler][main][238]SQL Warning Code: 0, SQLState: 00000
[2024-05-02 21:24:54,635][WARN ][org.hibernate.engine.jdbc.spi.SqlExceptionHelper$StandardWarningHandler][main][239]table "rekening" does not exist, skipping
[2024-05-02 21:24:54,636][WARN ][org.hibernate.engine.jdbc.spi.SqlExceptionHelper$StandardWarningHandler][main][238]SQL Warning Code: 0, SQLState: 00000
[2024-05-02 21:24:54,636][WARN ][org.hibernate.engine.jdbc.spi.SqlExceptionHelper$StandardWarningHandler][main][239]table "training" does not exist, skipping
[2024-05-02 21:24:54,722][INFO ][org.springframework.orm.jpa.AbstractEntityManagerFactoryBean][main][437]Initialized JPA EntityManagerFactory for persistence unit 'default'
[2024-05-02 21:24:55,245][INFO ][org.springframework.data.jpa.repository.query.QueryEnhancerFactory][main][49]Hibernate is in classpath; If applicable, HQL parser will be used.
[2024-05-02 21:24:56,354][WARN ][org.springframework.boot.autoconfigure.orm.jpa.JpaBaseConfiguration$JpaWebConfiguration][main][232]spring.jpa.open-in-view is enabled by default. Therefore, database queries may be performed during view rendering. Explicitly configure spring.jpa.open-in-view to disable this warning
[2024-05-02 21:24:56,983][WARN ][org.springframework.boot.autoconfigure.thymeleaf.ThymeleafAutoConfiguration$DefaultTemplateResolverConfiguration][main][101]Cannot find template location: classpath:/templates/ (please add some templates, check your Thymeleaf configuration, or set spring.thymeleaf.check-template-location=false)
[2024-05-02 21:24:57,139][INFO ][org.apache.juli.logging.DirectJDKLog][main][173]Starting ProtocolHandler ["http-nio-8082"]
[2024-05-02 21:24:57,194][INFO ][org.springframework.boot.web.embedded.tomcat.TomcatWebServer][main][241]Tomcat started on port 8082 (http) with context path ''
[2024-05-02 21:24:57,219][INFO ][org.springframework.boot.StartupInfoLogger][main][56]Started Batch7Application in 10.318 seconds (process running for 11.115)
[2024-05-02 21:24:57,232][INFO ][com.example.batch7.Batch7Application][main][15]info logging level
[2024-05-02 21:24:57,234][ERROR][com.example.batch7.Batch7Application][main][16]eror logging level
[2024-05-02 21:24:57,235][WARN ][com.example.batch7.Batch7Application][main][17]warning logging level
[2024-05-02 21:24:57,235][ERROR][com.example.batch7.Batch7Application][main][20]Error processing request
[2024-05-02 21:25:06,509][INFO ][org.springframework.boot.StartupInfoLogger][main][50]Starting TestingEmployee using Java 18.0.2.1 with PID 19748 (started by USER in E:\binar\Binar Batch 7\MODUL\batch7\batch7-spring-boot)
[2024-05-02 21:25:06,514][INFO ][org.springframework.boot.SpringApplication][main][654]No active profile set, falling back to 1 default profile: "default"
[2024-05-02 21:25:08,057][INFO ][org.springframework.data.repository.config.RepositoryConfigurationDelegate][main][143]Bootstrapping Spring Data JPA repositories in DEFAULT mode.
[2024-05-02 21:25:08,194][INFO ][org.springframework.data.repository.config.RepositoryConfigurationDelegate][main][211]Finished Spring Data repository scanning in 106 ms. Found 1 JPA repository interface.
[2024-05-02 21:25:09,592][INFO ][org.springframework.boot.web.embedded.tomcat.TomcatWebServer][main][109]Tomcat initialized with port 0 (http)
[2024-05-02 21:25:09,617][INFO ][org.apache.juli.logging.DirectJDKLog][main][173]Initializing ProtocolHandler ["http-nio-auto-1"]
[2024-05-02 21:25:09,623][INFO ][org.apache.juli.logging.DirectJDKLog][main][173]Starting service [Tomcat]
[2024-05-02 21:25:09,624][INFO ][org.apache.juli.logging.DirectJDKLog][main][173]Starting Servlet engine: [Apache Tomcat/10.1.20]
[2024-05-02 21:25:09,749][INFO ][org.apache.juli.logging.DirectJDKLog][main][173]Initializing Spring embedded WebApplicationContext
[2024-05-02 21:25:09,750][INFO ][org.springframework.boot.web.servlet.context.ServletWebServerApplicationContext][main][296]Root WebApplicationContext: initialization completed in 3195 ms
[2024-05-02 21:25:10,161][INFO ][org.hibernate.jpa.internal.util.LogHelper][main][31]HHH000204: Processing PersistenceUnitInfo [name: default]
[2024-05-02 21:25:10,362][INFO ][org.hibernate.Version][main][44]HHH000412: Hibernate ORM core version 6.4.4.Final
[2024-05-02 21:25:10,482][INFO ][org.hibernate.cache.internal.RegionFactoryInitiator][main][50]HHH000026: Second-level cache disabled
[2024-05-02 21:25:10,980][INFO ][org.springframework.orm.jpa.persistenceunit.SpringPersistenceUnitInfo][main][87]No LoadTimeWeaver setup: ignoring JPA class transformer
[2024-05-02 21:25:11,077][INFO ][com.zaxxer.hikari.HikariDataSource][main][110]HikariPool-1 - Starting...
[2024-05-02 21:25:11,500][INFO ][com.zaxxer.hikari.pool.HikariPool][main][565]HikariPool-1 - Added connection org.postgresql.jdbc.PgConnection@3dda8a2e
[2024-05-02 21:25:11,507][INFO ][com.zaxxer.hikari.HikariDataSource][main][123]HikariPool-1 - Start completed.
[2024-05-02 21:25:14,806][INFO ][org.hibernate.engine.transaction.jta.platform.internal.JtaPlatformInitiator][main][58]HHH000489: No JTA platform available (set 'hibernate.transaction.jta.platform' to enable JTA platform integration)
[2024-05-02 21:25:14,956][INFO ][org.springframework.orm.jpa.AbstractEntityManagerFactoryBean][main][437]Initialized JPA EntityManagerFactory for persistence unit 'default'
[2024-05-02 21:25:15,542][INFO ][org.springframework.data.jpa.repository.query.QueryEnhancerFactory][main][49]Hibernate is in classpath; If applicable, HQL parser will be used.
[2024-05-02 21:25:16,685][WARN ][org.springframework.boot.autoconfigure.orm.jpa.JpaBaseConfiguration$JpaWebConfiguration][main][232]spring.jpa.open-in-view is enabled by default. Therefore, database queries may be performed during view rendering. Explicitly configure spring.jpa.open-in-view to disable this warning
[2024-05-02 21:25:17,289][WARN ][org.springframework.boot.autoconfigure.thymeleaf.ThymeleafAutoConfiguration$DefaultTemplateResolverConfiguration][main][101]Cannot find template location: classpath:/templates/ (please add some templates, check your Thymeleaf configuration, or set spring.thymeleaf.check-template-location=false)
[2024-05-02 21:25:17,480][INFO ][org.apache.juli.logging.DirectJDKLog][main][173]Starting ProtocolHandler ["http-nio-auto-1"]
[2024-05-02 21:25:17,537][INFO ][org.springframework.boot.web.embedded.tomcat.TomcatWebServer][main][241]Tomcat started on port 50542 (http) with context path ''
[2024-05-02 21:25:17,560][INFO ][org.springframework.boot.StartupInfoLogger][main][56]Started TestingEmployee in 11.978 seconds (process running for 13.711)
[2024-05-02 21:25:18,799][INFO ][org.springframework.orm.jpa.AbstractEntityManagerFactoryBean][SpringApplicationShutdownHook][650]Closing JPA EntityManagerFactory for persistence unit 'default'
[2024-05-02 21:25:18,837][INFO ][com.zaxxer.hikari.HikariDataSource][SpringApplicationShutdownHook][350]HikariPool-1 - Shutdown initiated...
[2024-05-02 21:25:18,845][INFO ][com.zaxxer.hikari.HikariDataSource][SpringApplicationShutdownHook][352]HikariPool-1 - Shutdown completed.
[2024-05-02 21:26:27,200][INFO ][org.springframework.orm.jpa.AbstractEntityManagerFactoryBean][SpringApplicationShutdownHook][650]Closing JPA EntityManagerFactory for persistence unit 'default'
[2024-05-02 21:26:27,204][WARN ][org.hibernate.engine.jdbc.spi.SqlExceptionHelper$StandardWarningHandler][SpringApplicationShutdownHook][238]SQL Warning Code: 0, SQLState: 00000
[2024-05-02 21:26:27,205][WARN ][org.hibernate.engine.jdbc.spi.SqlExceptionHelper$StandardWarningHandler][SpringApplicationShutdownHook][239]relation "employee" does not exist, skipping
[2024-05-02 21:26:27,206][WARN ][org.hibernate.engine.jdbc.spi.SqlExceptionHelper$StandardWarningHandler][SpringApplicationShutdownHook][238]SQL Warning Code: 0, SQLState: 00000
[2024-05-02 21:26:27,206][WARN ][org.hibernate.engine.jdbc.spi.SqlExceptionHelper$StandardWarningHandler][SpringApplicationShutdownHook][239]relation "karyawan_training" does not exist, skipping
[2024-05-02 21:26:27,206][WARN ][org.hibernate.engine.jdbc.spi.SqlExceptionHelper$StandardWarningHandler][SpringApplicationShutdownHook][238]SQL Warning Code: 0, SQLState: 00000
[2024-05-02 21:26:27,207][WARN ][org.hibernate.engine.jdbc.spi.SqlExceptionHelper$StandardWarningHandler][SpringApplicationShutdownHook][239]relation "karyawan_training" does not exist, skipping
[2024-05-02 21:26:27,207][WARN ][org.hibernate.engine.jdbc.spi.SqlExceptionHelper$StandardWarningHandler][SpringApplicationShutdownHook][238]SQL Warning Code: 0, SQLState: 00000
[2024-05-02 21:26:27,208][WARN ][org.hibernate.engine.jdbc.spi.SqlExceptionHelper$StandardWarningHandler][SpringApplicationShutdownHook][239]relation "rekening" does not exist, skipping
[2024-05-02 21:26:27,209][WARN ][org.hibernate.engine.jdbc.spi.SqlExceptionHelper$StandardWarningHandler][SpringApplicationShutdownHook][238]SQL Warning Code: 0, SQLState: 00000
[2024-05-02 21:26:27,209][WARN ][org.hibernate.engine.jdbc.spi.SqlExceptionHelper$StandardWarningHandler][SpringApplicationShutdownHook][239]table "detail_karyawan" does not exist, skipping
[2024-05-02 21:26:27,210][WARN ][org.hibernate.engine.jdbc.spi.SqlExceptionHelper$StandardWarningHandler][SpringApplicationShutdownHook][238]SQL Warning Code: 0, SQLState: 00000
[2024-05-02 21:26:27,210][WARN ][org.hibernate.engine.jdbc.spi.SqlExceptionHelper$StandardWarningHandler][SpringApplicationShutdownHook][239]table "employee" does not exist, skipping
[2024-05-02 21:26:27,213][WARN ][org.hibernate.engine.jdbc.spi.SqlExceptionHelper$StandardWarningHandler][SpringApplicationShutdownHook][238]SQL Warning Code: 0, SQLState: 00000
[2024-05-02 21:26:27,217][WARN ][org.hibernate.engine.jdbc.spi.SqlExceptionHelper$StandardWarningHandler][SpringApplicationShutdownHook][239]table "karyawan_training" does not exist, skipping
[2024-05-02 21:26:27,219][WARN ][org.hibernate.engine.jdbc.spi.SqlExceptionHelper$StandardWarningHandler][SpringApplicationShutdownHook][238]SQL Warning Code: 0, SQLState: 00000
[2024-05-02 21:26:27,219][WARN ][org.hibernate.engine.jdbc.spi.SqlExceptionHelper$StandardWarningHandler][SpringApplicationShutdownHook][239]table "rekening" does not exist, skipping
[2024-05-02 21:26:27,220][WARN ][org.hibernate.engine.jdbc.spi.SqlExceptionHelper$StandardWarningHandler][SpringApplicationShutdownHook][238]SQL Warning Code: 0, SQLState: 00000
[2024-05-02 21:26:27,221][WARN ][org.hibernate.engine.jdbc.spi.SqlExceptionHelper$StandardWarningHandler][SpringApplicationShutdownHook][239]table "training" does not exist, skipping
[2024-05-02 21:26:27,224][INFO ][com.zaxxer.hikari.HikariDataSource][SpringApplicationShutdownHook][350]HikariPool-1 - Shutdown initiated...
[2024-05-02 21:26:27,235][INFO ][com.zaxxer.hikari.HikariDataSource][SpringApplicationShutdownHook][352]HikariPool-1 - Shutdown completed.
[2024-05-02 21:26:32,376][INFO ][org.springframework.boot.StartupInfoLogger][main][50]Starting Batch7Application using Java 18.0.2.1 with PID 24716 (E:\binar\Binar Batch 7\MODUL\batch7\batch7-spring-boot\target\classes started by USER in E:\binar\Binar Batch 7\MODUL\batch7\batch7-spring-boot)
[2024-05-02 21:26:32,380][INFO ][org.springframework.boot.SpringApplication][main][654]No active profile set, falling back to 1 default profile: "default"
[2024-05-02 21:26:33,889][INFO ][org.springframework.data.repository.config.RepositoryConfigurationDelegate][main][143]Bootstrapping Spring Data JPA repositories in DEFAULT mode.
[2024-05-02 21:26:34,013][INFO ][org.springframework.data.repository.config.RepositoryConfigurationDelegate][main][211]Finished Spring Data repository scanning in 107 ms. Found 1 JPA repository interface.
[2024-05-02 21:26:35,290][INFO ][org.springframework.boot.web.embedded.tomcat.TomcatWebServer][main][109]Tomcat initialized with port 8082 (http)
[2024-05-02 21:26:35,309][INFO ][org.apache.juli.logging.DirectJDKLog][main][173]Initializing ProtocolHandler ["http-nio-8082"]
[2024-05-02 21:26:35,312][INFO ][org.apache.juli.logging.DirectJDKLog][main][173]Starting service [Tomcat]
[2024-05-02 21:26:35,312][INFO ][org.apache.juli.logging.DirectJDKLog][main][173]Starting Servlet engine: [Apache Tomcat/10.1.20]
[2024-05-02 21:26:35,420][INFO ][org.apache.juli.logging.DirectJDKLog][main][173]Initializing Spring embedded WebApplicationContext
[2024-05-02 21:26:35,421][INFO ][org.springframework.boot.web.servlet.context.ServletWebServerApplicationContext][main][296]Root WebApplicationContext: initialization completed in 2941 ms
[2024-05-02 21:26:35,831][INFO ][org.hibernate.jpa.internal.util.LogHelper][main][31]HHH000204: Processing PersistenceUnitInfo [name: default]
[2024-05-02 21:26:36,007][INFO ][org.hibernate.Version][main][44]HHH000412: Hibernate ORM core version 6.4.4.Final
[2024-05-02 21:26:36,091][INFO ][org.hibernate.cache.internal.RegionFactoryInitiator][main][50]HHH000026: Second-level cache disabled
[2024-05-02 21:26:36,580][INFO ][org.springframework.orm.jpa.persistenceunit.SpringPersistenceUnitInfo][main][87]No LoadTimeWeaver setup: ignoring JPA class transformer
[2024-05-02 21:26:36,633][INFO ][com.zaxxer.hikari.HikariDataSource][main][110]HikariPool-1 - Starting...
[2024-05-02 21:26:37,014][INFO ][com.zaxxer.hikari.pool.HikariPool][main][565]HikariPool-1 - Added connection org.postgresql.jdbc.PgConnection@6a4af081
[2024-05-02 21:26:37,017][INFO ][com.zaxxer.hikari.HikariDataSource][main][123]HikariPool-1 - Start completed.
[2024-05-02 21:26:38,920][INFO ][org.hibernate.engine.transaction.jta.platform.internal.JtaPlatformInitiator][main][58]HHH000489: No JTA platform available (set 'hibernate.transaction.jta.platform' to enable JTA platform integration)
[2024-05-02 21:26:39,042][WARN ][org.hibernate.engine.jdbc.spi.SqlExceptionHelper$StandardWarningHandler][main][238]SQL Warning Code: 0, SQLState: 00000
[2024-05-02 21:26:39,043][WARN ][org.hibernate.engine.jdbc.spi.SqlExceptionHelper$StandardWarningHandler][main][239]constraint "uk_57amqpocm9xr4152cbflxos6x" of relation "employee" does not exist, skipping
[2024-05-02 21:26:39,060][INFO ][org.springframework.orm.jpa.AbstractEntityManagerFactoryBean][main][437]Initialized JPA EntityManagerFactory for persistence unit 'default'
[2024-05-02 21:26:39,505][INFO ][org.springframework.data.jpa.repository.query.QueryEnhancerFactory][main][49]Hibernate is in classpath; If applicable, HQL parser will be used.
[2024-05-02 21:26:40,541][WARN ][org.springframework.boot.autoconfigure.orm.jpa.JpaBaseConfiguration$JpaWebConfiguration][main][232]spring.jpa.open-in-view is enabled by default. Therefore, database queries may be performed during view rendering. Explicitly configure spring.jpa.open-in-view to disable this warning
[2024-05-02 21:26:41,125][WARN ][org.springframework.boot.autoconfigure.thymeleaf.ThymeleafAutoConfiguration$DefaultTemplateResolverConfiguration][main][101]Cannot find template location: classpath:/templates/ (please add some templates, check your Thymeleaf configuration, or set spring.thymeleaf.check-template-location=false)
[2024-05-02 21:26:41,287][INFO ][org.apache.juli.logging.DirectJDKLog][main][173]Starting ProtocolHandler ["http-nio-8082"]
[2024-05-02 21:26:41,335][INFO ][org.springframework.boot.web.embedded.tomcat.TomcatWebServer][main][241]Tomcat started on port 8082 (http) with context path ''
[2024-05-02 21:26:41,356][INFO ][org.springframework.boot.StartupInfoLogger][main][56]Started Batch7Application in 10.364 seconds (process running for 11.163)
[2024-05-02 21:26:41,367][INFO ][com.example.batch7.Batch7Application][main][15]info logging level
[2024-05-02 21:26:41,368][ERROR][com.example.batch7.Batch7Application][main][16]eror logging level
[2024-05-02 21:26:41,369][WARN ][com.example.batch7.Batch7Application][main][17]warning logging level
[2024-05-02 21:26:41,370][ERROR][com.example.batch7.Batch7Application][main][20]Error processing request
[2024-05-02 21:26:52,401][INFO ][org.springframework.boot.StartupInfoLogger][main][50]Starting TestingEmployee using Java 18.0.2.1 with PID 18764 (started by USER in E:\binar\Binar Batch 7\MODUL\batch7\batch7-spring-boot)
[2024-05-02 21:26:52,407][INFO ][org.springframework.boot.SpringApplication][main][654]No active profile set, falling back to 1 default profile: "default"
[2024-05-02 21:26:53,537][INFO ][org.springframework.data.repository.config.RepositoryConfigurationDelegate][main][143]Bootstrapping Spring Data JPA repositories in DEFAULT mode.
[2024-05-02 21:26:53,674][INFO ][org.springframework.data.repository.config.RepositoryConfigurationDelegate][main][211]Finished Spring Data repository scanning in 122 ms. Found 1 JPA repository interface.
[2024-05-02 21:26:54,971][INFO ][org.springframework.boot.web.embedded.tomcat.TomcatWebServer][main][109]Tomcat initialized with port 0 (http)
[2024-05-02 21:26:54,991][INFO ][org.apache.juli.logging.DirectJDKLog][main][173]Initializing ProtocolHandler ["http-nio-auto-1"]
[2024-05-02 21:26:54,995][INFO ][org.apache.juli.logging.DirectJDKLog][main][173]Starting service [Tomcat]
[2024-05-02 21:26:54,996][INFO ][org.apache.juli.logging.DirectJDKLog][main][173]Starting Servlet engine: [Apache Tomcat/10.1.20]
[2024-05-02 21:26:55,138][INFO ][org.apache.juli.logging.DirectJDKLog][main][173]Initializing Spring embedded WebApplicationContext
[2024-05-02 21:26:55,138][INFO ][org.springframework.boot.web.servlet.context.ServletWebServerApplicationContext][main][296]Root WebApplicationContext: initialization completed in 2698 ms
[2024-05-02 21:26:55,487][INFO ][org.hibernate.jpa.internal.util.LogHelper][main][31]HHH000204: Processing PersistenceUnitInfo [name: default]
[2024-05-02 21:26:55,610][INFO ][org.hibernate.Version][main][44]HHH000412: Hibernate ORM core version 6.4.4.Final
[2024-05-02 21:26:55,681][INFO ][org.hibernate.cache.internal.RegionFactoryInitiator][main][50]HHH000026: Second-level cache disabled
[2024-05-02 21:26:56,063][INFO ][org.springframework.orm.jpa.persistenceunit.SpringPersistenceUnitInfo][main][87]No LoadTimeWeaver setup: ignoring JPA class transformer
[2024-05-02 21:26:56,107][INFO ][com.zaxxer.hikari.HikariDataSource][main][110]HikariPool-1 - Starting...
[2024-05-02 21:26:56,571][INFO ][com.zaxxer.hikari.pool.HikariPool][main][565]HikariPool-1 - Added connection org.postgresql.jdbc.PgConnection@6cd2cb2
[2024-05-02 21:26:56,576][INFO ][com.zaxxer.hikari.HikariDataSource][main][123]HikariPool-1 - Start completed.
[2024-05-02 21:26:58,722][INFO ][org.hibernate.engine.transaction.jta.platform.internal.JtaPlatformInitiator][main][58]HHH000489: No JTA platform available (set 'hibernate.transaction.jta.platform' to enable JTA platform integration)
[2024-05-02 21:26:58,960][INFO ][org.springframework.orm.jpa.AbstractEntityManagerFactoryBean][main][437]Initialized JPA EntityManagerFactory for persistence unit 'default'
[2024-05-02 21:26:59,467][INFO ][org.springframework.data.jpa.repository.query.QueryEnhancerFactory][main][49]Hibernate is in classpath; If applicable, HQL parser will be used.
[2024-05-02 21:27:00,542][WARN ][org.springframework.boot.autoconfigure.orm.jpa.JpaBaseConfiguration$JpaWebConfiguration][main][232]spring.jpa.open-in-view is enabled by default. Therefore, database queries may be performed during view rendering. Explicitly configure spring.jpa.open-in-view to disable this warning
[2024-05-02 21:27:01,241][WARN ][org.springframework.boot.autoconfigure.thymeleaf.ThymeleafAutoConfiguration$DefaultTemplateResolverConfiguration][main][101]Cannot find template location: classpath:/templates/ (please add some templates, check your Thymeleaf configuration, or set spring.thymeleaf.check-template-location=false)
[2024-05-02 21:27:01,457][INFO ][org.apache.juli.logging.DirectJDKLog][main][173]Starting ProtocolHandler ["http-nio-auto-1"]
[2024-05-02 21:27:01,512][INFO ][org.springframework.boot.web.embedded.tomcat.TomcatWebServer][main][241]Tomcat started on port 50599 (http) with context path ''
[2024-05-02 21:27:01,530][INFO ][org.springframework.boot.StartupInfoLogger][main][56]Started TestingEmployee in 9.988 seconds (process running for 11.541)
[2024-05-02 21:27:02,627][INFO ][org.springframework.orm.jpa.AbstractEntityManagerFactoryBean][SpringApplicationShutdownHook][650]Closing JPA EntityManagerFactory for persistence unit 'default'
[2024-05-02 21:27:02,631][INFO ][com.zaxxer.hikari.HikariDataSource][SpringApplicationShutdownHook][350]HikariPool-1 - Shutdown initiated...
[2024-05-02 21:27:02,645][INFO ][com.zaxxer.hikari.HikariDataSource][SpringApplicationShutdownHook][352]HikariPool-1 - Shutdown completed.
[2024-05-02 21:28:35,062][INFO ][org.springframework.boot.StartupInfoLogger][main][50]Starting TestingEmployee using Java 18.0.2.1 with PID 6168 (started by USER in E:\binar\Binar Batch 7\MODUL\batch7\batch7-spring-boot)
[2024-05-02 21:28:35,067][INFO ][org.springframework.boot.SpringApplication][main][654]No active profile set, falling back to 1 default profile: "default"
[2024-05-02 21:28:36,506][INFO ][org.springframework.data.repository.config.RepositoryConfigurationDelegate][main][143]Bootstrapping Spring Data JPA repositories in DEFAULT mode.
[2024-05-02 21:28:36,674][INFO ][org.springframework.data.repository.config.RepositoryConfigurationDelegate][main][211]Finished Spring Data repository scanning in 148 ms. Found 1 JPA repository interface.
[2024-05-02 21:28:37,940][INFO ][org.springframework.boot.web.embedded.tomcat.TomcatWebServer][main][109]Tomcat initialized with port 0 (http)
[2024-05-02 21:28:37,955][INFO ][org.apache.juli.logging.DirectJDKLog][main][173]Initializing ProtocolHandler ["http-nio-auto-1"]
[2024-05-02 21:28:37,961][INFO ][org.apache.juli.logging.DirectJDKLog][main][173]Starting service [Tomcat]
[2024-05-02 21:28:37,962][INFO ][org.apache.juli.logging.DirectJDKLog][main][173]Starting Servlet engine: [Apache Tomcat/10.1.20]
[2024-05-02 21:28:38,100][INFO ][org.apache.juli.logging.DirectJDKLog][main][173]Initializing Spring embedded WebApplicationContext
[2024-05-02 21:28:38,101][INFO ][org.springframework.boot.web.servlet.context.ServletWebServerApplicationContext][main][296]Root WebApplicationContext: initialization completed in 3004 ms
[2024-05-02 21:28:38,457][INFO ][org.hibernate.jpa.internal.util.LogHelper][main][31]HHH000204: Processing PersistenceUnitInfo [name: default]
[2024-05-02 21:28:38,600][INFO ][org.hibernate.Version][main][44]HHH000412: Hibernate ORM core version 6.4.4.Final
[2024-05-02 21:28:38,666][INFO ][org.hibernate.cache.internal.RegionFactoryInitiator][main][50]HHH000026: Second-level cache disabled
[2024-05-02 21:28:39,035][INFO ][org.springframework.orm.jpa.persistenceunit.SpringPersistenceUnitInfo][main][87]No LoadTimeWeaver setup: ignoring JPA class transformer
[2024-05-02 21:28:39,081][INFO ][com.zaxxer.hikari.HikariDataSource][main][110]HikariPool-1 - Starting...
[2024-05-02 21:28:39,403][INFO ][com.zaxxer.hikari.pool.HikariPool][main][565]HikariPool-1 - Added connection org.postgresql.jdbc.PgConnection@79308a2
[2024-05-02 21:28:39,409][INFO ][com.zaxxer.hikari.HikariDataSource][main][123]HikariPool-1 - Start completed.
[2024-05-02 21:28:41,783][INFO ][org.hibernate.engine.transaction.jta.platform.internal.JtaPlatformInitiator][main][58]HHH000489: No JTA platform available (set 'hibernate.transaction.jta.platform' to enable JTA platform integration)
[2024-05-02 21:28:41,950][INFO ][org.springframework.orm.jpa.AbstractEntityManagerFactoryBean][main][437]Initialized JPA EntityManagerFactory for persistence unit 'default'
[2024-05-02 21:28:42,509][INFO ][org.springframework.data.jpa.repository.query.QueryEnhancerFactory][main][49]Hibernate is in classpath; If applicable, HQL parser will be used.
[2024-05-02 21:28:43,964][WARN ][org.springframework.boot.autoconfigure.orm.jpa.JpaBaseConfiguration$JpaWebConfiguration][main][232]spring.jpa.open-in-view is enabled by default. Therefore, database queries may be performed during view rendering. Explicitly configure spring.jpa.open-in-view to disable this warning
[2024-05-02 21:28:44,652][WARN ][org.springframework.boot.autoconfigure.thymeleaf.ThymeleafAutoConfiguration$DefaultTemplateResolverConfiguration][main][101]Cannot find template location: classpath:/templates/ (please add some templates, check your Thymeleaf configuration, or set spring.thymeleaf.check-template-location=false)
[2024-05-02 21:28:44,883][INFO ][org.apache.juli.logging.DirectJDKLog][main][173]Starting ProtocolHandler ["http-nio-auto-1"]
[2024-05-02 21:28:44,937][INFO ][org.springframework.boot.web.embedded.tomcat.TomcatWebServer][main][241]Tomcat started on port 50642 (http) with context path ''
[2024-05-02 21:28:44,956][INFO ][org.springframework.boot.StartupInfoLogger][main][56]Started TestingEmployee in 10.677 seconds (process running for 12.291)
[2024-05-02 21:28:46,095][INFO ][org.springframework.orm.jpa.AbstractEntityManagerFactoryBean][SpringApplicationShutdownHook][650]Closing JPA EntityManagerFactory for persistence unit 'default'
[2024-05-02 21:28:46,100][INFO ][com.zaxxer.hikari.HikariDataSource][SpringApplicationShutdownHook][350]HikariPool-1 - Shutdown initiated...
[2024-05-02 21:28:46,118][INFO ][com.zaxxer.hikari.HikariDataSource][SpringApplicationShutdownHook][352]HikariPool-1 - Shutdown completed.
[2024-05-02 21:30:28,706][INFO ][org.springframework.boot.StartupInfoLogger][main][50]Starting TestingEmployee using Java 18.0.2.1 with PID 18484 (started by USER in E:\binar\Binar Batch 7\MODUL\batch7\batch7-spring-boot)
[2024-05-02 21:30:28,710][INFO ][org.springframework.boot.SpringApplication][main][654]No active profile set, falling back to 1 default profile: "default"
[2024-05-02 21:30:29,878][INFO ][org.springframework.data.repository.config.RepositoryConfigurationDelegate][main][143]Bootstrapping Spring Data JPA repositories in DEFAULT mode.
[2024-05-02 21:30:30,017][INFO ][org.springframework.data.repository.config.RepositoryConfigurationDelegate][main][211]Finished Spring Data repository scanning in 121 ms. Found 1 JPA repository interface.
[2024-05-02 21:30:31,188][INFO ][org.springframework.boot.web.embedded.tomcat.TomcatWebServer][main][109]Tomcat initialized with port 0 (http)
[2024-05-02 21:30:31,219][INFO ][org.apache.juli.logging.DirectJDKLog][main][173]Initializing ProtocolHandler ["http-nio-auto-1"]
[2024-05-02 21:30:31,227][INFO ][org.apache.juli.logging.DirectJDKLog][main][173]Starting service [Tomcat]
[2024-05-02 21:30:31,229][INFO ][org.apache.juli.logging.DirectJDKLog][main][173]Starting Servlet engine: [Apache Tomcat/10.1.20]
[2024-05-02 21:30:31,370][INFO ][org.apache.juli.logging.DirectJDKLog][main][173]Initializing Spring embedded WebApplicationContext
[2024-05-02 21:30:31,370][INFO ][org.springframework.boot.web.servlet.context.ServletWebServerApplicationContext][main][296]Root WebApplicationContext: initialization completed in 2627 ms
[2024-05-02 21:30:31,727][INFO ][org.hibernate.jpa.internal.util.LogHelper][main][31]HHH000204: Processing PersistenceUnitInfo [name: default]
[2024-05-02 21:30:31,880][INFO ][org.hibernate.Version][main][44]HHH000412: Hibernate ORM core version 6.4.4.Final
[2024-05-02 21:30:31,954][INFO ][org.hibernate.cache.internal.RegionFactoryInitiator][main][50]HHH000026: Second-level cache disabled
[2024-05-02 21:30:32,335][INFO ][org.springframework.orm.jpa.persistenceunit.SpringPersistenceUnitInfo][main][87]No LoadTimeWeaver setup: ignoring JPA class transformer
[2024-05-02 21:30:32,379][INFO ][com.zaxxer.hikari.HikariDataSource][main][110]HikariPool-1 - Starting...
[2024-05-02 21:30:32,701][INFO ][com.zaxxer.hikari.pool.HikariPool][main][565]HikariPool-1 - Added connection org.postgresql.jdbc.PgConnection@7c421952
[2024-05-02 21:30:32,705][INFO ][com.zaxxer.hikari.HikariDataSource][main][123]HikariPool-1 - Start completed.
[2024-05-02 21:30:34,871][INFO ][org.hibernate.engine.transaction.jta.platform.internal.JtaPlatformInitiator][main][58]HHH000489: No JTA platform available (set 'hibernate.transaction.jta.platform' to enable JTA platform integration)
[2024-05-02 21:30:35,028][INFO ][org.springframework.orm.jpa.AbstractEntityManagerFactoryBean][main][437]Initialized JPA EntityManagerFactory for persistence unit 'default'
[2024-05-02 21:30:35,529][INFO ][org.springframework.data.jpa.repository.query.QueryEnhancerFactory][main][49]Hibernate is in classpath; If applicable, HQL parser will be used.
[2024-05-02 21:30:36,675][WARN ][org.springframework.boot.autoconfigure.orm.jpa.JpaBaseConfiguration$JpaWebConfiguration][main][232]spring.jpa.open-in-view is enabled by default. Therefore, database queries may be performed during view rendering. Explicitly configure spring.jpa.open-in-view to disable this warning
[2024-05-02 21:30:37,313][WARN ][org.springframework.boot.autoconfigure.thymeleaf.ThymeleafAutoConfiguration$DefaultTemplateResolverConfiguration][main][101]Cannot find template location: classpath:/templates/ (please add some templates, check your Thymeleaf configuration, or set spring.thymeleaf.check-template-location=false)
[2024-05-02 21:30:37,525][INFO ][org.apache.juli.logging.DirectJDKLog][main][173]Starting ProtocolHandler ["http-nio-auto-1"]
[2024-05-02 21:30:37,580][INFO ][org.springframework.boot.web.embedded.tomcat.TomcatWebServer][main][241]Tomcat started on port 50694 (http) with context path ''
[2024-05-02 21:30:37,600][INFO ][org.springframework.boot.StartupInfoLogger][main][56]Started TestingEmployee in 9.663 seconds (process running for 11.098)
[2024-05-02 21:30:38,761][INFO ][org.springframework.orm.jpa.AbstractEntityManagerFactoryBean][SpringApplicationShutdownHook][650]Closing JPA EntityManagerFactory for persistence unit 'default'
[2024-05-02 21:30:38,767][INFO ][com.zaxxer.hikari.HikariDataSource][SpringApplicationShutdownHook][350]HikariPool-1 - Shutdown initiated...
[2024-05-02 21:30:38,782][INFO ][com.zaxxer.hikari.HikariDataSource][SpringApplicationShutdownHook][352]HikariPool-1 - Shutdown completed.
[2024-05-02 21:31:58,001][INFO ][org.springframework.boot.StartupInfoLogger][main][50]Starting TestingEmployee using Java 18.0.2.1 with PID 23604 (started by USER in E:\binar\Binar Batch 7\MODUL\batch7\batch7-spring-boot)
[2024-05-02 21:31:58,006][INFO ][org.springframework.boot.SpringApplication][main][654]No active profile set, falling back to 1 default profile: "default"
[2024-05-02 21:31:59,135][INFO ][org.springframework.data.repository.config.RepositoryConfigurationDelegate][main][143]Bootstrapping Spring Data JPA repositories in DEFAULT mode.
[2024-05-02 21:31:59,267][INFO ][org.springframework.data.repository.config.RepositoryConfigurationDelegate][main][211]Finished Spring Data repository scanning in 114 ms. Found 1 JPA repository interface.
[2024-05-02 21:32:00,533][INFO ][org.springframework.boot.web.embedded.tomcat.TomcatWebServer][main][109]Tomcat initialized with port 0 (http)
[2024-05-02 21:32:00,555][INFO ][org.apache.juli.logging.DirectJDKLog][main][173]Initializing ProtocolHandler ["http-nio-auto-1"]
[2024-05-02 21:32:00,559][INFO ][org.apache.juli.logging.DirectJDKLog][main][173]Starting service [Tomcat]
[2024-05-02 21:32:00,559][INFO ][org.apache.juli.logging.DirectJDKLog][main][173]Starting Servlet engine: [Apache Tomcat/10.1.20]
[2024-05-02 21:32:00,696][INFO ][org.apache.juli.logging.DirectJDKLog][main][173]Initializing Spring embedded WebApplicationContext
[2024-05-02 21:32:00,697][INFO ][org.springframework.boot.web.servlet.context.ServletWebServerApplicationContext][main][296]Root WebApplicationContext: initialization completed in 2655 ms
[2024-05-02 21:32:01,067][INFO ][org.hibernate.jpa.internal.util.LogHelper][main][31]HHH000204: Processing PersistenceUnitInfo [name: default]
[2024-05-02 21:32:01,206][INFO ][org.hibernate.Version][main][44]HHH000412: Hibernate ORM core version 6.4.4.Final
[2024-05-02 21:32:01,293][INFO ][org.hibernate.cache.internal.RegionFactoryInitiator][main][50]HHH000026: Second-level cache disabled
[2024-05-02 21:32:01,757][INFO ][org.springframework.orm.jpa.persistenceunit.SpringPersistenceUnitInfo][main][87]No LoadTimeWeaver setup: ignoring JPA class transformer
[2024-05-02 21:32:01,808][INFO ][com.zaxxer.hikari.HikariDataSource][main][110]HikariPool-1 - Starting...
[2024-05-02 21:32:02,214][INFO ][com.zaxxer.hikari.pool.HikariPool][main][565]HikariPool-1 - Added connection org.postgresql.jdbc.PgConnection@4b343b6d
[2024-05-02 21:32:02,223][INFO ][com.zaxxer.hikari.HikariDataSource][main][123]HikariPool-1 - Start completed.
[2024-05-02 21:32:04,357][INFO ][org.hibernate.engine.transaction.jta.platform.internal.JtaPlatformInitiator][main][58]HHH000489: No JTA platform available (set 'hibernate.transaction.jta.platform' to enable JTA platform integration)
[2024-05-02 21:32:04,519][INFO ][org.springframework.orm.jpa.AbstractEntityManagerFactoryBean][main][437]Initialized JPA EntityManagerFactory for persistence unit 'default'
[2024-05-02 21:32:05,022][INFO ][org.springframework.data.jpa.repository.query.QueryEnhancerFactory][main][49]Hibernate is in classpath; If applicable, HQL parser will be used.
[2024-05-02 21:32:06,158][WARN ][org.springframework.boot.autoconfigure.orm.jpa.JpaBaseConfiguration$JpaWebConfiguration][main][232]spring.jpa.open-in-view is enabled by default. Therefore, database queries may be performed during view rendering. Explicitly configure spring.jpa.open-in-view to disable this warning
[2024-05-02 21:32:06,783][WARN ][org.springframework.boot.autoconfigure.thymeleaf.ThymeleafAutoConfiguration$DefaultTemplateResolverConfiguration][main][101]Cannot find template location: classpath:/templates/ (please add some templates, check your Thymeleaf configuration, or set spring.thymeleaf.check-template-location=false)
[2024-05-02 21:32:06,993][INFO ][org.apache.juli.logging.DirectJDKLog][main][173]Starting ProtocolHandler ["http-nio-auto-1"]
[2024-05-02 21:32:07,039][INFO ][org.springframework.boot.web.embedded.tomcat.TomcatWebServer][main][241]Tomcat started on port 50746 (http) with context path ''
[2024-05-02 21:32:07,055][INFO ][org.springframework.boot.StartupInfoLogger][main][56]Started TestingEmployee in 9.829 seconds (process running for 11.306)
[2024-05-02 21:32:08,290][INFO ][org.springframework.orm.jpa.AbstractEntityManagerFactoryBean][SpringApplicationShutdownHook][650]Closing JPA EntityManagerFactory for persistence unit 'default'
[2024-05-02 21:32:08,293][INFO ][com.zaxxer.hikari.HikariDataSource][SpringApplicationShutdownHook][350]HikariPool-1 - Shutdown initiated...
[2024-05-02 21:32:08,320][INFO ][com.zaxxer.hikari.HikariDataSource][SpringApplicationShutdownHook][352]HikariPool-1 - Shutdown completed.
[2024-05-02 21:33:31,392][INFO ][org.springframework.boot.StartupInfoLogger][main][50]Starting TestingEmployee using Java 18.0.2.1 with PID 22772 (started by USER in E:\binar\Binar Batch 7\MODUL\batch7\batch7-spring-boot)
[2024-05-02 21:33:31,397][INFO ][org.springframework.boot.SpringApplication][main][654]No active profile set, falling back to 1 default profile: "default"
[2024-05-02 21:33:32,750][INFO ][org.springframework.data.repository.config.RepositoryConfigurationDelegate][main][143]Bootstrapping Spring Data JPA repositories in DEFAULT mode.
[2024-05-02 21:33:32,891][INFO ][org.springframework.data.repository.config.RepositoryConfigurationDelegate][main][211]Finished Spring Data repository scanning in 124 ms. Found 1 JPA repository interface.
[2024-05-02 21:33:34,395][INFO ][org.springframework.boot.web.embedded.tomcat.TomcatWebServer][main][109]Tomcat initialized with port 0 (http)
[2024-05-02 21:33:34,417][INFO ][org.apache.juli.logging.DirectJDKLog][main][173]Initializing ProtocolHandler ["http-nio-auto-1"]
[2024-05-02 21:33:34,420][INFO ][org.apache.juli.logging.DirectJDKLog][main][173]Starting service [Tomcat]
[2024-05-02 21:33:34,421][INFO ][org.apache.juli.logging.DirectJDKLog][main][173]Starting Servlet engine: [Apache Tomcat/10.1.20]
[2024-05-02 21:33:34,683][INFO ][org.apache.juli.logging.DirectJDKLog][main][173]Initializing Spring embedded WebApplicationContext
[2024-05-02 21:33:34,685][INFO ][org.springframework.boot.web.servlet.context.ServletWebServerApplicationContext][main][296]Root WebApplicationContext: initialization completed in 3242 ms
[2024-05-02 21:33:35,068][INFO ][org.hibernate.jpa.internal.util.LogHelper][main][31]HHH000204: Processing PersistenceUnitInfo [name: default]
[2024-05-02 21:33:35,231][INFO ][org.hibernate.Version][main][44]HHH000412: Hibernate ORM core version 6.4.4.Final
[2024-05-02 21:33:35,296][INFO ][org.hibernate.cache.internal.RegionFactoryInitiator][main][50]HHH000026: Second-level cache disabled
[2024-05-02 21:33:35,787][INFO ][org.springframework.orm.jpa.persistenceunit.SpringPersistenceUnitInfo][main][87]No LoadTimeWeaver setup: ignoring JPA class transformer
[2024-05-02 21:33:35,849][INFO ][com.zaxxer.hikari.HikariDataSource][main][110]HikariPool-1 - Starting...
[2024-05-02 21:33:36,211][INFO ][com.zaxxer.hikari.pool.HikariPool][main][565]HikariPool-1 - Added connection org.postgresql.jdbc.PgConnection@27502e5c
[2024-05-02 21:33:36,215][INFO ][com.zaxxer.hikari.HikariDataSource][main][123]HikariPool-1 - Start completed.
[2024-05-02 21:33:38,773][INFO ][org.hibernate.engine.transaction.jta.platform.internal.JtaPlatformInitiator][main][58]HHH000489: No JTA platform available (set 'hibernate.transaction.jta.platform' to enable JTA platform integration)
[2024-05-02 21:33:38,962][INFO ][org.springframework.orm.jpa.AbstractEntityManagerFactoryBean][main][437]Initialized JPA EntityManagerFactory for persistence unit 'default'
[2024-05-02 21:33:39,756][INFO ][org.springframework.data.jpa.repository.query.QueryEnhancerFactory][main][49]Hibernate is in classpath; If applicable, HQL parser will be used.
[2024-05-02 21:33:41,202][WARN ][org.springframework.boot.autoconfigure.orm.jpa.JpaBaseConfiguration$JpaWebConfiguration][main][232]spring.jpa.open-in-view is enabled by default. Therefore, database queries may be performed during view rendering. Explicitly configure spring.jpa.open-in-view to disable this warning
[2024-05-02 21:33:42,253][WARN ][org.springframework.boot.autoconfigure.thymeleaf.ThymeleafAutoConfiguration$DefaultTemplateResolverConfiguration][main][101]Cannot find template location: classpath:/templates/ (please add some templates, check your Thymeleaf configuration, or set spring.thymeleaf.check-template-location=false)
[2024-05-02 21:33:42,565][INFO ][org.apache.juli.logging.DirectJDKLog][main][173]Starting ProtocolHandler ["http-nio-auto-1"]
[2024-05-02 21:33:42,917][INFO ][org.springframework.boot.web.embedded.tomcat.TomcatWebServer][main][241]Tomcat started on port 50807 (http) with context path ''
[2024-05-02 21:33:42,943][INFO ][org.springframework.boot.StartupInfoLogger][main][56]Started TestingEmployee in 12.478 seconds (process running for 14.148)
[2024-05-02 21:33:45,661][INFO ][org.springframework.orm.jpa.AbstractEntityManagerFactoryBean][SpringApplicationShutdownHook][650]Closing JPA EntityManagerFactory for persistence unit 'default'
[2024-05-02 21:33:45,669][INFO ][com.zaxxer.hikari.HikariDataSource][SpringApplicationShutdownHook][350]HikariPool-1 - Shutdown initiated...
[2024-05-02 21:33:45,692][INFO ][com.zaxxer.hikari.HikariDataSource][SpringApplicationShutdownHook][352]HikariPool-1 - Shutdown completed.
[2024-05-02 21:35:25,997][INFO ][org.springframework.orm.jpa.AbstractEntityManagerFactoryBean][SpringApplicationShutdownHook][650]Closing JPA EntityManagerFactory for persistence unit 'default'
[2024-05-02 21:35:26,000][INFO ][com.zaxxer.hikari.HikariDataSource][SpringApplicationShutdownHook][350]HikariPool-1 - Shutdown initiated...
[2024-05-02 21:35:26,011][INFO ][com.zaxxer.hikari.HikariDataSource][SpringApplicationShutdownHook][352]HikariPool-1 - Shutdown completed.
