[2024-05-12 20:14:58,828][INFO ][org.springframework.boot.StartupInfoLogger][main][50]Starting Batch7Application using Java 17.0.10 with PID 6665 (/home/irfiyanda/Documents/synrgy-BEJ/challenge4/batch7-spring-boot/target/classes started by irfiyanda in /home/irfiyanda/Documents/synrgy-BEJ/challenge4/batch7-spring-boot)
[2024-05-12 20:14:58,857][INFO ][org.springframework.boot.SpringApplication][main][654]No active profile set, falling back to 1 default profile: "default"
[2024-05-12 20:15:02,898][INFO ][org.springframework.data.repository.config.RepositoryConfigurationDelegate][main][143]Bootstrapping Spring Data JPA repositories in DEFAULT mode.
[2024-05-12 20:15:03,270][INFO ][org.springframework.data.repository.config.RepositoryConfigurationDelegate][main][211]Finished Spring Data repository scanning in 313 ms. Found 6 JPA repository interfaces.
[2024-05-12 20:15:05,226][INFO ][org.springframework.boot.web.embedded.tomcat.TomcatWebServer][main][109]Tomcat initialized with port 8082 (http)
[2024-05-12 20:15:05,255][INFO ][org.apache.juli.logging.DirectJDKLog][main][173]Initializing ProtocolHandler ["http-nio-8082"]
[2024-05-12 20:15:05,263][INFO ][org.apache.juli.logging.DirectJDKLog][main][173]Starting service [Tomcat]
[2024-05-12 20:15:05,264][INFO ][org.apache.juli.logging.DirectJDKLog][main][173]Starting Servlet engine: [Apache Tomcat/10.1.20]
[2024-05-12 20:15:05,504][INFO ][org.apache.juli.logging.DirectJDKLog][main][173]Initializing Spring embedded WebApplicationContext
[2024-05-12 20:15:05,510][INFO ][org.springframework.boot.web.servlet.context.ServletWebServerApplicationContext][main][296]Root WebApplicationContext: initialization completed in 6293 ms
[2024-05-12 20:15:06,160][INFO ][org.hibernate.jpa.internal.util.LogHelper][main][31]HHH000204: Processing PersistenceUnitInfo [name: default]
[2024-05-12 20:15:06,272][INFO ][org.hibernate.Version][main][44]HHH000412: Hibernate ORM core version 6.4.4.Final
[2024-05-12 20:15:06,414][INFO ][org.hibernate.cache.internal.RegionFactoryInitiator][main][50]HHH000026: Second-level cache disabled
[2024-05-12 20:15:07,356][INFO ][org.springframework.orm.jpa.persistenceunit.SpringPersistenceUnitInfo][main][87]No LoadTimeWeaver setup: ignoring JPA class transformer
[2024-05-12 20:15:07,509][INFO ][com.zaxxer.hikari.HikariDataSource][main][110]HikariPool-1 - Starting...
[2024-05-12 20:15:08,479][INFO ][com.zaxxer.hikari.pool.HikariPool][main][565]HikariPool-1 - Added connection org.postgresql.jdbc.PgConnection@45b96e4c
[2024-05-12 20:15:08,484][INFO ][com.zaxxer.hikari.HikariDataSource][main][123]HikariPool-1 - Start completed.
[2024-05-12 20:15:12,595][INFO ][org.hibernate.engine.transaction.jta.platform.internal.JtaPlatformInitiator][main][58]HHH000489: No JTA platform available (set 'hibernate.transaction.jta.platform' to enable JTA platform integration)
[2024-05-12 20:15:13,129][INFO ][org.springframework.orm.jpa.AbstractEntityManagerFactoryBean][main][437]Initialized JPA EntityManagerFactory for persistence unit 'default'
[2024-05-12 20:15:13,992][INFO ][org.springframework.data.jpa.repository.query.QueryEnhancerFactory][main][49]Hibernate is in classpath; If applicable, HQL parser will be used.
[2024-05-12 20:15:16,058][WARN ][org.springframework.boot.autoconfigure.orm.jpa.JpaBaseConfiguration$JpaWebConfiguration][main][232]spring.jpa.open-in-view is enabled by default. Therefore, database queries may be performed during view rendering. Explicitly configure spring.jpa.open-in-view to disable this warning
[2024-05-12 20:15:17,347][WARN ][org.springframework.boot.autoconfigure.thymeleaf.ThymeleafAutoConfiguration$DefaultTemplateResolverConfiguration][main][101]Cannot find template location: classpath:/templates/ (please add some templates, check your Thymeleaf configuration, or set spring.thymeleaf.check-template-location=false)
[2024-05-12 20:15:17,686][INFO ][org.apache.juli.logging.DirectJDKLog][main][173]Starting ProtocolHandler ["http-nio-8082"]
[2024-05-12 20:15:17,776][INFO ][org.springframework.boot.web.embedded.tomcat.TomcatWebServer][main][241]Tomcat started on port 8082 (http) with context path ''
[2024-05-12 20:15:17,841][INFO ][org.springframework.boot.StartupInfoLogger][main][56]Started Batch7Application in 22.002 seconds (process running for 24.003)
[2024-05-12 20:15:17,854][INFO ][com.example.batch7.Batch7Application][main][15]info logging level
[2024-05-12 20:15:17,854][ERROR][com.example.batch7.Batch7Application][main][16]eror logging level
[2024-05-12 20:15:17,855][WARN ][com.example.batch7.Batch7Application][main][17]warning logging level
[2024-05-12 20:15:17,858][ERROR][com.example.batch7.Batch7Application][main][20]Error processing request
[2024-05-12 20:17:44,474][INFO ][org.apache.juli.logging.DirectJDKLog][http-nio-8082-exec-3][173]Initializing Spring DispatcherServlet 'dispatcherServlet'
[2024-05-12 20:17:44,475][INFO ][org.springframework.web.servlet.FrameworkServlet][http-nio-8082-exec-3][532]Initializing Servlet 'dispatcherServlet'
[2024-05-12 20:17:44,479][INFO ][org.springframework.web.servlet.FrameworkServlet][http-nio-8082-exec-3][554]Completed initialization in 3 ms
[2024-05-12 20:17:44,602][WARN ][org.springframework.web.servlet.handler.AbstractHandlerExceptionResolver][http-nio-8082-exec-3][247]Resolved [org.springframework.web.bind.MissingPathVariableException: Required URI template variable 'page' for method parameter type int is not present]
[2024-05-12 20:21:11,012][WARN ][org.springframework.web.servlet.handler.AbstractHandlerExceptionResolver][http-nio-8082-exec-5][247]Resolved [org.springframework.web.bind.MissingPathVariableException: Required URI template variable 'page' for method parameter type int is not present]
[2024-05-12 20:21:12,747][WARN ][org.springframework.web.servlet.handler.AbstractHandlerExceptionResolver][http-nio-8082-exec-7][247]Resolved [org.springframework.web.bind.MissingPathVariableException: Required URI template variable 'page' for method parameter type int is not present]
[2024-05-12 20:21:15,756][INFO ][org.springframework.orm.jpa.AbstractEntityManagerFactoryBean][SpringApplicationShutdownHook][650]Closing JPA EntityManagerFactory for persistence unit 'default'
[2024-05-12 20:21:15,761][INFO ][com.zaxxer.hikari.HikariDataSource][SpringApplicationShutdownHook][350]HikariPool-1 - Shutdown initiated...
[2024-05-12 20:21:15,794][INFO ][com.zaxxer.hikari.HikariDataSource][SpringApplicationShutdownHook][352]HikariPool-1 - Shutdown completed.
[2024-05-12 20:21:29,288][INFO ][org.springframework.boot.StartupInfoLogger][main][50]Starting Batch7Application using Java 17.0.10 with PID 7173 (/home/irfiyanda/Documents/synrgy-BEJ/challenge4/batch7-spring-boot/target/classes started by irfiyanda in /home/irfiyanda/Documents/synrgy-BEJ/challenge4/batch7-spring-boot)
[2024-05-12 20:21:29,295][INFO ][org.springframework.boot.SpringApplication][main][654]No active profile set, falling back to 1 default profile: "default"
[2024-05-12 20:21:32,243][INFO ][org.springframework.data.repository.config.RepositoryConfigurationDelegate][main][143]Bootstrapping Spring Data JPA repositories in DEFAULT mode.
[2024-05-12 20:21:32,485][INFO ][org.springframework.data.repository.config.RepositoryConfigurationDelegate][main][211]Finished Spring Data repository scanning in 221 ms. Found 6 JPA repository interfaces.
[2024-05-12 20:21:34,402][INFO ][org.springframework.boot.web.embedded.tomcat.TomcatWebServer][main][109]Tomcat initialized with port 8082 (http)
[2024-05-12 20:21:34,433][INFO ][org.apache.juli.logging.DirectJDKLog][main][173]Initializing ProtocolHandler ["http-nio-8082"]
[2024-05-12 20:21:34,441][INFO ][org.apache.juli.logging.DirectJDKLog][main][173]Starting service [Tomcat]
[2024-05-12 20:21:34,444][INFO ][org.apache.juli.logging.DirectJDKLog][main][173]Starting Servlet engine: [Apache Tomcat/10.1.20]
[2024-05-12 20:21:34,722][INFO ][org.apache.juli.logging.DirectJDKLog][main][173]Initializing Spring embedded WebApplicationContext
[2024-05-12 20:21:34,725][INFO ][org.springframework.boot.web.servlet.context.ServletWebServerApplicationContext][main][296]Root WebApplicationContext: initialization completed in 5177 ms
[2024-05-12 20:21:35,331][INFO ][org.hibernate.jpa.internal.util.LogHelper][main][31]HHH000204: Processing PersistenceUnitInfo [name: default]
[2024-05-12 20:21:35,495][INFO ][org.hibernate.Version][main][44]HHH000412: Hibernate ORM core version 6.4.4.Final
[2024-05-12 20:21:35,578][INFO ][org.hibernate.cache.internal.RegionFactoryInitiator][main][50]HHH000026: Second-level cache disabled
[2024-05-12 20:21:36,350][INFO ][org.springframework.orm.jpa.persistenceunit.SpringPersistenceUnitInfo][main][87]No LoadTimeWeaver setup: ignoring JPA class transformer
[2024-05-12 20:21:36,407][INFO ][com.zaxxer.hikari.HikariDataSource][main][110]HikariPool-1 - Starting...
[2024-05-12 20:21:37,125][INFO ][com.zaxxer.hikari.pool.HikariPool][main][565]HikariPool-1 - Added connection org.postgresql.jdbc.PgConnection@320ff86f
[2024-05-12 20:21:37,130][INFO ][com.zaxxer.hikari.HikariDataSource][main][123]HikariPool-1 - Start completed.
[2024-05-12 20:21:41,917][INFO ][org.hibernate.engine.transaction.jta.platform.internal.JtaPlatformInitiator][main][58]HHH000489: No JTA platform available (set 'hibernate.transaction.jta.platform' to enable JTA platform integration)
[2024-05-12 20:21:42,234][INFO ][org.springframework.orm.jpa.AbstractEntityManagerFactoryBean][main][437]Initialized JPA EntityManagerFactory for persistence unit 'default'
[2024-05-12 20:21:43,131][INFO ][org.springframework.data.jpa.repository.query.QueryEnhancerFactory][main][49]Hibernate is in classpath; If applicable, HQL parser will be used.
[2024-05-12 20:21:45,759][WARN ][org.springframework.boot.autoconfigure.orm.jpa.JpaBaseConfiguration$JpaWebConfiguration][main][232]spring.jpa.open-in-view is enabled by default. Therefore, database queries may be performed during view rendering. Explicitly configure spring.jpa.open-in-view to disable this warning
[2024-05-12 20:21:46,705][WARN ][org.springframework.boot.autoconfigure.thymeleaf.ThymeleafAutoConfiguration$DefaultTemplateResolverConfiguration][main][101]Cannot find template location: classpath:/templates/ (please add some templates, check your Thymeleaf configuration, or set spring.thymeleaf.check-template-location=false)
[2024-05-12 20:21:47,001][INFO ][org.apache.juli.logging.DirectJDKLog][main][173]Starting ProtocolHandler ["http-nio-8082"]
[2024-05-12 20:21:47,063][INFO ][org.springframework.boot.web.embedded.tomcat.TomcatWebServer][main][241]Tomcat started on port 8082 (http) with context path ''
[2024-05-12 20:21:47,091][INFO ][org.springframework.boot.StartupInfoLogger][main][56]Started Batch7Application in 20.206 seconds (process running for 21.452)
[2024-05-12 20:21:47,101][INFO ][com.example.batch7.Batch7Application][main][15]info logging level
[2024-05-12 20:21:47,102][ERROR][com.example.batch7.Batch7Application][main][16]eror logging level
[2024-05-12 20:21:47,102][WARN ][com.example.batch7.Batch7Application][main][17]warning logging level
[2024-05-12 20:21:47,103][ERROR][com.example.batch7.Batch7Application][main][20]Error processing request
[2024-05-12 20:21:52,660][INFO ][org.apache.juli.logging.DirectJDKLog][http-nio-8082-exec-2][173]Initializing Spring DispatcherServlet 'dispatcherServlet'
[2024-05-12 20:21:52,665][INFO ][org.springframework.web.servlet.FrameworkServlet][http-nio-8082-exec-2][532]Initializing Servlet 'dispatcherServlet'
[2024-05-12 20:21:52,673][INFO ][org.springframework.web.servlet.FrameworkServlet][http-nio-8082-exec-2][554]Completed initialization in 4 ms
[2024-05-12 20:58:02,884][INFO ][com.example.batch7.ch8.controller.UserController][http-nio-8082-exec-1][73]Request :
[2024-05-12 20:58:11,568][INFO ][com.example.batch7.ch8.controller.UserController][http-nio-8082-exec-2][73]Request :
[2024-05-12 21:29:14,346][INFO ][org.springframework.orm.jpa.AbstractEntityManagerFactoryBean][SpringApplicationShutdownHook][650]Closing JPA EntityManagerFactory for persistence unit 'default'
[2024-05-12 21:29:14,356][INFO ][com.zaxxer.hikari.HikariDataSource][SpringApplicationShutdownHook][350]HikariPool-1 - Shutdown initiated...
[2024-05-12 21:29:14,405][INFO ][com.zaxxer.hikari.HikariDataSource][SpringApplicationShutdownHook][352]HikariPool-1 - Shutdown completed.
