[2024-05-13 21:15:09,990][INFO ][org.springframework.boot.StartupInfoLogger][main][50]Starting Batch7Application using Java 17.0.10 with PID 14563 (/home/irfiyanda/Documents/synrgy-BEJ/challenge4/batch7-spring-boot/target/classes started by irfiyanda in /home/irfiyanda/Documents/synrgy-BEJ/challenge4/batch7-spring-boot)
[2024-05-13 21:15:10,011][INFO ][org.springframework.boot.SpringApplication][main][654]No active profile set, falling back to 1 default profile: "default"
[2024-05-13 21:15:13,300][INFO ][org.springframework.data.repository.config.RepositoryConfigurationDelegate][main][143]Bootstrapping Spring Data JPA repositories in DEFAULT mode.
[2024-05-13 21:15:13,547][INFO ][org.springframework.data.repository.config.RepositoryConfigurationDelegate][main][211]Finished Spring Data repository scanning in 213 ms. Found 6 JPA repository interfaces.
[2024-05-13 21:15:15,319][INFO ][org.springframework.boot.web.embedded.tomcat.TomcatWebServer][main][109]Tomcat initialized with port 8082 (http)
[2024-05-13 21:15:15,347][INFO ][org.apache.juli.logging.DirectJDKLog][main][173]Initializing ProtocolHandler ["http-nio-8082"]
[2024-05-13 21:15:15,356][INFO ][org.apache.juli.logging.DirectJDKLog][main][173]Starting service [Tomcat]
[2024-05-13 21:15:15,357][INFO ][org.apache.juli.logging.DirectJDKLog][main][173]Starting Servlet engine: [Apache Tomcat/10.1.20]
[2024-05-13 21:15:15,545][INFO ][org.apache.juli.logging.DirectJDKLog][main][173]Initializing Spring embedded WebApplicationContext
[2024-05-13 21:15:15,549][INFO ][org.springframework.boot.web.servlet.context.ServletWebServerApplicationContext][main][296]Root WebApplicationContext: initialization completed in 5181 ms
[2024-05-13 21:15:16,177][INFO ][org.hibernate.jpa.internal.util.LogHelper][main][31]HHH000204: Processing PersistenceUnitInfo [name: default]
[2024-05-13 21:15:16,358][INFO ][org.hibernate.Version][main][44]HHH000412: Hibernate ORM core version 6.4.4.Final
[2024-05-13 21:15:16,439][INFO ][org.hibernate.cache.internal.RegionFactoryInitiator][main][50]HHH000026: Second-level cache disabled
[2024-05-13 21:15:17,079][INFO ][org.springframework.orm.jpa.persistenceunit.SpringPersistenceUnitInfo][main][87]No LoadTimeWeaver setup: ignoring JPA class transformer
[2024-05-13 21:15:17,168][INFO ][com.zaxxer.hikari.HikariDataSource][main][110]HikariPool-1 - Starting...
[2024-05-13 21:15:18,001][INFO ][com.zaxxer.hikari.pool.HikariPool][main][565]HikariPool-1 - Added connection org.postgresql.jdbc.PgConnection@12aa519b
[2024-05-13 21:15:18,006][INFO ][com.zaxxer.hikari.HikariDataSource][main][123]HikariPool-1 - Start completed.
[2024-05-13 21:15:22,889][INFO ][org.hibernate.engine.transaction.jta.platform.internal.JtaPlatformInitiator][main][58]HHH000489: No JTA platform available (set 'hibernate.transaction.jta.platform' to enable JTA platform integration)
[2024-05-13 21:15:23,610][INFO ][org.springframework.orm.jpa.AbstractEntityManagerFactoryBean][main][437]Initialized JPA EntityManagerFactory for persistence unit 'default'
[2024-05-13 21:15:24,757][INFO ][org.springframework.data.jpa.repository.query.QueryEnhancerFactory][main][49]Hibernate is in classpath; If applicable, HQL parser will be used.
[2024-05-13 21:15:28,045][WARN ][org.springframework.boot.autoconfigure.orm.jpa.JpaBaseConfiguration$JpaWebConfiguration][main][232]spring.jpa.open-in-view is enabled by default. Therefore, database queries may be performed during view rendering. Explicitly configure spring.jpa.open-in-view to disable this warning
[2024-05-13 21:15:29,579][WARN ][org.springframework.boot.autoconfigure.thymeleaf.ThymeleafAutoConfiguration$DefaultTemplateResolverConfiguration][main][101]Cannot find template location: classpath:/templates/ (please add some templates, check your Thymeleaf configuration, or set spring.thymeleaf.check-template-location=false)
[2024-05-13 21:15:30,566][INFO ][org.apache.juli.logging.DirectJDKLog][main][173]Starting ProtocolHandler ["http-nio-8082"]
[2024-05-13 21:15:30,902][INFO ][org.springframework.boot.web.embedded.tomcat.TomcatWebServer][main][241]Tomcat started on port 8082 (http) with context path ''
[2024-05-13 21:15:30,974][INFO ][org.springframework.boot.StartupInfoLogger][main][56]Started Batch7Application in 24.027 seconds (process running for 26.866)
[2024-05-13 21:15:30,993][INFO ][com.example.batch7.Batch7Application][main][17]info logging level
[2024-05-13 21:15:30,995][ERROR][com.example.batch7.Batch7Application][main][18]eror logging level
[2024-05-13 21:15:30,998][WARN ][com.example.batch7.Batch7Application][main][19]warning logging level
[2024-05-13 21:15:31,010][ERROR][com.example.batch7.Batch7Application][main][22]Error processing request
[2024-05-13 21:18:37,492][INFO ][org.apache.juli.logging.DirectJDKLog][http-nio-8082-exec-1][173]Initializing Spring DispatcherServlet 'dispatcherServlet'
[2024-05-13 21:18:37,497][INFO ][org.springframework.web.servlet.FrameworkServlet][http-nio-8082-exec-1][532]Initializing Servlet 'dispatcherServlet'
[2024-05-13 21:18:37,504][INFO ][org.springframework.web.servlet.FrameworkServlet][http-nio-8082-exec-1][554]Completed initialization in 5 ms
[2024-05-13 21:18:43,452][INFO ][org.springdoc.api.AbstractOpenApiResource][http-nio-8082-exec-1][387]Init duration for springdoc-openapi is: 3684 ms
