[2024-05-19 00:07:53,391][INFO ][org.springframework.boot.StartupInfoLogger][main][50]Starting Batch7Application using Java 17.0.10 with PID 14304 (/home/irfiyanda/Documents/synrgy-BEJ/challenge4/batch7-spring-boot/target/classes started by irfiyanda in /home/irfiyanda/Documents/synrgy-BEJ/challenge4/batch7-spring-boot)
[2024-05-19 00:07:53,413][INFO ][org.springframework.boot.SpringApplication][main][654]No active profile set, falling back to 1 default profile: "default"
[2024-05-19 00:08:00,365][INFO ][org.springframework.data.repository.config.RepositoryConfigurationDelegate][main][143]Bootstrapping Spring Data JPA repositories in DEFAULT mode.
[2024-05-19 00:08:00,724][INFO ][org.springframework.data.repository.config.RepositoryConfigurationDelegate][main][211]Finished Spring Data repository scanning in 306 ms. Found 6 JPA repository interfaces.
[2024-05-19 00:08:03,140][INFO ][org.springframework.boot.web.embedded.tomcat.TomcatWebServer][main][109]Tomcat initialized with port 8082 (http)
[2024-05-19 00:08:03,170][INFO ][org.apache.juli.logging.DirectJDKLog][main][173]Initializing ProtocolHandler ["http-nio-8082"]
[2024-05-19 00:08:03,178][INFO ][org.apache.juli.logging.DirectJDKLog][main][173]Starting service [Tomcat]
[2024-05-19 00:08:03,179][INFO ][org.apache.juli.logging.DirectJDKLog][main][173]Starting Servlet engine: [Apache Tomcat/10.1.20]
[2024-05-19 00:08:03,407][INFO ][org.apache.juli.logging.DirectJDKLog][main][173]Initializing Spring embedded WebApplicationContext
[2024-05-19 00:08:03,410][INFO ][org.springframework.boot.web.servlet.context.ServletWebServerApplicationContext][main][296]Root WebApplicationContext: initialization completed in 9237 ms
[2024-05-19 00:08:04,140][INFO ][org.hibernate.jpa.internal.util.LogHelper][main][31]HHH000204: Processing PersistenceUnitInfo [name: default]
[2024-05-19 00:08:04,376][INFO ][org.hibernate.Version][main][44]HHH000412: Hibernate ORM core version 6.4.4.Final
[2024-05-19 00:08:04,560][INFO ][org.hibernate.cache.internal.RegionFactoryInitiator][main][50]HHH000026: Second-level cache disabled
[2024-05-19 00:08:05,686][INFO ][org.springframework.orm.jpa.persistenceunit.SpringPersistenceUnitInfo][main][87]No LoadTimeWeaver setup: ignoring JPA class transformer
[2024-05-19 00:08:05,834][INFO ][com.zaxxer.hikari.HikariDataSource][main][110]HikariPool-1 - Starting...
[2024-05-19 00:08:07,510][INFO ][com.zaxxer.hikari.pool.HikariPool][main][565]HikariPool-1 - Added connection org.postgresql.jdbc.PgConnection@61dd1c3d
[2024-05-19 00:08:07,517][INFO ][com.zaxxer.hikari.HikariDataSource][main][123]HikariPool-1 - Start completed.
[2024-05-19 00:08:11,959][INFO ][org.hibernate.engine.transaction.jta.platform.internal.JtaPlatformInitiator][main][58]HHH000489: No JTA platform available (set 'hibernate.transaction.jta.platform' to enable JTA platform integration)
[2024-05-19 00:08:12,954][INFO ][org.springframework.orm.jpa.AbstractEntityManagerFactoryBean][main][437]Initialized JPA EntityManagerFactory for persistence unit 'default'
[2024-05-19 00:08:14,733][INFO ][org.springframework.data.jpa.repository.query.QueryEnhancerFactory][main][49]Hibernate is in classpath; If applicable, HQL parser will be used.
[2024-05-19 00:08:20,200][WARN ][org.springframework.boot.autoconfigure.orm.jpa.JpaBaseConfiguration$JpaWebConfiguration][main][232]spring.jpa.open-in-view is enabled by default. Therefore, database queries may be performed during view rendering. Explicitly configure spring.jpa.open-in-view to disable this warning
[2024-05-19 00:08:21,620][WARN ][org.springframework.boot.autoconfigure.thymeleaf.ThymeleafAutoConfiguration$DefaultTemplateResolverConfiguration][main][101]Cannot find template location: classpath:/templates/ (please add some templates, check your Thymeleaf configuration, or set spring.thymeleaf.check-template-location=false)
[2024-05-19 00:08:22,124][INFO ][org.apache.juli.logging.DirectJDKLog][main][173]Starting ProtocolHandler ["http-nio-8082"]
[2024-05-19 00:08:22,172][INFO ][org.springframework.boot.web.embedded.tomcat.TomcatWebServer][main][241]Tomcat started on port 8082 (http) with context path ''
[2024-05-19 00:08:22,217][INFO ][org.springframework.boot.StartupInfoLogger][main][56]Started Batch7Application in 31.837 seconds (process running for 34.672)
[2024-05-19 00:08:23,185][INFO ][com.example.batch7.Batch7Application][main][17]info logging level
[2024-05-19 00:08:23,186][ERROR][com.example.batch7.Batch7Application][main][18]eror logging level
[2024-05-19 00:08:23,187][WARN ][com.example.batch7.Batch7Application][main][19]warning logging level
[2024-05-19 00:08:23,190][ERROR][com.example.batch7.Batch7Application][main][22]Error processing request
[2024-05-19 00:08:29,164][INFO ][org.apache.juli.logging.DirectJDKLog][http-nio-8082-exec-2][173]Initializing Spring DispatcherServlet 'dispatcherServlet'
[2024-05-19 00:08:29,166][INFO ][org.springframework.web.servlet.FrameworkServlet][http-nio-8082-exec-2][532]Initializing Servlet 'dispatcherServlet'
[2024-05-19 00:08:29,175][INFO ][org.springframework.web.servlet.FrameworkServlet][http-nio-8082-exec-2][554]Completed initialization in 8 ms
[2024-05-19 00:09:02,626][INFO ][org.springframework.orm.jpa.AbstractEntityManagerFactoryBean][SpringApplicationShutdownHook][650]Closing JPA EntityManagerFactory for persistence unit 'default'
[2024-05-19 00:09:02,633][INFO ][com.zaxxer.hikari.HikariDataSource][SpringApplicationShutdownHook][350]HikariPool-1 - Shutdown initiated...
[2024-05-19 00:09:02,706][INFO ][com.zaxxer.hikari.HikariDataSource][SpringApplicationShutdownHook][352]HikariPool-1 - Shutdown completed.
[2024-05-19 00:09:23,782][INFO ][org.springframework.boot.StartupInfoLogger][main][50]Starting Batch7Application using Java 17.0.10 with PID 14575 (/home/irfiyanda/Documents/synrgy-BEJ/challenge4/batch7-spring-boot/target/classes started by irfiyanda in /home/irfiyanda/Documents/synrgy-BEJ/challenge4/batch7-spring-boot)
[2024-05-19 00:09:23,789][INFO ][org.springframework.boot.SpringApplication][main][654]No active profile set, falling back to 1 default profile: "default"
[2024-05-19 00:09:28,820][INFO ][org.springframework.data.repository.config.RepositoryConfigurationDelegate][main][143]Bootstrapping Spring Data JPA repositories in DEFAULT mode.
[2024-05-19 00:09:29,387][INFO ][org.springframework.data.repository.config.RepositoryConfigurationDelegate][main][211]Finished Spring Data repository scanning in 528 ms. Found 6 JPA repository interfaces.
[2024-05-19 00:09:31,964][INFO ][org.springframework.boot.web.embedded.tomcat.TomcatWebServer][main][109]Tomcat initialized with port 8082 (http)
[2024-05-19 00:09:32,012][INFO ][org.apache.juli.logging.DirectJDKLog][main][173]Initializing ProtocolHandler ["http-nio-8082"]
[2024-05-19 00:09:32,026][INFO ][org.apache.juli.logging.DirectJDKLog][main][173]Starting service [Tomcat]
[2024-05-19 00:09:32,027][INFO ][org.apache.juli.logging.DirectJDKLog][main][173]Starting Servlet engine: [Apache Tomcat/10.1.20]
[2024-05-19 00:09:32,346][INFO ][org.apache.juli.logging.DirectJDKLog][main][173]Initializing Spring embedded WebApplicationContext
[2024-05-19 00:09:32,360][INFO ][org.springframework.boot.web.servlet.context.ServletWebServerApplicationContext][main][296]Root WebApplicationContext: initialization completed in 7808 ms
[2024-05-19 00:09:32,980][INFO ][org.hibernate.jpa.internal.util.LogHelper][main][31]HHH000204: Processing PersistenceUnitInfo [name: default]
[2024-05-19 00:09:33,204][INFO ][org.hibernate.Version][main][44]HHH000412: Hibernate ORM core version 6.4.4.Final
[2024-05-19 00:09:33,388][INFO ][org.hibernate.cache.internal.RegionFactoryInitiator][main][50]HHH000026: Second-level cache disabled
[2024-05-19 00:09:34,456][INFO ][org.springframework.orm.jpa.persistenceunit.SpringPersistenceUnitInfo][main][87]No LoadTimeWeaver setup: ignoring JPA class transformer
[2024-05-19 00:09:34,538][INFO ][com.zaxxer.hikari.HikariDataSource][main][110]HikariPool-1 - Starting...
[2024-05-19 00:09:35,586][INFO ][com.zaxxer.hikari.pool.HikariPool][main][565]HikariPool-1 - Added connection org.postgresql.jdbc.PgConnection@425b5fe2
[2024-05-19 00:09:35,593][INFO ][com.zaxxer.hikari.HikariDataSource][main][123]HikariPool-1 - Start completed.
[2024-05-19 00:09:41,173][INFO ][org.hibernate.engine.transaction.jta.platform.internal.JtaPlatformInitiator][main][58]HHH000489: No JTA platform available (set 'hibernate.transaction.jta.platform' to enable JTA platform integration)
[2024-05-19 00:09:41,704][INFO ][org.springframework.orm.jpa.AbstractEntityManagerFactoryBean][main][437]Initialized JPA EntityManagerFactory for persistence unit 'default'
[2024-05-19 00:09:42,650][INFO ][org.springframework.data.jpa.repository.query.QueryEnhancerFactory][main][49]Hibernate is in classpath; If applicable, HQL parser will be used.
[2024-05-19 00:09:46,049][WARN ][org.springframework.boot.autoconfigure.orm.jpa.JpaBaseConfiguration$JpaWebConfiguration][main][232]spring.jpa.open-in-view is enabled by default. Therefore, database queries may be performed during view rendering. Explicitly configure spring.jpa.open-in-view to disable this warning
[2024-05-19 00:09:48,697][WARN ][org.springframework.boot.autoconfigure.thymeleaf.ThymeleafAutoConfiguration$DefaultTemplateResolverConfiguration][main][101]Cannot find template location: classpath:/templates/ (please add some templates, check your Thymeleaf configuration, or set spring.thymeleaf.check-template-location=false)
[2024-05-19 00:09:49,453][INFO ][org.apache.juli.logging.DirectJDKLog][main][173]Starting ProtocolHandler ["http-nio-8082"]
[2024-05-19 00:09:49,601][INFO ][org.springframework.boot.web.embedded.tomcat.TomcatWebServer][main][241]Tomcat started on port 8082 (http) with context path ''
[2024-05-19 00:09:49,687][INFO ][org.springframework.boot.StartupInfoLogger][main][56]Started Batch7Application in 28.435 seconds (process running for 30.645)
[2024-05-19 00:09:50,737][INFO ][com.example.batch7.Batch7Application][main][17]info logging level
[2024-05-19 00:09:50,738][ERROR][com.example.batch7.Batch7Application][main][18]eror logging level
[2024-05-19 00:09:50,739][WARN ][com.example.batch7.Batch7Application][main][19]warning logging level
[2024-05-19 00:09:50,743][ERROR][com.example.batch7.Batch7Application][main][22]Error processing request
[2024-05-19 00:10:09,576][INFO ][org.apache.juli.logging.DirectJDKLog][http-nio-8082-exec-1][173]Initializing Spring DispatcherServlet 'dispatcherServlet'
[2024-05-19 00:10:09,578][INFO ][org.springframework.web.servlet.FrameworkServlet][http-nio-8082-exec-1][532]Initializing Servlet 'dispatcherServlet'
[2024-05-19 00:10:09,584][INFO ][org.springframework.web.servlet.FrameworkServlet][http-nio-8082-exec-1][554]Completed initialization in 3 ms
[2024-05-19 00:10:27,289][INFO ][org.springframework.orm.jpa.AbstractEntityManagerFactoryBean][SpringApplicationShutdownHook][650]Closing JPA EntityManagerFactory for persistence unit 'default'
[2024-05-19 00:10:27,319][INFO ][com.zaxxer.hikari.HikariDataSource][SpringApplicationShutdownHook][350]HikariPool-1 - Shutdown initiated...
[2024-05-19 00:10:27,381][INFO ][com.zaxxer.hikari.HikariDataSource][SpringApplicationShutdownHook][352]HikariPool-1 - Shutdown completed.
[2024-05-19 00:10:42,155][INFO ][org.springframework.boot.StartupInfoLogger][main][50]Starting Batch7Application using Java 17.0.10 with PID 14702 (/home/irfiyanda/Documents/synrgy-BEJ/challenge4/batch7-spring-boot/target/classes started by irfiyanda in /home/irfiyanda/Documents/synrgy-BEJ/challenge4/batch7-spring-boot)
[2024-05-19 00:10:42,170][INFO ][org.springframework.boot.SpringApplication][main][654]No active profile set, falling back to 1 default profile: "default"
[2024-05-19 00:10:46,706][INFO ][org.springframework.data.repository.config.RepositoryConfigurationDelegate][main][143]Bootstrapping Spring Data JPA repositories in DEFAULT mode.
[2024-05-19 00:10:47,341][INFO ][org.springframework.data.repository.config.RepositoryConfigurationDelegate][main][211]Finished Spring Data repository scanning in 601 ms. Found 6 JPA repository interfaces.
[2024-05-19 00:10:50,442][INFO ][org.springframework.boot.web.embedded.tomcat.TomcatWebServer][main][109]Tomcat initialized with port 8082 (http)
[2024-05-19 00:10:50,484][INFO ][org.apache.juli.logging.DirectJDKLog][main][173]Initializing ProtocolHandler ["http-nio-8082"]
[2024-05-19 00:10:50,495][INFO ][org.apache.juli.logging.DirectJDKLog][main][173]Starting service [Tomcat]
[2024-05-19 00:10:50,501][INFO ][org.apache.juli.logging.DirectJDKLog][main][173]Starting Servlet engine: [Apache Tomcat/10.1.20]
[2024-05-19 00:10:50,808][INFO ][org.apache.juli.logging.DirectJDKLog][main][173]Initializing Spring embedded WebApplicationContext
[2024-05-19 00:10:50,810][INFO ][org.springframework.boot.web.servlet.context.ServletWebServerApplicationContext][main][296]Root WebApplicationContext: initialization completed in 8225 ms
[2024-05-19 00:10:51,629][INFO ][org.hibernate.jpa.internal.util.LogHelper][main][31]HHH000204: Processing PersistenceUnitInfo [name: default]
[2024-05-19 00:10:51,818][INFO ][org.hibernate.Version][main][44]HHH000412: Hibernate ORM core version 6.4.4.Final
[2024-05-19 00:10:51,982][INFO ][org.hibernate.cache.internal.RegionFactoryInitiator][main][50]HHH000026: Second-level cache disabled
[2024-05-19 00:10:52,790][INFO ][org.springframework.orm.jpa.persistenceunit.SpringPersistenceUnitInfo][main][87]No LoadTimeWeaver setup: ignoring JPA class transformer
[2024-05-19 00:10:52,909][INFO ][com.zaxxer.hikari.HikariDataSource][main][110]HikariPool-1 - Starting...
[2024-05-19 00:10:53,822][INFO ][com.zaxxer.hikari.pool.HikariPool][main][565]HikariPool-1 - Added connection org.postgresql.jdbc.PgConnection@3eec8583
[2024-05-19 00:10:53,827][INFO ][com.zaxxer.hikari.HikariDataSource][main][123]HikariPool-1 - Start completed.
[2024-05-19 00:10:58,586][INFO ][org.hibernate.engine.transaction.jta.platform.internal.JtaPlatformInitiator][main][58]HHH000489: No JTA platform available (set 'hibernate.transaction.jta.platform' to enable JTA platform integration)
[2024-05-19 00:10:59,152][INFO ][org.springframework.orm.jpa.AbstractEntityManagerFactoryBean][main][437]Initialized JPA EntityManagerFactory for persistence unit 'default'
[2024-05-19 00:11:00,248][INFO ][org.springframework.data.jpa.repository.query.QueryEnhancerFactory][main][49]Hibernate is in classpath; If applicable, HQL parser will be used.
[2024-05-19 00:11:04,341][WARN ][org.springframework.boot.autoconfigure.orm.jpa.JpaBaseConfiguration$JpaWebConfiguration][main][232]spring.jpa.open-in-view is enabled by default. Therefore, database queries may be performed during view rendering. Explicitly configure spring.jpa.open-in-view to disable this warning
[2024-05-19 00:11:05,490][WARN ][org.springframework.boot.autoconfigure.thymeleaf.ThymeleafAutoConfiguration$DefaultTemplateResolverConfiguration][main][101]Cannot find template location: classpath:/templates/ (please add some templates, check your Thymeleaf configuration, or set spring.thymeleaf.check-template-location=false)
[2024-05-19 00:11:07,078][INFO ][org.apache.juli.logging.DirectJDKLog][main][173]Starting ProtocolHandler ["http-nio-8082"]
[2024-05-19 00:11:07,258][INFO ][org.springframework.boot.web.embedded.tomcat.TomcatWebServer][main][241]Tomcat started on port 8082 (http) with context path ''
[2024-05-19 00:11:07,339][INFO ][org.springframework.boot.StartupInfoLogger][main][56]Started Batch7Application in 27.671 seconds (process running for 30.932)
[2024-05-19 00:11:08,242][INFO ][com.example.batch7.Batch7Application][main][17]info logging level
[2024-05-19 00:11:08,244][ERROR][com.example.batch7.Batch7Application][main][18]eror logging level
[2024-05-19 00:11:08,245][WARN ][com.example.batch7.Batch7Application][main][19]warning logging level
[2024-05-19 00:11:08,247][ERROR][com.example.batch7.Batch7Application][main][22]Error processing request
[2024-05-19 00:11:13,450][INFO ][org.apache.juli.logging.DirectJDKLog][http-nio-8082-exec-1][173]Initializing Spring DispatcherServlet 'dispatcherServlet'
[2024-05-19 00:11:13,451][INFO ][org.springframework.web.servlet.FrameworkServlet][http-nio-8082-exec-1][532]Initializing Servlet 'dispatcherServlet'
[2024-05-19 00:11:13,455][INFO ][org.springframework.web.servlet.FrameworkServlet][http-nio-8082-exec-1][554]Completed initialization in 4 ms
[2024-05-19 01:00:54,237][INFO ][org.springframework.orm.jpa.AbstractEntityManagerFactoryBean][SpringApplicationShutdownHook][650]Closing JPA EntityManagerFactory for persistence unit 'default'
[2024-05-19 01:00:54,249][INFO ][com.zaxxer.hikari.HikariDataSource][SpringApplicationShutdownHook][350]HikariPool-1 - Shutdown initiated...
[2024-05-19 01:00:54,317][INFO ][com.zaxxer.hikari.HikariDataSource][SpringApplicationShutdownHook][352]HikariPool-1 - Shutdown completed.
[2024-05-19 01:01:27,402][INFO ][org.springframework.boot.StartupInfoLogger][main][50]Starting Batch7Application using Java 17.0.10 with PID 15598 (/home/irfiyanda/Documents/synrgy-BEJ/challenge4/batch7-spring-boot/target/classes started by irfiyanda in /home/irfiyanda/Documents/synrgy-BEJ/challenge4/batch7-spring-boot)
[2024-05-19 01:01:27,442][INFO ][org.springframework.boot.SpringApplication][main][654]No active profile set, falling back to 1 default profile: "default"
[2024-05-19 01:01:31,542][INFO ][org.springframework.data.repository.config.RepositoryConfigurationDelegate][main][143]Bootstrapping Spring Data JPA repositories in DEFAULT mode.
[2024-05-19 01:01:32,032][INFO ][org.springframework.data.repository.config.RepositoryConfigurationDelegate][main][211]Finished Spring Data repository scanning in 454 ms. Found 6 JPA repository interfaces.
[2024-05-19 01:01:35,381][INFO ][org.springframework.boot.web.embedded.tomcat.TomcatWebServer][main][109]Tomcat initialized with port 8082 (http)
[2024-05-19 01:01:35,477][INFO ][org.apache.juli.logging.DirectJDKLog][main][173]Initializing ProtocolHandler ["http-nio-8082"]
[2024-05-19 01:01:35,487][INFO ][org.apache.juli.logging.DirectJDKLog][main][173]Starting service [Tomcat]
[2024-05-19 01:01:35,489][INFO ][org.apache.juli.logging.DirectJDKLog][main][173]Starting Servlet engine: [Apache Tomcat/10.1.20]
[2024-05-19 01:01:35,922][INFO ][org.apache.juli.logging.DirectJDKLog][main][173]Initializing Spring embedded WebApplicationContext
[2024-05-19 01:01:35,945][INFO ][org.springframework.boot.web.servlet.context.ServletWebServerApplicationContext][main][296]Root WebApplicationContext: initialization completed in 7961 ms
[2024-05-19 01:01:36,775][INFO ][org.hibernate.jpa.internal.util.LogHelper][main][31]HHH000204: Processing PersistenceUnitInfo [name: default]
[2024-05-19 01:01:37,305][INFO ][org.hibernate.Version][main][44]HHH000412: Hibernate ORM core version 6.4.4.Final
[2024-05-19 01:01:37,530][INFO ][org.hibernate.cache.internal.RegionFactoryInitiator][main][50]HHH000026: Second-level cache disabled
[2024-05-19 01:01:39,097][INFO ][org.springframework.orm.jpa.persistenceunit.SpringPersistenceUnitInfo][main][87]No LoadTimeWeaver setup: ignoring JPA class transformer
[2024-05-19 01:01:39,185][INFO ][com.zaxxer.hikari.HikariDataSource][main][110]HikariPool-1 - Starting...
[2024-05-19 01:01:40,464][INFO ][com.zaxxer.hikari.pool.HikariPool][main][565]HikariPool-1 - Added connection org.postgresql.jdbc.PgConnection@2a631049
[2024-05-19 01:01:40,468][INFO ][com.zaxxer.hikari.HikariDataSource][main][123]HikariPool-1 - Start completed.
[2024-05-19 01:01:45,082][INFO ][org.hibernate.engine.transaction.jta.platform.internal.JtaPlatformInitiator][main][58]HHH000489: No JTA platform available (set 'hibernate.transaction.jta.platform' to enable JTA platform integration)
[2024-05-19 01:01:45,749][INFO ][org.springframework.orm.jpa.AbstractEntityManagerFactoryBean][main][437]Initialized JPA EntityManagerFactory for persistence unit 'default'
[2024-05-19 01:01:47,580][INFO ][org.springframework.data.jpa.repository.query.QueryEnhancerFactory][main][49]Hibernate is in classpath; If applicable, HQL parser will be used.
[2024-05-19 01:01:50,620][WARN ][org.springframework.boot.autoconfigure.orm.jpa.JpaBaseConfiguration$JpaWebConfiguration][main][232]spring.jpa.open-in-view is enabled by default. Therefore, database queries may be performed during view rendering. Explicitly configure spring.jpa.open-in-view to disable this warning
[2024-05-19 01:01:51,554][WARN ][org.springframework.boot.autoconfigure.thymeleaf.ThymeleafAutoConfiguration$DefaultTemplateResolverConfiguration][main][101]Cannot find template location: classpath:/templates/ (please add some templates, check your Thymeleaf configuration, or set spring.thymeleaf.check-template-location=false)
[2024-05-19 01:01:51,959][INFO ][org.apache.juli.logging.DirectJDKLog][main][173]Starting ProtocolHandler ["http-nio-8082"]
[2024-05-19 01:01:52,001][INFO ][org.springframework.boot.web.embedded.tomcat.TomcatWebServer][main][241]Tomcat started on port 8082 (http) with context path ''
[2024-05-19 01:01:52,026][INFO ][org.springframework.boot.StartupInfoLogger][main][56]Started Batch7Application in 29.125 seconds (process running for 32.178)
[2024-05-19 01:01:52,794][INFO ][com.example.batch7.Batch7Application][main][17]info logging level
[2024-05-19 01:01:52,795][ERROR][com.example.batch7.Batch7Application][main][18]eror logging level
[2024-05-19 01:01:52,795][WARN ][com.example.batch7.Batch7Application][main][19]warning logging level
[2024-05-19 01:01:52,796][ERROR][com.example.batch7.Batch7Application][main][22]Error processing request
[2024-05-19 01:01:59,407][INFO ][org.apache.juli.logging.DirectJDKLog][http-nio-8082-exec-2][173]Initializing Spring DispatcherServlet 'dispatcherServlet'
[2024-05-19 01:01:59,413][INFO ][org.springframework.web.servlet.FrameworkServlet][http-nio-8082-exec-2][532]Initializing Servlet 'dispatcherServlet'
[2024-05-19 01:01:59,427][INFO ][org.springframework.web.servlet.FrameworkServlet][http-nio-8082-exec-2][554]Completed initialization in 12 ms
[2024-05-19 01:02:32,469][INFO ][org.springframework.orm.jpa.AbstractEntityManagerFactoryBean][SpringApplicationShutdownHook][650]Closing JPA EntityManagerFactory for persistence unit 'default'
[2024-05-19 01:02:32,484][INFO ][com.zaxxer.hikari.HikariDataSource][SpringApplicationShutdownHook][350]HikariPool-1 - Shutdown initiated...
[2024-05-19 01:02:32,568][INFO ][com.zaxxer.hikari.HikariDataSource][SpringApplicationShutdownHook][352]HikariPool-1 - Shutdown completed.
[2024-05-19 01:02:55,748][INFO ][org.springframework.boot.StartupInfoLogger][main][50]Starting Batch7Application using Java 17.0.10 with PID 15819 (/home/irfiyanda/Documents/synrgy-BEJ/challenge4/batch7-spring-boot/target/classes started by irfiyanda in /home/irfiyanda/Documents/synrgy-BEJ/challenge4/batch7-spring-boot)
[2024-05-19 01:02:55,765][INFO ][org.springframework.boot.SpringApplication][main][654]No active profile set, falling back to 1 default profile: "default"
[2024-05-19 01:03:04,008][INFO ][org.springframework.data.repository.config.RepositoryConfigurationDelegate][main][143]Bootstrapping Spring Data JPA repositories in DEFAULT mode.
[2024-05-19 01:03:04,708][INFO ][org.springframework.data.repository.config.RepositoryConfigurationDelegate][main][211]Finished Spring Data repository scanning in 634 ms. Found 6 JPA repository interfaces.
[2024-05-19 01:03:09,270][INFO ][org.springframework.boot.web.embedded.tomcat.TomcatWebServer][main][109]Tomcat initialized with port 8082 (http)
[2024-05-19 01:03:09,310][INFO ][org.apache.juli.logging.DirectJDKLog][main][173]Initializing ProtocolHandler ["http-nio-8082"]
[2024-05-19 01:03:09,322][INFO ][org.apache.juli.logging.DirectJDKLog][main][173]Starting service [Tomcat]
[2024-05-19 01:03:09,325][INFO ][org.apache.juli.logging.DirectJDKLog][main][173]Starting Servlet engine: [Apache Tomcat/10.1.20]
[2024-05-19 01:03:09,816][INFO ][org.apache.juli.logging.DirectJDKLog][main][173]Initializing Spring embedded WebApplicationContext
[2024-05-19 01:03:09,818][INFO ][org.springframework.boot.web.servlet.context.ServletWebServerApplicationContext][main][296]Root WebApplicationContext: initialization completed in 13291 ms
[2024-05-19 01:03:11,022][INFO ][org.hibernate.jpa.internal.util.LogHelper][main][31]HHH000204: Processing PersistenceUnitInfo [name: default]
[2024-05-19 01:03:11,435][INFO ][org.hibernate.Version][main][44]HHH000412: Hibernate ORM core version 6.4.4.Final
[2024-05-19 01:03:11,681][INFO ][org.hibernate.cache.internal.RegionFactoryInitiator][main][50]HHH000026: Second-level cache disabled
[2024-05-19 01:03:13,386][INFO ][org.springframework.orm.jpa.persistenceunit.SpringPersistenceUnitInfo][main][87]No LoadTimeWeaver setup: ignoring JPA class transformer
[2024-05-19 01:03:13,557][INFO ][com.zaxxer.hikari.HikariDataSource][main][110]HikariPool-1 - Starting...
[2024-05-19 01:03:15,580][INFO ][com.zaxxer.hikari.pool.HikariPool][main][565]HikariPool-1 - Added connection org.postgresql.jdbc.PgConnection@3212bfd
[2024-05-19 01:03:15,594][INFO ][com.zaxxer.hikari.HikariDataSource][main][123]HikariPool-1 - Start completed.
[2024-05-19 01:03:21,749][INFO ][org.hibernate.engine.transaction.jta.platform.internal.JtaPlatformInitiator][main][58]HHH000489: No JTA platform available (set 'hibernate.transaction.jta.platform' to enable JTA platform integration)
[2024-05-19 01:03:22,333][INFO ][org.springframework.orm.jpa.AbstractEntityManagerFactoryBean][main][437]Initialized JPA EntityManagerFactory for persistence unit 'default'
[2024-05-19 01:03:23,475][INFO ][org.springframework.data.jpa.repository.query.QueryEnhancerFactory][main][49]Hibernate is in classpath; If applicable, HQL parser will be used.
[2024-05-19 01:03:27,360][WARN ][org.springframework.boot.autoconfigure.orm.jpa.JpaBaseConfiguration$JpaWebConfiguration][main][232]spring.jpa.open-in-view is enabled by default. Therefore, database queries may be performed during view rendering. Explicitly configure spring.jpa.open-in-view to disable this warning
[2024-05-19 01:03:29,311][WARN ][org.springframework.boot.autoconfigure.thymeleaf.ThymeleafAutoConfiguration$DefaultTemplateResolverConfiguration][main][101]Cannot find template location: classpath:/templates/ (please add some templates, check your Thymeleaf configuration, or set spring.thymeleaf.check-template-location=false)
[2024-05-19 01:03:29,965][INFO ][org.apache.juli.logging.DirectJDKLog][main][173]Starting ProtocolHandler ["http-nio-8082"]
[2024-05-19 01:03:30,060][INFO ][org.springframework.boot.web.embedded.tomcat.TomcatWebServer][main][241]Tomcat started on port 8082 (http) with context path ''
[2024-05-19 01:03:30,102][INFO ][org.springframework.boot.StartupInfoLogger][main][56]Started Batch7Application in 37.839 seconds (process running for 40.523)
[2024-05-19 01:03:31,065][INFO ][com.example.batch7.Batch7Application][main][17]info logging level
[2024-05-19 01:03:31,066][ERROR][com.example.batch7.Batch7Application][main][18]eror logging level
[2024-05-19 01:03:31,067][WARN ][com.example.batch7.Batch7Application][main][19]warning logging level
[2024-05-19 01:03:31,069][ERROR][com.example.batch7.Batch7Application][main][22]Error processing request
[2024-05-19 01:08:55,031][INFO ][org.springframework.orm.jpa.AbstractEntityManagerFactoryBean][SpringApplicationShutdownHook][650]Closing JPA EntityManagerFactory for persistence unit 'default'
[2024-05-19 01:08:55,041][INFO ][com.zaxxer.hikari.HikariDataSource][SpringApplicationShutdownHook][350]HikariPool-1 - Shutdown initiated...
[2024-05-19 01:08:55,092][INFO ][com.zaxxer.hikari.HikariDataSource][SpringApplicationShutdownHook][352]HikariPool-1 - Shutdown completed.
[2024-05-19 01:09:04,131][INFO ][org.springframework.boot.StartupInfoLogger][main][50]Starting Batch7Application using Java 17.0.10 with PID 16280 (/home/irfiyanda/Documents/synrgy-BEJ/challenge4/batch7-spring-boot/target/classes started by irfiyanda in /home/irfiyanda/Documents/synrgy-BEJ/challenge4/batch7-spring-boot)
[2024-05-19 01:09:04,143][INFO ][org.springframework.boot.SpringApplication][main][654]No active profile set, falling back to 1 default profile: "default"
[2024-05-19 01:09:07,281][INFO ][org.springframework.data.repository.config.RepositoryConfigurationDelegate][main][143]Bootstrapping Spring Data JPA repositories in DEFAULT mode.
[2024-05-19 01:09:07,563][INFO ][org.springframework.data.repository.config.RepositoryConfigurationDelegate][main][211]Finished Spring Data repository scanning in 258 ms. Found 6 JPA repository interfaces.
[2024-05-19 01:09:09,074][INFO ][org.springframework.boot.web.embedded.tomcat.TomcatWebServer][main][109]Tomcat initialized with port 8082 (http)
[2024-05-19 01:09:09,098][INFO ][org.apache.juli.logging.DirectJDKLog][main][173]Initializing ProtocolHandler ["http-nio-8082"]
[2024-05-19 01:09:09,105][INFO ][org.apache.juli.logging.DirectJDKLog][main][173]Starting service [Tomcat]
[2024-05-19 01:09:09,107][INFO ][org.apache.juli.logging.DirectJDKLog][main][173]Starting Servlet engine: [Apache Tomcat/10.1.20]
[2024-05-19 01:09:09,358][INFO ][org.apache.juli.logging.DirectJDKLog][main][173]Initializing Spring embedded WebApplicationContext
[2024-05-19 01:09:09,359][INFO ][org.springframework.boot.web.servlet.context.ServletWebServerApplicationContext][main][296]Root WebApplicationContext: initialization completed in 4898 ms
[2024-05-19 01:09:09,836][INFO ][org.hibernate.jpa.internal.util.LogHelper][main][31]HHH000204: Processing PersistenceUnitInfo [name: default]
[2024-05-19 01:09:10,011][INFO ][org.hibernate.Version][main][44]HHH000412: Hibernate ORM core version 6.4.4.Final
[2024-05-19 01:09:10,108][INFO ][org.hibernate.cache.internal.RegionFactoryInitiator][main][50]HHH000026: Second-level cache disabled
[2024-05-19 01:09:10,804][INFO ][org.springframework.orm.jpa.persistenceunit.SpringPersistenceUnitInfo][main][87]No LoadTimeWeaver setup: ignoring JPA class transformer
[2024-05-19 01:09:10,879][INFO ][com.zaxxer.hikari.HikariDataSource][main][110]HikariPool-1 - Starting...
[2024-05-19 01:09:11,641][INFO ][com.zaxxer.hikari.pool.HikariPool][main][565]HikariPool-1 - Added connection org.postgresql.jdbc.PgConnection@782e6b40
[2024-05-19 01:09:11,650][INFO ][com.zaxxer.hikari.HikariDataSource][main][123]HikariPool-1 - Start completed.
[2024-05-19 01:09:15,767][INFO ][org.hibernate.engine.transaction.jta.platform.internal.JtaPlatformInitiator][main][58]HHH000489: No JTA platform available (set 'hibernate.transaction.jta.platform' to enable JTA platform integration)
[2024-05-19 01:09:16,135][INFO ][org.springframework.orm.jpa.AbstractEntityManagerFactoryBean][main][437]Initialized JPA EntityManagerFactory for persistence unit 'default'
[2024-05-19 01:09:17,145][INFO ][org.springframework.data.jpa.repository.query.QueryEnhancerFactory][main][49]Hibernate is in classpath; If applicable, HQL parser will be used.
[2024-05-19 01:09:21,904][WARN ][org.springframework.boot.autoconfigure.orm.jpa.JpaBaseConfiguration$JpaWebConfiguration][main][232]spring.jpa.open-in-view is enabled by default. Therefore, database queries may be performed during view rendering. Explicitly configure spring.jpa.open-in-view to disable this warning
[2024-05-19 01:09:24,345][WARN ][org.springframework.boot.autoconfigure.thymeleaf.ThymeleafAutoConfiguration$DefaultTemplateResolverConfiguration][main][101]Cannot find template location: classpath:/templates/ (please add some templates, check your Thymeleaf configuration, or set spring.thymeleaf.check-template-location=false)
[2024-05-19 01:09:25,284][INFO ][org.apache.juli.logging.DirectJDKLog][main][173]Starting ProtocolHandler ["http-nio-8082"]
[2024-05-19 01:09:25,366][INFO ][org.springframework.boot.web.embedded.tomcat.TomcatWebServer][main][241]Tomcat started on port 8082 (http) with context path ''
[2024-05-19 01:09:25,419][INFO ][org.springframework.boot.StartupInfoLogger][main][56]Started Batch7Application in 23.262 seconds (process running for 24.82)
[2024-05-19 01:09:27,209][INFO ][com.example.batch7.Batch7Application][main][17]info logging level
[2024-05-19 01:09:27,210][ERROR][com.example.batch7.Batch7Application][main][18]eror logging level
[2024-05-19 01:09:27,211][WARN ][com.example.batch7.Batch7Application][main][19]warning logging level
[2024-05-19 01:09:27,212][ERROR][com.example.batch7.Batch7Application][main][22]Error processing request
[2024-05-19 01:09:48,514][INFO ][org.apache.juli.logging.DirectJDKLog][http-nio-8082-exec-2][173]Initializing Spring DispatcherServlet 'dispatcherServlet'
[2024-05-19 01:09:48,516][INFO ][org.springframework.web.servlet.FrameworkServlet][http-nio-8082-exec-2][532]Initializing Servlet 'dispatcherServlet'
[2024-05-19 01:09:48,531][INFO ][org.springframework.web.servlet.FrameworkServlet][http-nio-8082-exec-2][554]Completed initialization in 14 ms
