[2024-04-29 19:44:26,819][INFO ][org.springframework.boot.StartupInfoLogger][main][50]Starting Batch7Application using Java 18.0.2.1 with PID 26684 (E:\binar\Binar Batch 7\MODUL\batch7\batch7-spring-boot\target\classes started by USER in E:\binar\Binar Batch 7\MODUL\batch7\batch7-spring-boot)
[2024-04-29 19:44:26,841][INFO ][org.springframework.boot.SpringApplication][main][654]No active profile set, falling back to 1 default profile: "default"
[2024-04-29 19:44:28,812][INFO ][org.springframework.data.repository.config.RepositoryConfigurationDelegate][main][143]Bootstrapping Spring Data JPA repositories in DEFAULT mode.
[2024-04-29 19:44:28,971][INFO ][org.springframework.data.repository.config.RepositoryConfigurationDelegate][main][211]Finished Spring Data repository scanning in 128 ms. Found 1 JPA repository interface.
[2024-04-29 19:44:30,786][INFO ][org.springframework.boot.web.embedded.tomcat.TomcatWebServer][main][109]Tomcat initialized with port 8081 (http)
[2024-04-29 19:44:30,809][INFO ][org.apache.juli.logging.DirectJDKLog][main][173]Initializing ProtocolHandler ["http-nio-8081"]
[2024-04-29 19:44:30,814][INFO ][org.apache.juli.logging.DirectJDKLog][main][173]Starting service [Tomcat]
[2024-04-29 19:44:30,815][INFO ][org.apache.juli.logging.DirectJDKLog][main][173]Starting Servlet engine: [Apache Tomcat/10.1.20]
[2024-04-29 19:44:30,945][INFO ][org.apache.juli.logging.DirectJDKLog][main][173]Initializing Spring embedded WebApplicationContext
[2024-04-29 19:44:30,946][INFO ][org.springframework.boot.web.servlet.context.ServletWebServerApplicationContext][main][296]Root WebApplicationContext: initialization completed in 3965 ms
[2024-04-29 19:44:31,331][INFO ][org.hibernate.jpa.internal.util.LogHelper][main][31]HHH000204: Processing PersistenceUnitInfo [name: default]
[2024-04-29 19:44:31,632][INFO ][org.hibernate.Version][main][44]HHH000412: Hibernate ORM core version 6.4.4.Final
[2024-04-29 19:44:31,754][INFO ][org.hibernate.cache.internal.RegionFactoryInitiator][main][50]HHH000026: Second-level cache disabled
[2024-04-29 19:44:32,399][INFO ][org.springframework.orm.jpa.persistenceunit.SpringPersistenceUnitInfo][main][87]No LoadTimeWeaver setup: ignoring JPA class transformer
[2024-04-29 19:44:32,459][INFO ][com.zaxxer.hikari.HikariDataSource][main][110]HikariPool-1 - Starting...
[2024-04-29 19:44:32,868][INFO ][com.zaxxer.hikari.pool.HikariPool][main][565]HikariPool-1 - Added connection org.postgresql.jdbc.PgConnection@ca546a1
[2024-04-29 19:44:32,872][INFO ][com.zaxxer.hikari.HikariDataSource][main][123]HikariPool-1 - Start completed.
[2024-04-29 19:44:34,802][INFO ][org.hibernate.engine.transaction.jta.platform.internal.JtaPlatformInitiator][main][58]HHH000489: No JTA platform available (set 'hibernate.transaction.jta.platform' to enable JTA platform integration)
[2024-04-29 19:44:34,922][INFO ][org.springframework.orm.jpa.AbstractEntityManagerFactoryBean][main][437]Initialized JPA EntityManagerFactory for persistence unit 'default'
[2024-04-29 19:44:35,690][INFO ][org.springframework.data.jpa.repository.query.QueryEnhancerFactory][main][49]Hibernate is in classpath; If applicable, HQL parser will be used.
[2024-04-29 19:44:36,523][WARN ][org.springframework.boot.autoconfigure.orm.jpa.JpaBaseConfiguration$JpaWebConfiguration][main][232]spring.jpa.open-in-view is enabled by default. Therefore, database queries may be performed during view rendering. Explicitly configure spring.jpa.open-in-view to disable this warning
[2024-04-29 19:44:37,381][WARN ][org.springframework.boot.autoconfigure.thymeleaf.ThymeleafAutoConfiguration$DefaultTemplateResolverConfiguration][main][101]Cannot find template location: classpath:/templates/ (please add some templates, check your Thymeleaf configuration, or set spring.thymeleaf.check-template-location=false)
[2024-04-29 19:44:37,616][INFO ][org.apache.juli.logging.DirectJDKLog][main][173]Starting ProtocolHandler ["http-nio-8081"]
[2024-04-29 19:44:37,667][INFO ][org.springframework.boot.web.embedded.tomcat.TomcatWebServer][main][241]Tomcat started on port 8081 (http) with context path ''
[2024-04-29 19:44:37,692][INFO ][org.springframework.boot.StartupInfoLogger][main][56]Started Batch7Application in 12.659 seconds (process running for 13.808)
[2024-04-29 19:44:37,701][INFO ][com.example.batch7.Batch7Application][main][15]info logging level
[2024-04-29 19:44:37,702][ERROR][com.example.batch7.Batch7Application][main][16]eror logging level
[2024-04-29 19:44:37,702][WARN ][com.example.batch7.Batch7Application][main][17]warning logging level
[2024-04-29 19:44:37,703][ERROR][com.example.batch7.Batch7Application][main][20]Error processing request
[2024-04-29 20:53:50,640][INFO ][org.springframework.orm.jpa.AbstractEntityManagerFactoryBean][SpringApplicationShutdownHook][650]Closing JPA EntityManagerFactory for persistence unit 'default'
[2024-04-29 20:53:50,778][INFO ][com.zaxxer.hikari.HikariDataSource][SpringApplicationShutdownHook][350]HikariPool-1 - Shutdown initiated...
[2024-04-29 20:53:50,829][INFO ][com.zaxxer.hikari.HikariDataSource][SpringApplicationShutdownHook][352]HikariPool-1 - Shutdown completed.
[2024-04-29 20:54:06,135][INFO ][org.springframework.boot.StartupInfoLogger][main][50]Starting Batch7Application using Java 18.0.2.1 with PID 2248 (E:\binar\Binar Batch 7\MODUL\batch7\batch7-spring-boot\target\classes started by USER in E:\binar\Binar Batch 7\MODUL\batch7\batch7-spring-boot)
[2024-04-29 20:54:06,141][INFO ][org.springframework.boot.SpringApplication][main][654]No active profile set, falling back to 1 default profile: "default"
[2024-04-29 20:54:08,076][INFO ][org.springframework.data.repository.config.RepositoryConfigurationDelegate][main][143]Bootstrapping Spring Data JPA repositories in DEFAULT mode.
[2024-04-29 20:54:08,257][INFO ][org.springframework.data.repository.config.RepositoryConfigurationDelegate][main][211]Finished Spring Data repository scanning in 155 ms. Found 1 JPA repository interface.
[2024-04-29 20:54:10,899][INFO ][org.springframework.boot.web.embedded.tomcat.TomcatWebServer][main][109]Tomcat initialized with port 8081 (http)
[2024-04-29 20:54:10,931][INFO ][org.apache.juli.logging.DirectJDKLog][main][173]Initializing ProtocolHandler ["http-nio-8081"]
[2024-04-29 20:54:10,943][INFO ][org.apache.juli.logging.DirectJDKLog][main][173]Starting service [Tomcat]
[2024-04-29 20:54:10,952][INFO ][org.apache.juli.logging.DirectJDKLog][main][173]Starting Servlet engine: [Apache Tomcat/10.1.20]
[2024-04-29 20:54:11,138][INFO ][org.apache.juli.logging.DirectJDKLog][main][173]Initializing Spring embedded WebApplicationContext
[2024-04-29 20:54:11,139][INFO ][org.springframework.boot.web.servlet.context.ServletWebServerApplicationContext][main][296]Root WebApplicationContext: initialization completed in 4868 ms
[2024-04-29 20:54:11,584][INFO ][org.hibernate.jpa.internal.util.LogHelper][main][31]HHH000204: Processing PersistenceUnitInfo [name: default]
[2024-04-29 20:54:11,767][INFO ][org.hibernate.Version][main][44]HHH000412: Hibernate ORM core version 6.4.4.Final
[2024-04-29 20:54:11,886][INFO ][org.hibernate.cache.internal.RegionFactoryInitiator][main][50]HHH000026: Second-level cache disabled
[2024-04-29 20:54:12,778][INFO ][org.springframework.orm.jpa.persistenceunit.SpringPersistenceUnitInfo][main][87]No LoadTimeWeaver setup: ignoring JPA class transformer
[2024-04-29 20:54:12,894][INFO ][com.zaxxer.hikari.HikariDataSource][main][110]HikariPool-1 - Starting...
[2024-04-29 20:54:13,527][INFO ][com.zaxxer.hikari.pool.HikariPool][main][565]HikariPool-1 - Added connection org.postgresql.jdbc.PgConnection@6f07d414
[2024-04-29 20:54:13,534][INFO ][com.zaxxer.hikari.HikariDataSource][main][123]HikariPool-1 - Start completed.
[2024-04-29 20:54:16,818][INFO ][org.hibernate.engine.transaction.jta.platform.internal.JtaPlatformInitiator][main][58]HHH000489: No JTA platform available (set 'hibernate.transaction.jta.platform' to enable JTA platform integration)
[2024-04-29 20:54:17,037][WARN ][org.hibernate.engine.jdbc.spi.SqlExceptionHelper$StandardWarningHandler][main][238]SQL Warning Code: 0, SQLState: 00000
[2024-04-29 20:54:17,038][WARN ][org.hibernate.engine.jdbc.spi.SqlExceptionHelper$StandardWarningHandler][main][239]constraint "uk_57amqpocm9xr4152cbflxos6x" of relation "employee" does not exist, skipping
[2024-04-29 20:54:17,143][INFO ][org.springframework.orm.jpa.AbstractEntityManagerFactoryBean][main][437]Initialized JPA EntityManagerFactory for persistence unit 'default'
[2024-04-29 20:54:18,199][INFO ][org.springframework.data.jpa.repository.query.QueryEnhancerFactory][main][49]Hibernate is in classpath; If applicable, HQL parser will be used.
[2024-04-29 20:54:19,700][WARN ][org.springframework.boot.autoconfigure.orm.jpa.JpaBaseConfiguration$JpaWebConfiguration][main][232]spring.jpa.open-in-view is enabled by default. Therefore, database queries may be performed during view rendering. Explicitly configure spring.jpa.open-in-view to disable this warning
[2024-04-29 20:54:20,708][WARN ][org.springframework.boot.autoconfigure.thymeleaf.ThymeleafAutoConfiguration$DefaultTemplateResolverConfiguration][main][101]Cannot find template location: classpath:/templates/ (please add some templates, check your Thymeleaf configuration, or set spring.thymeleaf.check-template-location=false)
[2024-04-29 20:54:21,059][INFO ][org.apache.juli.logging.DirectJDKLog][main][173]Starting ProtocolHandler ["http-nio-8081"]
[2024-04-29 20:54:21,152][INFO ][org.springframework.boot.web.embedded.tomcat.TomcatWebServer][main][241]Tomcat started on port 8081 (http) with context path ''
[2024-04-29 20:54:21,183][INFO ][org.springframework.boot.StartupInfoLogger][main][56]Started Batch7Application in 16.477 seconds (process running for 17.55)
[2024-04-29 20:54:21,192][INFO ][com.example.batch7.Batch7Application][main][15]info logging level
[2024-04-29 20:54:21,192][ERROR][com.example.batch7.Batch7Application][main][16]eror logging level
[2024-04-29 20:54:21,192][WARN ][com.example.batch7.Batch7Application][main][17]warning logging level
[2024-04-29 20:54:21,193][ERROR][com.example.batch7.Batch7Application][main][20]Error processing request
[2024-04-29 21:00:41,616][INFO ][org.springframework.orm.jpa.AbstractEntityManagerFactoryBean][SpringApplicationShutdownHook][650]Closing JPA EntityManagerFactory for persistence unit 'default'
[2024-04-29 21:00:41,623][INFO ][com.zaxxer.hikari.HikariDataSource][SpringApplicationShutdownHook][350]HikariPool-1 - Shutdown initiated...
[2024-04-29 21:00:41,636][INFO ][com.zaxxer.hikari.HikariDataSource][SpringApplicationShutdownHook][352]HikariPool-1 - Shutdown completed.
[2024-04-29 21:00:53,617][INFO ][org.springframework.boot.StartupInfoLogger][main][50]Starting Batch7Application using Java 18.0.2.1 with PID 13976 (E:\binar\Binar Batch 7\MODUL\batch7\batch7-spring-boot\target\classes started by USER in E:\binar\Binar Batch 7\MODUL\batch7\batch7-spring-boot)
[2024-04-29 21:00:53,621][INFO ][org.springframework.boot.SpringApplication][main][654]No active profile set, falling back to 1 default profile: "default"
[2024-04-29 21:00:55,577][INFO ][org.springframework.data.repository.config.RepositoryConfigurationDelegate][main][143]Bootstrapping Spring Data JPA repositories in DEFAULT mode.
[2024-04-29 21:00:55,770][INFO ][org.springframework.data.repository.config.RepositoryConfigurationDelegate][main][211]Finished Spring Data repository scanning in 169 ms. Found 1 JPA repository interface.
[2024-04-29 21:00:57,630][INFO ][org.springframework.boot.web.embedded.tomcat.TomcatWebServer][main][109]Tomcat initialized with port 8081 (http)
[2024-04-29 21:00:57,669][INFO ][org.apache.juli.logging.DirectJDKLog][main][173]Initializing ProtocolHandler ["http-nio-8081"]
[2024-04-29 21:00:57,674][INFO ][org.apache.juli.logging.DirectJDKLog][main][173]Starting service [Tomcat]
[2024-04-29 21:00:57,675][INFO ][org.apache.juli.logging.DirectJDKLog][main][173]Starting Servlet engine: [Apache Tomcat/10.1.20]
[2024-04-29 21:00:57,839][INFO ][org.apache.juli.logging.DirectJDKLog][main][173]Initializing Spring embedded WebApplicationContext
[2024-04-29 21:00:57,839][INFO ][org.springframework.boot.web.servlet.context.ServletWebServerApplicationContext][main][296]Root WebApplicationContext: initialization completed in 4004 ms
[2024-04-29 21:00:58,351][INFO ][org.hibernate.jpa.internal.util.LogHelper][main][31]HHH000204: Processing PersistenceUnitInfo [name: default]
[2024-04-29 21:00:58,555][INFO ][org.hibernate.Version][main][44]HHH000412: Hibernate ORM core version 6.4.4.Final
[2024-04-29 21:00:58,638][INFO ][org.hibernate.cache.internal.RegionFactoryInitiator][main][50]HHH000026: Second-level cache disabled
[2024-04-29 21:00:59,247][INFO ][org.springframework.orm.jpa.persistenceunit.SpringPersistenceUnitInfo][main][87]No LoadTimeWeaver setup: ignoring JPA class transformer
[2024-04-29 21:00:59,331][INFO ][com.zaxxer.hikari.HikariDataSource][main][110]HikariPool-1 - Starting...
[2024-04-29 21:00:59,904][INFO ][com.zaxxer.hikari.pool.HikariPool][main][565]HikariPool-1 - Added connection org.postgresql.jdbc.PgConnection@18026052
[2024-04-29 21:00:59,908][INFO ][com.zaxxer.hikari.HikariDataSource][main][123]HikariPool-1 - Start completed.
[2024-04-29 21:01:02,924][INFO ][org.hibernate.engine.transaction.jta.platform.internal.JtaPlatformInitiator][main][58]HHH000489: No JTA platform available (set 'hibernate.transaction.jta.platform' to enable JTA platform integration)
[2024-04-29 21:01:03,022][INFO ][org.springframework.orm.jpa.AbstractEntityManagerFactoryBean][main][437]Initialized JPA EntityManagerFactory for persistence unit 'default'
[2024-04-29 21:01:03,804][INFO ][org.springframework.data.jpa.repository.query.QueryEnhancerFactory][main][49]Hibernate is in classpath; If applicable, HQL parser will be used.
[2024-04-29 21:01:04,946][WARN ][org.springframework.boot.autoconfigure.orm.jpa.JpaBaseConfiguration$JpaWebConfiguration][main][232]spring.jpa.open-in-view is enabled by default. Therefore, database queries may be performed during view rendering. Explicitly configure spring.jpa.open-in-view to disable this warning
[2024-04-29 21:01:05,889][WARN ][org.springframework.boot.autoconfigure.thymeleaf.ThymeleafAutoConfiguration$DefaultTemplateResolverConfiguration][main][101]Cannot find template location: classpath:/templates/ (please add some templates, check your Thymeleaf configuration, or set spring.thymeleaf.check-template-location=false)
[2024-04-29 21:01:06,149][INFO ][org.apache.juli.logging.DirectJDKLog][main][173]Starting ProtocolHandler ["http-nio-8081"]
[2024-04-29 21:01:06,258][INFO ][org.springframework.boot.web.embedded.tomcat.TomcatWebServer][main][241]Tomcat started on port 8081 (http) with context path ''
[2024-04-29 21:01:06,290][INFO ][org.springframework.boot.StartupInfoLogger][main][56]Started Batch7Application in 13.929 seconds (process running for 14.919)
[2024-04-29 21:01:06,306][INFO ][com.example.batch7.Batch7Application][main][15]info logging level
[2024-04-29 21:01:06,307][ERROR][com.example.batch7.Batch7Application][main][16]eror logging level
[2024-04-29 21:01:06,307][WARN ][com.example.batch7.Batch7Application][main][17]warning logging level
[2024-04-29 21:01:06,307][ERROR][com.example.batch7.Batch7Application][main][20]Error processing request
[2024-04-29 21:09:11,911][INFO ][org.springframework.orm.jpa.AbstractEntityManagerFactoryBean][SpringApplicationShutdownHook][650]Closing JPA EntityManagerFactory for persistence unit 'default'
[2024-04-29 21:09:11,919][INFO ][com.zaxxer.hikari.HikariDataSource][SpringApplicationShutdownHook][350]HikariPool-1 - Shutdown initiated...
[2024-04-29 21:09:11,931][INFO ][com.zaxxer.hikari.HikariDataSource][SpringApplicationShutdownHook][352]HikariPool-1 - Shutdown completed.
[2024-04-29 21:09:23,738][INFO ][org.springframework.boot.StartupInfoLogger][main][50]Starting Batch7Application using Java 18.0.2.1 with PID 33472 (E:\binar\Binar Batch 7\MODUL\batch7\batch7-spring-boot\target\classes started by USER in E:\binar\Binar Batch 7\MODUL\batch7\batch7-spring-boot)
[2024-04-29 21:09:23,750][INFO ][org.springframework.boot.SpringApplication][main][654]No active profile set, falling back to 1 default profile: "default"
[2024-04-29 21:09:26,095][INFO ][org.springframework.data.repository.config.RepositoryConfigurationDelegate][main][143]Bootstrapping Spring Data JPA repositories in DEFAULT mode.
[2024-04-29 21:09:26,254][INFO ][org.springframework.data.repository.config.RepositoryConfigurationDelegate][main][211]Finished Spring Data repository scanning in 138 ms. Found 1 JPA repository interface.
[2024-04-29 21:09:28,083][INFO ][org.springframework.boot.web.embedded.tomcat.TomcatWebServer][main][109]Tomcat initialized with port 8081 (http)
[2024-04-29 21:09:28,112][INFO ][org.apache.juli.logging.DirectJDKLog][main][173]Initializing ProtocolHandler ["http-nio-8081"]
[2024-04-29 21:09:28,120][INFO ][org.apache.juli.logging.DirectJDKLog][main][173]Starting service [Tomcat]
[2024-04-29 21:09:28,121][INFO ][org.apache.juli.logging.DirectJDKLog][main][173]Starting Servlet engine: [Apache Tomcat/10.1.20]
[2024-04-29 21:09:28,414][INFO ][org.apache.juli.logging.DirectJDKLog][main][173]Initializing Spring embedded WebApplicationContext
[2024-04-29 21:09:28,415][INFO ][org.springframework.boot.web.servlet.context.ServletWebServerApplicationContext][main][296]Root WebApplicationContext: initialization completed in 4468 ms
[2024-04-29 21:09:28,955][INFO ][org.hibernate.jpa.internal.util.LogHelper][main][31]HHH000204: Processing PersistenceUnitInfo [name: default]
[2024-04-29 21:09:29,155][INFO ][org.hibernate.Version][main][44]HHH000412: Hibernate ORM core version 6.4.4.Final
[2024-04-29 21:09:29,262][INFO ][org.hibernate.cache.internal.RegionFactoryInitiator][main][50]HHH000026: Second-level cache disabled
[2024-04-29 21:09:29,971][INFO ][org.springframework.orm.jpa.persistenceunit.SpringPersistenceUnitInfo][main][87]No LoadTimeWeaver setup: ignoring JPA class transformer
[2024-04-29 21:09:30,071][INFO ][com.zaxxer.hikari.HikariDataSource][main][110]HikariPool-1 - Starting...
[2024-04-29 21:09:30,540][INFO ][com.zaxxer.hikari.pool.HikariPool][main][565]HikariPool-1 - Added connection org.postgresql.jdbc.PgConnection@3d0352
[2024-04-29 21:09:30,546][INFO ][com.zaxxer.hikari.HikariDataSource][main][123]HikariPool-1 - Start completed.
[2024-04-29 21:09:32,433][INFO ][org.hibernate.engine.transaction.jta.platform.internal.JtaPlatformInitiator][main][58]HHH000489: No JTA platform available (set 'hibernate.transaction.jta.platform' to enable JTA platform integration)
[2024-04-29 21:09:32,494][WARN ][org.hibernate.engine.jdbc.spi.SqlExceptionHelper$StandardWarningHandler][main][238]SQL Warning Code: 0, SQLState: 00000
[2024-04-29 21:09:32,494][WARN ][org.hibernate.engine.jdbc.spi.SqlExceptionHelper$StandardWarningHandler][main][239]drop cascades to constraint fkru4ws6b5gj4tye4bxqrjukual on table employee
[2024-04-29 21:09:32,551][INFO ][org.springframework.orm.jpa.AbstractEntityManagerFactoryBean][main][437]Initialized JPA EntityManagerFactory for persistence unit 'default'
[2024-04-29 21:09:33,188][INFO ][org.springframework.data.jpa.repository.query.QueryEnhancerFactory][main][49]Hibernate is in classpath; If applicable, HQL parser will be used.
[2024-04-29 21:09:33,921][WARN ][org.springframework.boot.autoconfigure.orm.jpa.JpaBaseConfiguration$JpaWebConfiguration][main][232]spring.jpa.open-in-view is enabled by default. Therefore, database queries may be performed during view rendering. Explicitly configure spring.jpa.open-in-view to disable this warning
[2024-04-29 21:09:34,430][WARN ][org.springframework.boot.autoconfigure.thymeleaf.ThymeleafAutoConfiguration$DefaultTemplateResolverConfiguration][main][101]Cannot find template location: classpath:/templates/ (please add some templates, check your Thymeleaf configuration, or set spring.thymeleaf.check-template-location=false)
[2024-04-29 21:09:34,550][INFO ][org.apache.juli.logging.DirectJDKLog][main][173]Starting ProtocolHandler ["http-nio-8081"]
[2024-04-29 21:09:34,595][INFO ][org.springframework.boot.web.embedded.tomcat.TomcatWebServer][main][241]Tomcat started on port 8081 (http) with context path ''
[2024-04-29 21:09:34,608][INFO ][org.springframework.boot.StartupInfoLogger][main][56]Started Batch7Application in 12.418 seconds (process running for 13.635)
[2024-04-29 21:09:34,613][INFO ][com.example.batch7.Batch7Application][main][15]info logging level
[2024-04-29 21:09:34,613][ERROR][com.example.batch7.Batch7Application][main][16]eror logging level
[2024-04-29 21:09:34,614][WARN ][com.example.batch7.Batch7Application][main][17]warning logging level
[2024-04-29 21:09:34,614][ERROR][com.example.batch7.Batch7Application][main][20]Error processing request
[2024-04-29 21:10:41,678][INFO ][org.springframework.orm.jpa.AbstractEntityManagerFactoryBean][SpringApplicationShutdownHook][650]Closing JPA EntityManagerFactory for persistence unit 'default'
[2024-04-29 21:10:41,695][INFO ][com.zaxxer.hikari.HikariDataSource][SpringApplicationShutdownHook][350]HikariPool-1 - Shutdown initiated...
[2024-04-29 21:10:41,701][INFO ][com.zaxxer.hikari.HikariDataSource][SpringApplicationShutdownHook][352]HikariPool-1 - Shutdown completed.
[2024-04-29 21:10:50,117][INFO ][org.springframework.boot.StartupInfoLogger][main][50]Starting Batch7Application using Java 18.0.2.1 with PID 3016 (E:\binar\Binar Batch 7\MODUL\batch7\batch7-spring-boot\target\classes started by USER in E:\binar\Binar Batch 7\MODUL\batch7\batch7-spring-boot)
[2024-04-29 21:10:50,122][INFO ][org.springframework.boot.SpringApplication][main][654]No active profile set, falling back to 1 default profile: "default"
[2024-04-29 21:10:51,677][INFO ][org.springframework.data.repository.config.RepositoryConfigurationDelegate][main][143]Bootstrapping Spring Data JPA repositories in DEFAULT mode.
[2024-04-29 21:10:51,823][INFO ][org.springframework.data.repository.config.RepositoryConfigurationDelegate][main][211]Finished Spring Data repository scanning in 128 ms. Found 1 JPA repository interface.
[2024-04-29 21:10:53,273][INFO ][org.springframework.boot.web.embedded.tomcat.TomcatWebServer][main][109]Tomcat initialized with port 8081 (http)
[2024-04-29 21:10:53,314][INFO ][org.apache.juli.logging.DirectJDKLog][main][173]Initializing ProtocolHandler ["http-nio-8081"]
[2024-04-29 21:10:53,322][INFO ][org.apache.juli.logging.DirectJDKLog][main][173]Starting service [Tomcat]
[2024-04-29 21:10:53,323][INFO ][org.apache.juli.logging.DirectJDKLog][main][173]Starting Servlet engine: [Apache Tomcat/10.1.20]
[2024-04-29 21:10:53,468][INFO ][org.apache.juli.logging.DirectJDKLog][main][173]Initializing Spring embedded WebApplicationContext
[2024-04-29 21:10:53,469][INFO ][org.springframework.boot.web.servlet.context.ServletWebServerApplicationContext][main][296]Root WebApplicationContext: initialization completed in 3225 ms
[2024-04-29 21:10:53,951][INFO ][org.hibernate.jpa.internal.util.LogHelper][main][31]HHH000204: Processing PersistenceUnitInfo [name: default]
[2024-04-29 21:10:54,095][INFO ][org.hibernate.Version][main][44]HHH000412: Hibernate ORM core version 6.4.4.Final
[2024-04-29 21:10:54,161][INFO ][org.hibernate.cache.internal.RegionFactoryInitiator][main][50]HHH000026: Second-level cache disabled
[2024-04-29 21:10:54,631][INFO ][org.springframework.orm.jpa.persistenceunit.SpringPersistenceUnitInfo][main][87]No LoadTimeWeaver setup: ignoring JPA class transformer
[2024-04-29 21:10:54,694][INFO ][com.zaxxer.hikari.HikariDataSource][main][110]HikariPool-1 - Starting...
[2024-04-29 21:10:55,111][INFO ][com.zaxxer.hikari.pool.HikariPool][main][565]HikariPool-1 - Added connection org.postgresql.jdbc.PgConnection@37b1149b
[2024-04-29 21:10:55,116][INFO ][com.zaxxer.hikari.HikariDataSource][main][123]HikariPool-1 - Start completed.
[2024-04-29 21:10:57,032][INFO ][org.hibernate.engine.transaction.jta.platform.internal.JtaPlatformInitiator][main][58]HHH000489: No JTA platform available (set 'hibernate.transaction.jta.platform' to enable JTA platform integration)
[2024-04-29 21:10:57,056][WARN ][org.hibernate.engine.jdbc.spi.SqlExceptionHelper$StandardWarningHandler][main][238]SQL Warning Code: 0, SQLState: 00000
[2024-04-29 21:10:57,056][WARN ][org.hibernate.engine.jdbc.spi.SqlExceptionHelper$StandardWarningHandler][main][239]table "detail_karyawan" does not exist, skipping
[2024-04-29 21:10:57,057][WARN ][org.hibernate.engine.jdbc.spi.SqlExceptionHelper$StandardWarningHandler][main][238]SQL Warning Code: 0, SQLState: 00000
[2024-04-29 21:10:57,058][WARN ][org.hibernate.engine.jdbc.spi.SqlExceptionHelper$StandardWarningHandler][main][239]table "employee" does not exist, skipping
[2024-04-29 21:10:57,089][INFO ][org.springframework.orm.jpa.AbstractEntityManagerFactoryBean][main][437]Initialized JPA EntityManagerFactory for persistence unit 'default'
[2024-04-29 21:10:57,658][INFO ][org.springframework.data.jpa.repository.query.QueryEnhancerFactory][main][49]Hibernate is in classpath; If applicable, HQL parser will be used.
[2024-04-29 21:10:58,344][WARN ][org.springframework.boot.autoconfigure.orm.jpa.JpaBaseConfiguration$JpaWebConfiguration][main][232]spring.jpa.open-in-view is enabled by default. Therefore, database queries may be performed during view rendering. Explicitly configure spring.jpa.open-in-view to disable this warning
[2024-04-29 21:10:58,969][WARN ][org.springframework.boot.autoconfigure.thymeleaf.ThymeleafAutoConfiguration$DefaultTemplateResolverConfiguration][main][101]Cannot find template location: classpath:/templates/ (please add some templates, check your Thymeleaf configuration, or set spring.thymeleaf.check-template-location=false)
[2024-04-29 21:10:59,214][INFO ][org.apache.juli.logging.DirectJDKLog][main][173]Starting ProtocolHandler ["http-nio-8081"]
[2024-04-29 21:10:59,309][INFO ][org.springframework.boot.web.embedded.tomcat.TomcatWebServer][main][241]Tomcat started on port 8081 (http) with context path ''
[2024-04-29 21:10:59,333][INFO ][org.springframework.boot.StartupInfoLogger][main][56]Started Batch7Application in 10.4 seconds (process running for 11.267)
[2024-04-29 21:10:59,342][INFO ][com.example.batch7.Batch7Application][main][15]info logging level
[2024-04-29 21:10:59,342][ERROR][com.example.batch7.Batch7Application][main][16]eror logging level
[2024-04-29 21:10:59,343][WARN ][com.example.batch7.Batch7Application][main][17]warning logging level
[2024-04-29 21:10:59,344][ERROR][com.example.batch7.Batch7Application][main][20]Error processing request
[2024-04-29 21:11:37,448][INFO ][org.springframework.orm.jpa.AbstractEntityManagerFactoryBean][SpringApplicationShutdownHook][650]Closing JPA EntityManagerFactory for persistence unit 'default'
[2024-04-29 21:11:37,472][INFO ][com.zaxxer.hikari.HikariDataSource][SpringApplicationShutdownHook][350]HikariPool-1 - Shutdown initiated...
[2024-04-29 21:11:37,476][INFO ][com.zaxxer.hikari.HikariDataSource][SpringApplicationShutdownHook][352]HikariPool-1 - Shutdown completed.
[2024-04-29 21:11:45,577][INFO ][org.springframework.boot.StartupInfoLogger][main][50]Starting Batch7Application using Java 18.0.2.1 with PID 1140 (E:\binar\Binar Batch 7\MODUL\batch7\batch7-spring-boot\target\classes started by USER in E:\binar\Binar Batch 7\MODUL\batch7\batch7-spring-boot)
[2024-04-29 21:11:45,582][INFO ][org.springframework.boot.SpringApplication][main][654]No active profile set, falling back to 1 default profile: "default"
[2024-04-29 21:11:46,992][INFO ][org.springframework.data.repository.config.RepositoryConfigurationDelegate][main][143]Bootstrapping Spring Data JPA repositories in DEFAULT mode.
[2024-04-29 21:11:47,183][INFO ][org.springframework.data.repository.config.RepositoryConfigurationDelegate][main][211]Finished Spring Data repository scanning in 173 ms. Found 1 JPA repository interface.
[2024-04-29 21:11:50,183][INFO ][org.springframework.boot.web.embedded.tomcat.TomcatWebServer][main][109]Tomcat initialized with port 8081 (http)
[2024-04-29 21:11:50,211][INFO ][org.apache.juli.logging.DirectJDKLog][main][173]Initializing ProtocolHandler ["http-nio-8081"]
[2024-04-29 21:11:50,216][INFO ][org.apache.juli.logging.DirectJDKLog][main][173]Starting service [Tomcat]
[2024-04-29 21:11:50,217][INFO ][org.apache.juli.logging.DirectJDKLog][main][173]Starting Servlet engine: [Apache Tomcat/10.1.20]
[2024-04-29 21:11:50,343][INFO ][org.apache.juli.logging.DirectJDKLog][main][173]Initializing Spring embedded WebApplicationContext
[2024-04-29 21:11:50,344][INFO ][org.springframework.boot.web.servlet.context.ServletWebServerApplicationContext][main][296]Root WebApplicationContext: initialization completed in 4618 ms
[2024-04-29 21:11:51,591][INFO ][org.hibernate.jpa.internal.util.LogHelper][main][31]HHH000204: Processing PersistenceUnitInfo [name: default]
[2024-04-29 21:11:52,064][INFO ][org.hibernate.Version][main][44]HHH000412: Hibernate ORM core version 6.4.4.Final
[2024-04-29 21:11:52,147][INFO ][org.hibernate.cache.internal.RegionFactoryInitiator][main][50]HHH000026: Second-level cache disabled
[2024-04-29 21:11:52,758][INFO ][org.springframework.orm.jpa.persistenceunit.SpringPersistenceUnitInfo][main][87]No LoadTimeWeaver setup: ignoring JPA class transformer
[2024-04-29 21:11:52,799][INFO ][com.zaxxer.hikari.HikariDataSource][main][110]HikariPool-1 - Starting...
[2024-04-29 21:11:53,191][INFO ][com.zaxxer.hikari.pool.HikariPool][main][565]HikariPool-1 - Added connection org.postgresql.jdbc.PgConnection@14ed7ddf
[2024-04-29 21:11:53,193][INFO ][com.zaxxer.hikari.HikariDataSource][main][123]HikariPool-1 - Start completed.
[2024-04-29 21:11:54,795][INFO ][org.hibernate.engine.transaction.jta.platform.internal.JtaPlatformInitiator][main][58]HHH000489: No JTA platform available (set 'hibernate.transaction.jta.platform' to enable JTA platform integration)
[2024-04-29 21:11:54,821][WARN ][org.hibernate.engine.jdbc.spi.SqlExceptionHelper$StandardWarningHandler][main][238]SQL Warning Code: 0, SQLState: 00000
[2024-04-29 21:11:54,821][WARN ][org.hibernate.engine.jdbc.spi.SqlExceptionHelper$StandardWarningHandler][main][239]relation "employee" does not exist, skipping
[2024-04-29 21:11:54,822][WARN ][org.hibernate.engine.jdbc.spi.SqlExceptionHelper$StandardWarningHandler][main][238]SQL Warning Code: 0, SQLState: 00000
[2024-04-29 21:11:54,823][WARN ][org.hibernate.engine.jdbc.spi.SqlExceptionHelper$StandardWarningHandler][main][239]table "detail_karyawan" does not exist, skipping
[2024-04-29 21:11:54,823][WARN ][org.hibernate.engine.jdbc.spi.SqlExceptionHelper$StandardWarningHandler][main][238]SQL Warning Code: 0, SQLState: 00000
[2024-04-29 21:11:54,824][WARN ][org.hibernate.engine.jdbc.spi.SqlExceptionHelper$StandardWarningHandler][main][239]table "employee" does not exist, skipping
[2024-04-29 21:11:54,865][INFO ][org.springframework.orm.jpa.AbstractEntityManagerFactoryBean][main][437]Initialized JPA EntityManagerFactory for persistence unit 'default'
[2024-04-29 21:11:55,379][INFO ][org.springframework.data.jpa.repository.query.QueryEnhancerFactory][main][49]Hibernate is in classpath; If applicable, HQL parser will be used.
[2024-04-29 21:11:56,196][WARN ][org.springframework.boot.autoconfigure.orm.jpa.JpaBaseConfiguration$JpaWebConfiguration][main][232]spring.jpa.open-in-view is enabled by default. Therefore, database queries may be performed during view rendering. Explicitly configure spring.jpa.open-in-view to disable this warning
[2024-04-29 21:11:57,322][WARN ][org.springframework.boot.autoconfigure.thymeleaf.ThymeleafAutoConfiguration$DefaultTemplateResolverConfiguration][main][101]Cannot find template location: classpath:/templates/ (please add some templates, check your Thymeleaf configuration, or set spring.thymeleaf.check-template-location=false)
[2024-04-29 21:11:57,511][INFO ][org.apache.juli.logging.DirectJDKLog][main][173]Starting ProtocolHandler ["http-nio-8081"]
[2024-04-29 21:11:57,611][INFO ][org.springframework.boot.web.embedded.tomcat.TomcatWebServer][main][241]Tomcat started on port 8081 (http) with context path ''
[2024-04-29 21:11:57,632][INFO ][org.springframework.boot.StartupInfoLogger][main][56]Started Batch7Application in 13.117 seconds (process running for 13.891)
[2024-04-29 21:11:57,644][INFO ][com.example.batch7.Batch7Application][main][15]info logging level
[2024-04-29 21:11:57,645][ERROR][com.example.batch7.Batch7Application][main][16]eror logging level
[2024-04-29 21:11:57,645][WARN ][com.example.batch7.Batch7Application][main][17]warning logging level
[2024-04-29 21:11:57,645][ERROR][com.example.batch7.Batch7Application][main][20]Error processing request
[2024-04-29 21:29:48,210][INFO ][org.springframework.orm.jpa.AbstractEntityManagerFactoryBean][SpringApplicationShutdownHook][650]Closing JPA EntityManagerFactory for persistence unit 'default'
[2024-04-29 21:29:48,564][INFO ][com.zaxxer.hikari.HikariDataSource][SpringApplicationShutdownHook][350]HikariPool-1 - Shutdown initiated...
[2024-04-29 21:29:48,586][INFO ][com.zaxxer.hikari.HikariDataSource][SpringApplicationShutdownHook][352]HikariPool-1 - Shutdown completed.
[2024-04-29 21:30:03,643][INFO ][org.springframework.boot.StartupInfoLogger][main][50]Starting Batch7Application using Java 18.0.2.1 with PID 22812 (E:\binar\Binar Batch 7\MODUL\batch7\batch7-spring-boot\target\classes started by USER in E:\binar\Binar Batch 7\MODUL\batch7\batch7-spring-boot)
[2024-04-29 21:30:03,648][INFO ][org.springframework.boot.SpringApplication][main][654]No active profile set, falling back to 1 default profile: "default"
[2024-04-29 21:30:05,671][INFO ][org.springframework.data.repository.config.RepositoryConfigurationDelegate][main][143]Bootstrapping Spring Data JPA repositories in DEFAULT mode.
[2024-04-29 21:30:05,819][INFO ][org.springframework.data.repository.config.RepositoryConfigurationDelegate][main][211]Finished Spring Data repository scanning in 127 ms. Found 1 JPA repository interface.
[2024-04-29 21:30:07,412][INFO ][org.springframework.boot.web.embedded.tomcat.TomcatWebServer][main][109]Tomcat initialized with port 8081 (http)
[2024-04-29 21:30:07,443][INFO ][org.apache.juli.logging.DirectJDKLog][main][173]Initializing ProtocolHandler ["http-nio-8081"]
[2024-04-29 21:30:07,452][INFO ][org.apache.juli.logging.DirectJDKLog][main][173]Starting service [Tomcat]
[2024-04-29 21:30:07,453][INFO ][org.apache.juli.logging.DirectJDKLog][main][173]Starting Servlet engine: [Apache Tomcat/10.1.20]
[2024-04-29 21:30:07,652][INFO ][org.apache.juli.logging.DirectJDKLog][main][173]Initializing Spring embedded WebApplicationContext
[2024-04-29 21:30:07,652][INFO ][org.springframework.boot.web.servlet.context.ServletWebServerApplicationContext][main][296]Root WebApplicationContext: initialization completed in 3883 ms
[2024-04-29 21:30:08,235][INFO ][org.hibernate.jpa.internal.util.LogHelper][main][31]HHH000204: Processing PersistenceUnitInfo [name: default]
[2024-04-29 21:30:08,590][INFO ][org.hibernate.Version][main][44]HHH000412: Hibernate ORM core version 6.4.4.Final
[2024-04-29 21:30:08,701][INFO ][org.hibernate.cache.internal.RegionFactoryInitiator][main][50]HHH000026: Second-level cache disabled
[2024-04-29 21:30:09,297][INFO ][org.springframework.orm.jpa.persistenceunit.SpringPersistenceUnitInfo][main][87]No LoadTimeWeaver setup: ignoring JPA class transformer
[2024-04-29 21:30:09,367][INFO ][com.zaxxer.hikari.HikariDataSource][main][110]HikariPool-1 - Starting...
[2024-04-29 21:30:09,870][INFO ][com.zaxxer.hikari.pool.HikariPool][main][565]HikariPool-1 - Added connection org.postgresql.jdbc.PgConnection@25d911a
[2024-04-29 21:30:09,877][INFO ][com.zaxxer.hikari.HikariDataSource][main][123]HikariPool-1 - Start completed.
[2024-04-29 21:30:12,600][INFO ][org.hibernate.engine.transaction.jta.platform.internal.JtaPlatformInitiator][main][58]HHH000489: No JTA platform available (set 'hibernate.transaction.jta.platform' to enable JTA platform integration)
[2024-04-29 21:30:12,650][WARN ][org.hibernate.engine.jdbc.spi.SqlExceptionHelper$StandardWarningHandler][main][238]SQL Warning Code: 0, SQLState: 00000
[2024-04-29 21:30:12,650][WARN ][org.hibernate.engine.jdbc.spi.SqlExceptionHelper$StandardWarningHandler][main][239]relation "employee" does not exist, skipping
[2024-04-29 21:30:12,653][WARN ][org.hibernate.engine.jdbc.spi.SqlExceptionHelper$StandardWarningHandler][main][238]SQL Warning Code: 0, SQLState: 00000
[2024-04-29 21:30:12,653][WARN ][org.hibernate.engine.jdbc.spi.SqlExceptionHelper$StandardWarningHandler][main][239]relation "rekening" does not exist, skipping
[2024-04-29 21:30:12,655][WARN ][org.hibernate.engine.jdbc.spi.SqlExceptionHelper$StandardWarningHandler][main][238]SQL Warning Code: 0, SQLState: 00000
[2024-04-29 21:30:12,656][WARN ][org.hibernate.engine.jdbc.spi.SqlExceptionHelper$StandardWarningHandler][main][239]table "detail_karyawan" does not exist, skipping
[2024-04-29 21:30:12,658][WARN ][org.hibernate.engine.jdbc.spi.SqlExceptionHelper$StandardWarningHandler][main][238]SQL Warning Code: 0, SQLState: 00000
[2024-04-29 21:30:12,658][WARN ][org.hibernate.engine.jdbc.spi.SqlExceptionHelper$StandardWarningHandler][main][239]table "employee" does not exist, skipping
[2024-04-29 21:30:12,659][WARN ][org.hibernate.engine.jdbc.spi.SqlExceptionHelper$StandardWarningHandler][main][238]SQL Warning Code: 0, SQLState: 00000
[2024-04-29 21:30:12,659][WARN ][org.hibernate.engine.jdbc.spi.SqlExceptionHelper$StandardWarningHandler][main][239]table "rekening" does not exist, skipping
[2024-04-29 21:30:12,745][INFO ][org.springframework.orm.jpa.AbstractEntityManagerFactoryBean][main][437]Initialized JPA EntityManagerFactory for persistence unit 'default'
[2024-04-29 21:30:13,567][INFO ][org.springframework.data.jpa.repository.query.QueryEnhancerFactory][main][49]Hibernate is in classpath; If applicable, HQL parser will be used.
[2024-04-29 21:30:14,603][WARN ][org.springframework.boot.autoconfigure.orm.jpa.JpaBaseConfiguration$JpaWebConfiguration][main][232]spring.jpa.open-in-view is enabled by default. Therefore, database queries may be performed during view rendering. Explicitly configure spring.jpa.open-in-view to disable this warning
[2024-04-29 21:30:15,545][WARN ][org.springframework.boot.autoconfigure.thymeleaf.ThymeleafAutoConfiguration$DefaultTemplateResolverConfiguration][main][101]Cannot find template location: classpath:/templates/ (please add some templates, check your Thymeleaf configuration, or set spring.thymeleaf.check-template-location=false)
[2024-04-29 21:30:15,803][INFO ][org.apache.juli.logging.DirectJDKLog][main][173]Starting ProtocolHandler ["http-nio-8081"]
[2024-04-29 21:30:15,957][INFO ][org.springframework.boot.web.embedded.tomcat.TomcatWebServer][main][241]Tomcat started on port 8081 (http) with context path ''
[2024-04-29 21:30:16,001][INFO ][org.springframework.boot.StartupInfoLogger][main][56]Started Batch7Application in 13.762 seconds (process running for 14.78)
[2024-04-29 21:30:16,030][INFO ][com.example.batch7.Batch7Application][main][15]info logging level
[2024-04-29 21:30:16,032][ERROR][com.example.batch7.Batch7Application][main][16]eror logging level
[2024-04-29 21:30:16,032][WARN ][com.example.batch7.Batch7Application][main][17]warning logging level
[2024-04-29 21:30:16,033][ERROR][com.example.batch7.Batch7Application][main][20]Error processing request
[2024-04-29 21:31:30,867][INFO ][org.springframework.orm.jpa.AbstractEntityManagerFactoryBean][SpringApplicationShutdownHook][650]Closing JPA EntityManagerFactory for persistence unit 'default'
[2024-04-29 21:31:30,897][INFO ][com.zaxxer.hikari.HikariDataSource][SpringApplicationShutdownHook][350]HikariPool-1 - Shutdown initiated...
[2024-04-29 21:31:30,902][INFO ][com.zaxxer.hikari.HikariDataSource][SpringApplicationShutdownHook][352]HikariPool-1 - Shutdown completed.
[2024-04-29 21:31:39,137][INFO ][org.springframework.boot.StartupInfoLogger][main][50]Starting Batch7Application using Java 18.0.2.1 with PID 17592 (E:\binar\Binar Batch 7\MODUL\batch7\batch7-spring-boot\target\classes started by USER in E:\binar\Binar Batch 7\MODUL\batch7\batch7-spring-boot)
[2024-04-29 21:31:39,140][INFO ][org.springframework.boot.SpringApplication][main][654]No active profile set, falling back to 1 default profile: "default"
[2024-04-29 21:31:40,584][INFO ][org.springframework.data.repository.config.RepositoryConfigurationDelegate][main][143]Bootstrapping Spring Data JPA repositories in DEFAULT mode.
[2024-04-29 21:31:40,724][INFO ][org.springframework.data.repository.config.RepositoryConfigurationDelegate][main][211]Finished Spring Data repository scanning in 118 ms. Found 1 JPA repository interface.
[2024-04-29 21:31:41,832][INFO ][org.springframework.boot.web.embedded.tomcat.TomcatWebServer][main][109]Tomcat initialized with port 8081 (http)
[2024-04-29 21:31:41,855][INFO ][org.apache.juli.logging.DirectJDKLog][main][173]Initializing ProtocolHandler ["http-nio-8081"]
[2024-04-29 21:31:41,860][INFO ][org.apache.juli.logging.DirectJDKLog][main][173]Starting service [Tomcat]
[2024-04-29 21:31:41,860][INFO ][org.apache.juli.logging.DirectJDKLog][main][173]Starting Servlet engine: [Apache Tomcat/10.1.20]
[2024-04-29 21:31:41,981][INFO ][org.apache.juli.logging.DirectJDKLog][main][173]Initializing Spring embedded WebApplicationContext
[2024-04-29 21:31:41,982][INFO ][org.springframework.boot.web.servlet.context.ServletWebServerApplicationContext][main][296]Root WebApplicationContext: initialization completed in 2690 ms
[2024-04-29 21:31:42,307][INFO ][org.hibernate.jpa.internal.util.LogHelper][main][31]HHH000204: Processing PersistenceUnitInfo [name: default]
[2024-04-29 21:31:42,427][INFO ][org.hibernate.Version][main][44]HHH000412: Hibernate ORM core version 6.4.4.Final
[2024-04-29 21:31:42,475][INFO ][org.hibernate.cache.internal.RegionFactoryInitiator][main][50]HHH000026: Second-level cache disabled
[2024-04-29 21:31:42,867][INFO ][org.springframework.orm.jpa.persistenceunit.SpringPersistenceUnitInfo][main][87]No LoadTimeWeaver setup: ignoring JPA class transformer
[2024-04-29 21:31:42,916][INFO ][com.zaxxer.hikari.HikariDataSource][main][110]HikariPool-1 - Starting...
[2024-04-29 21:31:43,365][INFO ][com.zaxxer.hikari.pool.HikariPool][main][565]HikariPool-1 - Added connection org.postgresql.jdbc.PgConnection@36df4c26
[2024-04-29 21:31:43,371][INFO ][com.zaxxer.hikari.HikariDataSource][main][123]HikariPool-1 - Start completed.
[2024-04-29 21:31:45,013][INFO ][org.hibernate.engine.transaction.jta.platform.internal.JtaPlatformInitiator][main][58]HHH000489: No JTA platform available (set 'hibernate.transaction.jta.platform' to enable JTA platform integration)
[2024-04-29 21:31:45,036][WARN ][org.hibernate.engine.jdbc.spi.SqlExceptionHelper$StandardWarningHandler][main][238]SQL Warning Code: 0, SQLState: 00000
[2024-04-29 21:31:45,036][WARN ][org.hibernate.engine.jdbc.spi.SqlExceptionHelper$StandardWarningHandler][main][239]relation "employee" does not exist, skipping
[2024-04-29 21:31:45,037][WARN ][org.hibernate.engine.jdbc.spi.SqlExceptionHelper$StandardWarningHandler][main][238]SQL Warning Code: 0, SQLState: 00000
[2024-04-29 21:31:45,038][WARN ][org.hibernate.engine.jdbc.spi.SqlExceptionHelper$StandardWarningHandler][main][239]relation "rekening" does not exist, skipping
[2024-04-29 21:31:45,039][WARN ][org.hibernate.engine.jdbc.spi.SqlExceptionHelper$StandardWarningHandler][main][238]SQL Warning Code: 0, SQLState: 00000
[2024-04-29 21:31:45,039][WARN ][org.hibernate.engine.jdbc.spi.SqlExceptionHelper$StandardWarningHandler][main][239]table "detail_karyawan" does not exist, skipping
[2024-04-29 21:31:45,039][WARN ][org.hibernate.engine.jdbc.spi.SqlExceptionHelper$StandardWarningHandler][main][238]SQL Warning Code: 0, SQLState: 00000
[2024-04-29 21:31:45,040][WARN ][org.hibernate.engine.jdbc.spi.SqlExceptionHelper$StandardWarningHandler][main][239]table "employee" does not exist, skipping
[2024-04-29 21:31:45,040][WARN ][org.hibernate.engine.jdbc.spi.SqlExceptionHelper$StandardWarningHandler][main][238]SQL Warning Code: 0, SQLState: 00000
[2024-04-29 21:31:45,040][WARN ][org.hibernate.engine.jdbc.spi.SqlExceptionHelper$StandardWarningHandler][main][239]table "rekening" does not exist, skipping
[2024-04-29 21:31:45,097][INFO ][org.springframework.orm.jpa.AbstractEntityManagerFactoryBean][main][437]Initialized JPA EntityManagerFactory for persistence unit 'default'
[2024-04-29 21:31:45,595][INFO ][org.springframework.data.jpa.repository.query.QueryEnhancerFactory][main][49]Hibernate is in classpath; If applicable, HQL parser will be used.
[2024-04-29 21:31:46,371][WARN ][org.springframework.boot.autoconfigure.orm.jpa.JpaBaseConfiguration$JpaWebConfiguration][main][232]spring.jpa.open-in-view is enabled by default. Therefore, database queries may be performed during view rendering. Explicitly configure spring.jpa.open-in-view to disable this warning
[2024-04-29 21:31:47,305][WARN ][org.springframework.boot.autoconfigure.thymeleaf.ThymeleafAutoConfiguration$DefaultTemplateResolverConfiguration][main][101]Cannot find template location: classpath:/templates/ (please add some templates, check your Thymeleaf configuration, or set spring.thymeleaf.check-template-location=false)
[2024-04-29 21:31:47,461][INFO ][org.apache.juli.logging.DirectJDKLog][main][173]Starting ProtocolHandler ["http-nio-8081"]
[2024-04-29 21:31:47,510][INFO ][org.springframework.boot.web.embedded.tomcat.TomcatWebServer][main][241]Tomcat started on port 8081 (http) with context path ''
[2024-04-29 21:31:47,557][INFO ][org.springframework.boot.StartupInfoLogger][main][56]Started Batch7Application in 9.651 seconds (process running for 10.461)
[2024-04-29 21:31:47,624][INFO ][com.example.batch7.Batch7Application][main][15]info logging level
[2024-04-29 21:31:47,625][ERROR][com.example.batch7.Batch7Application][main][16]eror logging level
[2024-04-29 21:31:47,626][WARN ][com.example.batch7.Batch7Application][main][17]warning logging level
[2024-04-29 21:31:47,626][ERROR][com.example.batch7.Batch7Application][main][20]Error processing request
[2024-04-29 21:41:52,664][INFO ][org.springframework.orm.jpa.AbstractEntityManagerFactoryBean][SpringApplicationShutdownHook][650]Closing JPA EntityManagerFactory for persistence unit 'default'
[2024-04-29 21:41:52,817][INFO ][com.zaxxer.hikari.HikariDataSource][SpringApplicationShutdownHook][350]HikariPool-1 - Shutdown initiated...
[2024-04-29 21:41:52,842][INFO ][com.zaxxer.hikari.HikariDataSource][SpringApplicationShutdownHook][352]HikariPool-1 - Shutdown completed.
[2024-04-29 21:42:03,857][INFO ][org.springframework.boot.StartupInfoLogger][main][50]Starting Batch7Application using Java 18.0.2.1 with PID 20672 (E:\binar\Binar Batch 7\MODUL\batch7\batch7-spring-boot\target\classes started by USER in E:\binar\Binar Batch 7\MODUL\batch7\batch7-spring-boot)
[2024-04-29 21:42:03,869][INFO ][org.springframework.boot.SpringApplication][main][654]No active profile set, falling back to 1 default profile: "default"
[2024-04-29 21:42:05,785][INFO ][org.springframework.data.repository.config.RepositoryConfigurationDelegate][main][143]Bootstrapping Spring Data JPA repositories in DEFAULT mode.
[2024-04-29 21:42:05,934][INFO ][org.springframework.data.repository.config.RepositoryConfigurationDelegate][main][211]Finished Spring Data repository scanning in 130 ms. Found 1 JPA repository interface.
[2024-04-29 21:42:07,235][INFO ][org.springframework.boot.web.embedded.tomcat.TomcatWebServer][main][109]Tomcat initialized with port 8081 (http)
[2024-04-29 21:42:07,268][INFO ][org.apache.juli.logging.DirectJDKLog][main][173]Initializing ProtocolHandler ["http-nio-8081"]
[2024-04-29 21:42:07,272][INFO ][org.apache.juli.logging.DirectJDKLog][main][173]Starting service [Tomcat]
[2024-04-29 21:42:07,272][INFO ][org.apache.juli.logging.DirectJDKLog][main][173]Starting Servlet engine: [Apache Tomcat/10.1.20]
[2024-04-29 21:42:07,423][INFO ][org.apache.juli.logging.DirectJDKLog][main][173]Initializing Spring embedded WebApplicationContext
[2024-04-29 21:42:07,424][INFO ][org.springframework.boot.web.servlet.context.ServletWebServerApplicationContext][main][296]Root WebApplicationContext: initialization completed in 3342 ms
[2024-04-29 21:42:07,845][INFO ][org.hibernate.jpa.internal.util.LogHelper][main][31]HHH000204: Processing PersistenceUnitInfo [name: default]
[2024-04-29 21:42:08,034][INFO ][org.hibernate.Version][main][44]HHH000412: Hibernate ORM core version 6.4.4.Final
[2024-04-29 21:42:08,114][INFO ][org.hibernate.cache.internal.RegionFactoryInitiator][main][50]HHH000026: Second-level cache disabled
[2024-04-29 21:42:08,585][INFO ][org.springframework.orm.jpa.persistenceunit.SpringPersistenceUnitInfo][main][87]No LoadTimeWeaver setup: ignoring JPA class transformer
[2024-04-29 21:42:08,638][INFO ][com.zaxxer.hikari.HikariDataSource][main][110]HikariPool-1 - Starting...
[2024-04-29 21:42:09,011][INFO ][com.zaxxer.hikari.pool.HikariPool][main][565]HikariPool-1 - Added connection org.postgresql.jdbc.PgConnection@36b53f08
[2024-04-29 21:42:09,014][INFO ][com.zaxxer.hikari.HikariDataSource][main][123]HikariPool-1 - Start completed.
[2024-04-29 21:42:11,088][INFO ][org.hibernate.engine.transaction.jta.platform.internal.JtaPlatformInitiator][main][58]HHH000489: No JTA platform available (set 'hibernate.transaction.jta.platform' to enable JTA platform integration)
[2024-04-29 21:42:11,118][WARN ][org.hibernate.engine.jdbc.spi.SqlExceptionHelper$StandardWarningHandler][main][238]SQL Warning Code: 0, SQLState: 00000
[2024-04-29 21:42:11,119][WARN ][org.hibernate.engine.jdbc.spi.SqlExceptionHelper$StandardWarningHandler][main][239]relation "employee" does not exist, skipping
[2024-04-29 21:42:11,120][WARN ][org.hibernate.engine.jdbc.spi.SqlExceptionHelper$StandardWarningHandler][main][238]SQL Warning Code: 0, SQLState: 00000
[2024-04-29 21:42:11,120][WARN ][org.hibernate.engine.jdbc.spi.SqlExceptionHelper$StandardWarningHandler][main][239]relation "rekening" does not exist, skipping
[2024-04-29 21:42:11,121][WARN ][org.hibernate.engine.jdbc.spi.SqlExceptionHelper$StandardWarningHandler][main][238]SQL Warning Code: 0, SQLState: 00000
[2024-04-29 21:42:11,121][WARN ][org.hibernate.engine.jdbc.spi.SqlExceptionHelper$StandardWarningHandler][main][239]table "detail_karyawan" does not exist, skipping
[2024-04-29 21:42:11,122][WARN ][org.hibernate.engine.jdbc.spi.SqlExceptionHelper$StandardWarningHandler][main][238]SQL Warning Code: 0, SQLState: 00000
[2024-04-29 21:42:11,122][WARN ][org.hibernate.engine.jdbc.spi.SqlExceptionHelper$StandardWarningHandler][main][239]table "employee" does not exist, skipping
[2024-04-29 21:42:11,123][WARN ][org.hibernate.engine.jdbc.spi.SqlExceptionHelper$StandardWarningHandler][main][238]SQL Warning Code: 0, SQLState: 00000
[2024-04-29 21:42:11,123][WARN ][org.hibernate.engine.jdbc.spi.SqlExceptionHelper$StandardWarningHandler][main][239]table "rekening" does not exist, skipping
[2024-04-29 21:42:11,124][WARN ][org.hibernate.engine.jdbc.spi.SqlExceptionHelper$StandardWarningHandler][main][238]SQL Warning Code: 0, SQLState: 00000
[2024-04-29 21:42:11,124][WARN ][org.hibernate.engine.jdbc.spi.SqlExceptionHelper$StandardWarningHandler][main][239]table "training" does not exist, skipping
[2024-04-29 21:42:11,206][INFO ][org.springframework.orm.jpa.AbstractEntityManagerFactoryBean][main][437]Initialized JPA EntityManagerFactory for persistence unit 'default'
[2024-04-29 21:42:11,957][INFO ][org.springframework.data.jpa.repository.query.QueryEnhancerFactory][main][49]Hibernate is in classpath; If applicable, HQL parser will be used.
[2024-04-29 21:42:12,761][WARN ][org.springframework.boot.autoconfigure.orm.jpa.JpaBaseConfiguration$JpaWebConfiguration][main][232]spring.jpa.open-in-view is enabled by default. Therefore, database queries may be performed during view rendering. Explicitly configure spring.jpa.open-in-view to disable this warning
[2024-04-29 21:42:13,407][WARN ][org.springframework.boot.autoconfigure.thymeleaf.ThymeleafAutoConfiguration$DefaultTemplateResolverConfiguration][main][101]Cannot find template location: classpath:/templates/ (please add some templates, check your Thymeleaf configuration, or set spring.thymeleaf.check-template-location=false)
[2024-04-29 21:42:13,568][INFO ][org.apache.juli.logging.DirectJDKLog][main][173]Starting ProtocolHandler ["http-nio-8081"]
[2024-04-29 21:42:13,641][INFO ][org.springframework.boot.web.embedded.tomcat.TomcatWebServer][main][241]Tomcat started on port 8081 (http) with context path ''
[2024-04-29 21:42:13,663][INFO ][org.springframework.boot.StartupInfoLogger][main][56]Started Batch7Application in 11.256 seconds (process running for 12.201)
[2024-04-29 21:42:13,670][INFO ][com.example.batch7.Batch7Application][main][15]info logging level
[2024-04-29 21:42:13,671][ERROR][com.example.batch7.Batch7Application][main][16]eror logging level
[2024-04-29 21:42:13,671][WARN ][com.example.batch7.Batch7Application][main][17]warning logging level
[2024-04-29 21:42:13,672][ERROR][com.example.batch7.Batch7Application][main][20]Error processing request
[2024-04-29 21:43:30,392][INFO ][org.springframework.orm.jpa.AbstractEntityManagerFactoryBean][SpringApplicationShutdownHook][650]Closing JPA EntityManagerFactory for persistence unit 'default'
[2024-04-29 21:43:30,432][INFO ][com.zaxxer.hikari.HikariDataSource][SpringApplicationShutdownHook][350]HikariPool-1 - Shutdown initiated...
[2024-04-29 21:43:30,436][INFO ][com.zaxxer.hikari.HikariDataSource][SpringApplicationShutdownHook][352]HikariPool-1 - Shutdown completed.
[2024-04-29 21:43:39,048][INFO ][org.springframework.boot.StartupInfoLogger][main][50]Starting Batch7Application using Java 18.0.2.1 with PID 9700 (E:\binar\Binar Batch 7\MODUL\batch7\batch7-spring-boot\target\classes started by USER in E:\binar\Binar Batch 7\MODUL\batch7\batch7-spring-boot)
[2024-04-29 21:43:39,053][INFO ][org.springframework.boot.SpringApplication][main][654]No active profile set, falling back to 1 default profile: "default"
[2024-04-29 21:43:40,852][INFO ][org.springframework.data.repository.config.RepositoryConfigurationDelegate][main][143]Bootstrapping Spring Data JPA repositories in DEFAULT mode.
[2024-04-29 21:43:41,034][INFO ][org.springframework.data.repository.config.RepositoryConfigurationDelegate][main][211]Finished Spring Data repository scanning in 165 ms. Found 1 JPA repository interface.
[2024-04-29 21:43:42,393][INFO ][org.springframework.boot.web.embedded.tomcat.TomcatWebServer][main][109]Tomcat initialized with port 8081 (http)
[2024-04-29 21:43:42,415][INFO ][org.apache.juli.logging.DirectJDKLog][main][173]Initializing ProtocolHandler ["http-nio-8081"]
[2024-04-29 21:43:42,425][INFO ][org.apache.juli.logging.DirectJDKLog][main][173]Starting service [Tomcat]
[2024-04-29 21:43:42,426][INFO ][org.apache.juli.logging.DirectJDKLog][main][173]Starting Servlet engine: [Apache Tomcat/10.1.20]
[2024-04-29 21:43:42,570][INFO ][org.apache.juli.logging.DirectJDKLog][main][173]Initializing Spring embedded WebApplicationContext
[2024-04-29 21:43:42,572][INFO ][org.springframework.boot.web.servlet.context.ServletWebServerApplicationContext][main][296]Root WebApplicationContext: initialization completed in 3378 ms
[2024-04-29 21:43:42,942][INFO ][org.hibernate.jpa.internal.util.LogHelper][main][31]HHH000204: Processing PersistenceUnitInfo [name: default]
[2024-04-29 21:43:43,083][INFO ][org.hibernate.Version][main][44]HHH000412: Hibernate ORM core version 6.4.4.Final
[2024-04-29 21:43:43,182][INFO ][org.hibernate.cache.internal.RegionFactoryInitiator][main][50]HHH000026: Second-level cache disabled
[2024-04-29 21:43:43,617][INFO ][org.springframework.orm.jpa.persistenceunit.SpringPersistenceUnitInfo][main][87]No LoadTimeWeaver setup: ignoring JPA class transformer
[2024-04-29 21:43:43,691][INFO ][com.zaxxer.hikari.HikariDataSource][main][110]HikariPool-1 - Starting...
[2024-04-29 21:43:44,068][INFO ][com.zaxxer.hikari.pool.HikariPool][main][565]HikariPool-1 - Added connection org.postgresql.jdbc.PgConnection@3b770d07
[2024-04-29 21:43:44,072][INFO ][com.zaxxer.hikari.HikariDataSource][main][123]HikariPool-1 - Start completed.
[2024-04-29 21:43:46,131][INFO ][org.hibernate.engine.transaction.jta.platform.internal.JtaPlatformInitiator][main][58]HHH000489: No JTA platform available (set 'hibernate.transaction.jta.platform' to enable JTA platform integration)
[2024-04-29 21:43:46,160][WARN ][org.hibernate.engine.jdbc.spi.SqlExceptionHelper$StandardWarningHandler][main][238]SQL Warning Code: 0, SQLState: 00000
[2024-04-29 21:43:46,161][WARN ][org.hibernate.engine.jdbc.spi.SqlExceptionHelper$StandardWarningHandler][main][239]relation "employee" does not exist, skipping
[2024-04-29 21:43:46,163][WARN ][org.hibernate.engine.jdbc.spi.SqlExceptionHelper$StandardWarningHandler][main][238]SQL Warning Code: 0, SQLState: 00000
[2024-04-29 21:43:46,164][WARN ][org.hibernate.engine.jdbc.spi.SqlExceptionHelper$StandardWarningHandler][main][239]relation "karyawan_training" does not exist, skipping
[2024-04-29 21:43:46,164][WARN ][org.hibernate.engine.jdbc.spi.SqlExceptionHelper$StandardWarningHandler][main][238]SQL Warning Code: 0, SQLState: 00000
[2024-04-29 21:43:46,165][WARN ][org.hibernate.engine.jdbc.spi.SqlExceptionHelper$StandardWarningHandler][main][239]relation "karyawan_training" does not exist, skipping
[2024-04-29 21:43:46,166][WARN ][org.hibernate.engine.jdbc.spi.SqlExceptionHelper$StandardWarningHandler][main][238]SQL Warning Code: 0, SQLState: 00000
[2024-04-29 21:43:46,166][WARN ][org.hibernate.engine.jdbc.spi.SqlExceptionHelper$StandardWarningHandler][main][239]relation "rekening" does not exist, skipping
[2024-04-29 21:43:46,167][WARN ][org.hibernate.engine.jdbc.spi.SqlExceptionHelper$StandardWarningHandler][main][238]SQL Warning Code: 0, SQLState: 00000
[2024-04-29 21:43:46,167][WARN ][org.hibernate.engine.jdbc.spi.SqlExceptionHelper$StandardWarningHandler][main][239]table "detail_karyawan" does not exist, skipping
[2024-04-29 21:43:46,169][WARN ][org.hibernate.engine.jdbc.spi.SqlExceptionHelper$StandardWarningHandler][main][238]SQL Warning Code: 0, SQLState: 00000
[2024-04-29 21:43:46,169][WARN ][org.hibernate.engine.jdbc.spi.SqlExceptionHelper$StandardWarningHandler][main][239]table "employee" does not exist, skipping
[2024-04-29 21:43:46,172][WARN ][org.hibernate.engine.jdbc.spi.SqlExceptionHelper$StandardWarningHandler][main][238]SQL Warning Code: 0, SQLState: 00000
[2024-04-29 21:43:46,172][WARN ][org.hibernate.engine.jdbc.spi.SqlExceptionHelper$StandardWarningHandler][main][239]table "karyawan_training" does not exist, skipping
[2024-04-29 21:43:46,174][WARN ][org.hibernate.engine.jdbc.spi.SqlExceptionHelper$StandardWarningHandler][main][238]SQL Warning Code: 0, SQLState: 00000
[2024-04-29 21:43:46,174][WARN ][org.hibernate.engine.jdbc.spi.SqlExceptionHelper$StandardWarningHandler][main][239]table "rekening" does not exist, skipping
[2024-04-29 21:43:46,175][WARN ][org.hibernate.engine.jdbc.spi.SqlExceptionHelper$StandardWarningHandler][main][238]SQL Warning Code: 0, SQLState: 00000
[2024-04-29 21:43:46,175][WARN ][org.hibernate.engine.jdbc.spi.SqlExceptionHelper$StandardWarningHandler][main][239]table "training" does not exist, skipping
[2024-04-29 21:43:46,268][INFO ][org.springframework.orm.jpa.AbstractEntityManagerFactoryBean][main][437]Initialized JPA EntityManagerFactory for persistence unit 'default'
[2024-04-29 21:43:47,060][INFO ][org.springframework.data.jpa.repository.query.QueryEnhancerFactory][main][49]Hibernate is in classpath; If applicable, HQL parser will be used.
[2024-04-29 21:43:48,200][WARN ][org.springframework.boot.autoconfigure.orm.jpa.JpaBaseConfiguration$JpaWebConfiguration][main][232]spring.jpa.open-in-view is enabled by default. Therefore, database queries may be performed during view rendering. Explicitly configure spring.jpa.open-in-view to disable this warning
[2024-04-29 21:43:48,817][WARN ][org.springframework.boot.autoconfigure.thymeleaf.ThymeleafAutoConfiguration$DefaultTemplateResolverConfiguration][main][101]Cannot find template location: classpath:/templates/ (please add some templates, check your Thymeleaf configuration, or set spring.thymeleaf.check-template-location=false)
[2024-04-29 21:43:48,966][INFO ][org.apache.juli.logging.DirectJDKLog][main][173]Starting ProtocolHandler ["http-nio-8081"]
[2024-04-29 21:43:49,035][INFO ][org.springframework.boot.web.embedded.tomcat.TomcatWebServer][main][241]Tomcat started on port 8081 (http) with context path ''
[2024-04-29 21:43:49,062][INFO ][org.springframework.boot.StartupInfoLogger][main][56]Started Batch7Application in 11.241 seconds (process running for 12.173)
[2024-04-29 21:43:49,068][INFO ][com.example.batch7.Batch7Application][main][15]info logging level
[2024-04-29 21:43:49,069][ERROR][com.example.batch7.Batch7Application][main][16]eror logging level
[2024-04-29 21:43:49,070][WARN ][com.example.batch7.Batch7Application][main][17]warning logging level
[2024-04-29 21:43:49,073][ERROR][com.example.batch7.Batch7Application][main][20]Error processing request
